
> comicwise@0.1.0 type-check C:\Users\Alexa\Desktop\SandBox\comicwise
> tsc --noEmit

src/components/shadcn-studio/blocks/chart-sales-metrics.tsx(40,12): error TS1005: ':' expected.
src/components/shadcn-studio/blocks/chart-sales-metrics.tsx(40,16): error TS1005: ',' expected.
src/services/upload/providers/imagekit.ts(162,9): error TS1136: Property assignment expected.
src/services/upload/providers/imagekit.ts(168,7): error TS1135: Argument expression expected.
src/services/upload/providers/imagekit.ts(168,8): error TS1135: Argument expression expected.
src/services/upload/providers/imagekit.ts(169,5): error TS1135: Argument expression expected.
src/services/upload/providers/imagekit.ts(169,6): error TS1068: Unexpected token. A constructor, method, accessor, or property was expected.
src/services/upload/providers/imagekit.ts(175,24): error TS1005: ',' expected.
src/services/upload/providers/imagekit.ts(175,33): error TS1005: ';' expected.
src/services/upload/providers/imagekit.ts(176,12): error TS1005: ':' expected.
src/services/upload/providers/imagekit.ts(181,6): error TS1005: ',' expected.
src/services/upload/providers/imagekit.ts(187,3): error TS1128: Declaration or statement expected.
src/services/upload/providers/imagekit.ts(187,46): error TS1109: Expression expected.
src/services/upload/providers/imagekit.ts(187,72): error TS1005: ';' expected.
src/services/upload/providers/imagekit.ts(188,9): error TS1005: ']' expected.
src/services/upload/providers/imagekit.ts(188,17): error TS1005: ',' expected.
src/services/upload/providers/imagekit.ts(188,18): error TS1136: Property assignment expected.
src/services/upload/providers/imagekit.ts(188,26): error TS1005: ',' expected.
src/services/upload/providers/imagekit.ts(190,9): error TS1003: Identifier expected.
src/services/upload/providers/imagekit.ts(194,5): error TS1005: ',' expected.
src/services/upload/providers/imagekit.ts(194,11): error TS1005: ':' expected.
src/services/upload/providers/imagekit.ts(194,30): error TS1005: ',' expected.
src/services/upload/providers/imagekit.ts(194,38): error TS1005: '>' expected.
src/services/upload/providers/imagekit.ts(194,44): error TS1005: ',' expected.
src/services/upload/providers/imagekit.ts(194,53): error TS1005: ';' expected.
src/services/upload/providers/imagekit.ts(194,63): error TS1005: ',' expected.
src/services/upload/providers/imagekit.ts(194,65): error TS1109: Expression expected.
src/services/upload/providers/imagekit.ts(223,3): error TS1128: Declaration or statement expected.
src/services/upload/providers/imagekit.ts(228,3): error TS1128: Declaration or statement expected.
src/services/upload/providers/imagekit.ts(228,32): error TS1005: ',' expected.
src/services/upload/providers/imagekit.ts(228,56): error TS1005: ',' expected.
src/services/upload/providers/imagekit.ts(228,82): error TS1005: ';' expected.
src/services/upload/providers/imagekit.ts(228,84): error TS1434: Unexpected keyword or identifier.
src/services/upload/providers/imagekit.ts(238,3): error TS1434: Unexpected keyword or identifier.
src/services/upload/providers/imagekit.ts(239,10): error TS1005: ',' expected.
src/services/upload/providers/imagekit.ts(240,12): error TS1005: ',' expected.
src/services/upload/providers/imagekit.ts(241,4): error TS1005: ';' expected.
src/services/upload/providers/imagekit.ts(241,27): error TS1011: An element access expression should take an argument.
src/services/upload/providers/imagekit.ts(242,11): error TS1005: ':' expected.
src/services/upload/providers/imagekit.ts(242,18): error TS1005: ',' expected.
src/services/upload/providers/imagekit.ts(242,32): error TS1005: ',' expected.
src/services/upload/providers/imagekit.ts(242,33): error TS1109: Expression expected.
src/services/upload/providers/imagekit.ts(242,35): error TS1005: ':' expected.
src/services/upload/providers/imagekit.ts(242,39): error TS1005: ',' expected.
src/services/upload/providers/imagekit.ts(244,10): error TS1359: Identifier expected. 'const' is a reserved word that cannot be used here.
src/services/upload/providers/imagekit.ts(244,16): error TS1005: ',' expected.
src/services/upload/providers/imagekit.ts(244,21): error TS1005: ',' expected.
src/services/upload/providers/imagekit.ts(244,24): error TS1005: ',' expected.
src/services/upload/providers/imagekit.ts(254,5): error TS1005: ',' expected.
src/services/upload/providers/imagekit.ts(254,12): error TS1005: ':' expected.
src/services/upload/providers/imagekit.ts(254,19): error TS1005: ',' expected.
src/services/upload/providers/imagekit.ts(256,1): error TS1128: Declaration or statement expected.
ΓÇëELIFECYCLEΓÇë Command failed with exit code 2.
