
> comicwise@0.1.0 type-check C:\Users\Alexa\Desktop\SandBox\comicwise
> tsc --noEmit

scripts/cli/commands/health.ts(44,17): error TS2339: Property 'verbose' does not exist on type 'T'.
scripts/fixAllErrorsAuto.ts(122,31): error TS2304: Cannot find name 'database'.
scripts/fixAllErrorsAuto.ts(122,31): error TS2769: No overload matches this call.
  The last overload gave the following error.
    Argument of type 'number' is not assignable to parameter of type 'string | RegExp'.
scripts/fixAllErrorsAuto.ts(122,45): error TS2304: Cannot find name 'g'.
scripts/uploadBulk.ts(87,47): error TS2307: Cannot find module '/services/upload/providers/s3' or its corresponding type declarations.
src/app/(root)/comics/page.tsx(9,48): error TS2307: Cannot find module '@/typesdatabase' or its corresponding type declarations.
src/app/admin/artists/[id]/page.tsx(1,28): error TS2307: Cannot find module 'app/admin/artists/[id]/EditArtistForm' or its corresponding type declarations.
src/app/admin/authors/[id]/page.tsx(1,28): error TS2307: Cannot find module 'app/admin/authors/[id]/EditAuthorForm' or its corresponding type declarations.
src/app/admin/chapters/[id]/page.tsx(1,29): error TS2307: Cannot find module 'app/admin/chapters/[id]/EditChapterForm' or its corresponding type declarations.
src/app/admin/genres/[id]/page.tsx(1,27): error TS2307: Cannot find module 'app/admin/genres/[id]/EditGenreForm' or its corresponding type declarations.
src/app/admin/types/[id]/page.tsx(1,26): error TS2307: Cannot find module 'app/admin/types/[id]/EditTypeForm' or its corresponding type declarations.
src/app/admin/users/[id]/page.tsx(1,26): error TS2307: Cannot find module 'app/admin/users/[id]/EditUserForm' or its corresponding type declarations.
src/app/admin/users/page.tsx(3,10): error TS2459: Module '"database"' declares 'user' locally, but it is not exported.
src/app/api/artists/[id]/route.ts(10,8): error TS2307: Cannot find module '@/app/apilib/generic-crud' or its corresponding type declarations.
src/app/api/authors/[id]/route.ts(10,8): error TS2307: Cannot find module '@/app/apilib/generic-crud' or its corresponding type declarations.
src/app/api/types/[id]/route.ts(10,8): error TS2307: Cannot find module '@/app/apilib/generic-crud' or its corresponding type declarations.
src/app/api/upload/route.ts(49,10): error TS18048: 'appConfig.upload.imageKit' is possibly 'undefined'.
src/app/api/upload/route.ts(49,36): error TS2339: Property 'enabled' does not exist on type '{ publicKey: string; privateKey: string; urlEndpoint: string; }'.
src/app/dashboard/page.tsx(8,18): error TS2307: Cannot find module 'app/dashboard/data.json' or its corresponding type declarations.
src/app/Providers.tsx(9,35): error TS2307: Cannot find module 'ui/sonner' or its corresponding type declarations.
src/app/Providers.tsx(21,21): error TS2322: Type '{ richColors: true; closeButton: true; }' is not assignable to type 'IntrinsicAttributes'.
  Property 'richColors' does not exist on type 'IntrinsicAttributes'.
src/components/admin/AdminUsersOptimized.tsx(32,27): error TS2307: Cannot find module '@/typesdatabase' or its corresponding type declarations.
src/components/admin/BaseForm.tsx(76,24): error TS2344: Type 'output<T>' does not satisfy the constraint 'FieldValues'.
  Type 'unknown' is not assignable to type 'FieldValues'.
src/components/admin/BaseForm.tsx(77,27): error TS2769: No overload matches this call.
  Overload 1 of 4, '(schema: Zod3Type<unknown, FieldValues>, schemaOptions?: ParseParams | undefined, resolverOptions?: NonRawResolverOptions | undefined): Resolver<...>', gave the following error.
    Argument of type 'T' is not assignable to parameter of type 'Zod3Type<unknown, FieldValues>'.
      Type 'ZodType<unknown, unknown, $ZodTypeInternals<unknown, unknown>>' is not assignable to type 'Zod3Type<unknown, FieldValues>'.
        Types of property '_input' are incompatible.
          Type 'unknown' is not assignable to type 'FieldValues'.
  Overload 2 of 4, '(schema: $ZodType<unknown, FieldValues, $ZodTypeInternals<unknown, FieldValues>>, schemaOptions?: ParseContext<$ZodIssue> | undefined, resolverOptions?: NonRawResolverOptions | undefined): Resolver<...>', gave the following error.
    Argument of type 'T' is not assignable to parameter of type '$ZodType<unknown, FieldValues, $ZodTypeInternals<unknown, FieldValues>>'.
      Type 'ZodType<unknown, unknown, $ZodTypeInternals<unknown, unknown>>' is not assignable to type '$ZodType<unknown, FieldValues, $ZodTypeInternals<unknown, FieldValues>>'.
        Types of property '_zod' are incompatible.
          Type '$ZodTypeInternals<unknown, unknown>' is not assignable to type '$ZodTypeInternals<unknown, FieldValues>'.
            Type 'unknown' is not assignable to type 'FieldValues'.
src/components/admin/BaseForm.tsx(91,79): error TS2344: Type 'output<T>' does not satisfy the constraint 'FieldValues'.
  Type 'unknown' is not assignable to type 'FieldValues'.
src/components/admin/BaseForm.tsx(99,13): error TS2322: Type 'Control<output<T>, any, output<T>>' is not assignable to type 'Control<FieldValues, any, FieldValues>'.
  The types of '_subjects.state' are incompatible between these types.
    Type 'FormStateSubjectRef<output<T>>' is not assignable to type 'FormStateSubjectRef<FieldValues>'.
      Type 'FormStateSubjectRef<output<T>>' is not assignable to type '{ readonly observers: Observer<Partial<FormState<FieldValues>> & { name?: string | undefined; values?: FieldValues | undefined; type?: EventType | undefined; }>[]; subscribe: (value: Observer<...>) => Subscription; unsubscribe: Noop; }'.
        Types of property 'observers' are incompatible.
          Type 'Observer<Partial<FormState<output<T>>> & { name?: string | undefined; values?: output<T> | undefined; type?: EventType | undefined; }>[]' is not assignable to type 'Observer<Partial<FormState<FieldValues>> & { name?: string | undefined; values?: FieldValues | undefined; type?: EventType | undefined; }>[]'.
            Type 'Observer<Partial<FormState<output<T>>> & { name?: string | undefined; values?: output<T> | undefined; type?: EventType | undefined; }>' is not assignable to type 'Observer<Partial<FormState<FieldValues>> & { name?: string | undefined; values?: FieldValues | undefined; type?: EventType | undefined; }>'.
              Type 'Partial<FormState<FieldValues>> & { name?: string | undefined; values?: FieldValues | undefined; type?: EventType | undefined; }' is not assignable to type 'Partial<FormState<output<T>>> & { name?: string | undefined; values?: output<T> | undefined; type?: EventType | undefined; }'.
                Type 'Partial<FormState<FieldValues>> & { name?: string | undefined; values?: FieldValues | undefined; type?: EventType | undefined; }' is not assignable to type 'Partial<FormState<output<T>>>'.
                  Types of property 'defaultValues' are incompatible.
                    Type 'Readonly<{ [x: string]: any; }> | undefined' is not assignable to type 'Readonly<DeepPartial<output<T>>> | undefined'.
                      Type 'Readonly<{ [x: string]: any; }>' is not assignable to type 'Readonly<DeepPartial<output<T>>>'.
src/components/admin/BaseForm.tsx(122,13): error TS2322: Type 'Control<output<T>, any, output<T>>' is not assignable to type 'Control<FieldValues, any, FieldValues>'.
  The types of '_subjects.state' are incompatible between these types.
    Type 'FormStateSubjectRef<output<T>>' is not assignable to type 'FormStateSubjectRef<FieldValues>'.
      Type 'FormStateSubjectRef<output<T>>' is not assignable to type '{ readonly observers: Observer<Partial<FormState<FieldValues>> & { name?: string | undefined; values?: FieldValues | undefined; type?: EventType | undefined; }>[]; subscribe: (value: Observer<...>) => Subscription; unsubscribe: Noop; }'.
        Types of property 'observers' are incompatible.
          Type 'Observer<Partial<FormState<output<T>>> & { name?: string | undefined; values?: output<T> | undefined; type?: EventType | undefined; }>[]' is not assignable to type 'Observer<Partial<FormState<FieldValues>> & { name?: string | undefined; values?: FieldValues | undefined; type?: EventType | undefined; }>[]'.
            Type 'Observer<Partial<FormState<output<T>>> & { name?: string | undefined; values?: output<T> | undefined; type?: EventType | undefined; }>' is not assignable to type 'Observer<Partial<FormState<FieldValues>> & { name?: string | undefined; values?: FieldValues | undefined; type?: EventType | undefined; }>'.
              Type 'Partial<FormState<FieldValues>> & { name?: string | undefined; values?: FieldValues | undefined; type?: EventType | undefined; }' is not assignable to type 'Partial<FormState<output<T>>> & { name?: string | undefined; values?: output<T> | undefined; type?: EventType | undefined; }'.
                Type 'Partial<FormState<FieldValues>> & { name?: string | undefined; values?: FieldValues | undefined; type?: EventType | undefined; }' is not assignable to type 'Partial<FormState<output<T>>>'.
                  Types of property 'defaultValues' are incompatible.
                    Type 'Readonly<{ [x: string]: any; }> | undefined' is not assignable to type 'Readonly<DeepPartial<output<T>>> | undefined'.
                      Type 'Readonly<{ [x: string]: any; }>' is not assignable to type 'Readonly<DeepPartial<output<T>>>'.
src/components/admin/BaseForm.tsx(156,13): error TS2322: Type 'Control<output<T>, any, output<T>>' is not assignable to type 'Control<FieldValues, any, FieldValues>'.
  The types of '_subjects.state' are incompatible between these types.
    Type 'FormStateSubjectRef<output<T>>' is not assignable to type 'FormStateSubjectRef<FieldValues>'.
      Type 'FormStateSubjectRef<output<T>>' is not assignable to type '{ readonly observers: Observer<Partial<FormState<FieldValues>> & { name?: string | undefined; values?: FieldValues | undefined; type?: EventType | undefined; }>[]; subscribe: (value: Observer<...>) => Subscription; unsubscribe: Noop; }'.
        Types of property 'observers' are incompatible.
          Type 'Observer<Partial<FormState<output<T>>> & { name?: string | undefined; values?: output<T> | undefined; type?: EventType | undefined; }>[]' is not assignable to type 'Observer<Partial<FormState<FieldValues>> & { name?: string | undefined; values?: FieldValues | undefined; type?: EventType | undefined; }>[]'.
            Type 'Observer<Partial<FormState<output<T>>> & { name?: string | undefined; values?: output<T> | undefined; type?: EventType | undefined; }>' is not assignable to type 'Observer<Partial<FormState<FieldValues>> & { name?: string | undefined; values?: FieldValues | undefined; type?: EventType | undefined; }>'.
              Type 'Partial<FormState<FieldValues>> & { name?: string | undefined; values?: FieldValues | undefined; type?: EventType | undefined; }' is not assignable to type 'Partial<FormState<output<T>>> & { name?: string | undefined; values?: output<T> | undefined; type?: EventType | undefined; }'.
                Type 'Partial<FormState<FieldValues>> & { name?: string | undefined; values?: FieldValues | undefined; type?: EventType | undefined; }' is not assignable to type 'Partial<FormState<output<T>>>'.
                  Types of property 'defaultValues' are incompatible.
                    Type 'Readonly<{ [x: string]: any; }> | undefined' is not assignable to type 'Readonly<DeepPartial<output<T>>> | undefined'.
                      Type 'Readonly<{ [x: string]: any; }>' is not assignable to type 'Readonly<DeepPartial<output<T>>>'.
src/components/admin/BaseForm.tsx(184,13): error TS2322: Type 'Control<output<T>, any, output<T>>' is not assignable to type 'Control<FieldValues, any, FieldValues>'.
  The types of '_subjects.state' are incompatible between these types.
    Type 'FormStateSubjectRef<output<T>>' is not assignable to type 'FormStateSubjectRef<FieldValues>'.
      Type 'FormStateSubjectRef<output<T>>' is not assignable to type '{ readonly observers: Observer<Partial<FormState<FieldValues>> & { name?: string | undefined; values?: FieldValues | undefined; type?: EventType | undefined; }>[]; subscribe: (value: Observer<...>) => Subscription; unsubscribe: Noop; }'.
        Types of property 'observers' are incompatible.
          Type 'Observer<Partial<FormState<output<T>>> & { name?: string | undefined; values?: output<T> | undefined; type?: EventType | undefined; }>[]' is not assignable to type 'Observer<Partial<FormState<FieldValues>> & { name?: string | undefined; values?: FieldValues | undefined; type?: EventType | undefined; }>[]'.
            Type 'Observer<Partial<FormState<output<T>>> & { name?: string | undefined; values?: output<T> | undefined; type?: EventType | undefined; }>' is not assignable to type 'Observer<Partial<FormState<FieldValues>> & { name?: string | undefined; values?: FieldValues | undefined; type?: EventType | undefined; }>'.
              Type 'Partial<FormState<FieldValues>> & { name?: string | undefined; values?: FieldValues | undefined; type?: EventType | undefined; }' is not assignable to type 'Partial<FormState<output<T>>> & { name?: string | undefined; values?: output<T> | undefined; type?: EventType | undefined; }'.
                Type 'Partial<FormState<FieldValues>> & { name?: string | undefined; values?: FieldValues | undefined; type?: EventType | undefined; }' is not assignable to type 'Partial<FormState<output<T>>>'.
                  Types of property 'defaultValues' are incompatible.
                    Type 'Readonly<{ [x: string]: any; }> | undefined' is not assignable to type 'Readonly<DeepPartial<output<T>>> | undefined'.
                      Type 'Readonly<{ [x: string]: any; }>' is not assignable to type 'Readonly<DeepPartial<output<T>>>'.
src/components/admin/BaseForm.tsx(210,13): error TS2322: Type 'Control<output<T>, any, output<T>>' is not assignable to type 'Control<FieldValues, any, FieldValues>'.
  The types of '_subjects.state' are incompatible between these types.
    Type 'FormStateSubjectRef<output<T>>' is not assignable to type 'FormStateSubjectRef<FieldValues>'.
      Type 'FormStateSubjectRef<output<T>>' is not assignable to type '{ readonly observers: Observer<Partial<FormState<FieldValues>> & { name?: string | undefined; values?: FieldValues | undefined; type?: EventType | undefined; }>[]; subscribe: (value: Observer<...>) => Subscription; unsubscribe: Noop; }'.
        Types of property 'observers' are incompatible.
          Type 'Observer<Partial<FormState<output<T>>> & { name?: string | undefined; values?: output<T> | undefined; type?: EventType | undefined; }>[]' is not assignable to type 'Observer<Partial<FormState<FieldValues>> & { name?: string | undefined; values?: FieldValues | undefined; type?: EventType | undefined; }>[]'.
            Type 'Observer<Partial<FormState<output<T>>> & { name?: string | undefined; values?: output<T> | undefined; type?: EventType | undefined; }>' is not assignable to type 'Observer<Partial<FormState<FieldValues>> & { name?: string | undefined; values?: FieldValues | undefined; type?: EventType | undefined; }>'.
              Type 'Partial<FormState<FieldValues>> & { name?: string | undefined; values?: FieldValues | undefined; type?: EventType | undefined; }' is not assignable to type 'Partial<FormState<output<T>>> & { name?: string | undefined; values?: output<T> | undefined; type?: EventType | undefined; }'.
                Type 'Partial<FormState<FieldValues>> & { name?: string | undefined; values?: FieldValues | undefined; type?: EventType | undefined; }' is not assignable to type 'Partial<FormState<output<T>>>'.
                  Types of property 'defaultValues' are incompatible.
                    Type 'Readonly<{ [x: string]: any; }> | undefined' is not assignable to type 'Readonly<DeepPartial<output<T>>> | undefined'.
                      Type 'Readonly<{ [x: string]: any; }>' is not assignable to type 'Readonly<DeepPartial<output<T>>>'.
src/components/admin/BaseForm.tsx(234,6): error TS2322: Type '{ children: Element; watch: UseFormWatch<output<T>>; getValues: UseFormGetValues<output<T>>; getFieldState: UseFormGetFieldState<output<...>>; ... 12 more ...; subscribe: UseFormSubscribe<...>; }' is not assignable to type 'UseFormReturn<FieldValues, any, TFieldValues>'.
  The types returned by 'watch()' are incompatible between these types.
    Type 'output<T>' is not assignable to type 'FieldValues'.
      Type 'unknown' is not assignable to type 'FieldValues'.
src/components/admin/BaseForm.tsx(236,37): error TS2345: Argument of type '(values: z.core.output<T>) => Promise<void>' is not assignable to parameter of type 'SubmitHandler<TFieldValues>'.
  Types of parameters 'values' and 'data' are incompatible.
    Type 'TFieldValues' is not assignable to type 'output<T>'.
      Type 'FieldValues' is not assignable to type 'output<T>'.
src/components/admin/BaseForm.tsx(242,51): error TS2345: Argument of type 'UseFormReturn<output<T>, any, TFieldValues>' is not assignable to parameter of type 'UseFormReturn<output<T>>'.
  Types of property 'handleSubmit' are incompatible.
    Type 'UseFormHandleSubmit<output<T>, TFieldValues>' is not assignable to type 'UseFormHandleSubmit<output<T>, output<T>>'.
      Types of parameters 'onValid' and 'onValid' are incompatible.
        Types of parameters 'data' and 'data' are incompatible.
          Type 'TFieldValues' is not assignable to type 'output<T>'.
            Type 'FieldValues' is not assignable to type 'output<T>'.
src/components/admin/ComicForm.tsx(1,15): error TS2300: Duplicate identifier 'z'.
src/components/admin/ComicForm.tsx(33,10): error TS2300: Duplicate identifier 'z'.
src/components/admin/ComicForm.tsx(68,5): error TS2322: Type 'Resolver<{ title: string; description: string; coverImage: string; status: "Ongoing" | "Hiatus" | "Completed" | "Dropped" | "Coming Soon"; publicationDate: string | Date; slug?: string | undefined; authorId?: string | undefined; artistId?: string | undefined; typeId?: string | undefined; genreIds?: string[] | undefi...' is not assignable to type 'Resolver<{ title: string; description: string; coverImage: string; status: "Ongoing" | "Hiatus" | "Completed" | "Dropped" | "Coming Soon"; publicationDate: Date; genreIds: string[]; slug?: string | undefined; authorId?: string | undefined; artistId?: string | undefined; typeId?: string | undefined; }, any, { ...; }>'.
  Types of parameters 'options' and 'options' are incompatible.
    Type 'ResolverOptions<{ title: string; description: string; coverImage: string; status: "Ongoing" | "Hiatus" | "Completed" | "Dropped" | "Coming Soon"; publicationDate: Date; genreIds: string[]; slug?: string | undefined; authorId?: string | undefined; artistId?: string | undefined; typeId?: string | undefined; }>' is not assignable to type 'ResolverOptions<{ title: string; description: string; coverImage: string; status: "Ongoing" | "Hiatus" | "Completed" | "Dropped" | "Coming Soon"; publicationDate: string | Date; slug?: string | undefined; authorId?: string | undefined; artistId?: string | undefined; typeId?: string | undefined; genreIds?: string[] |...'.
      Type 'string | Date' is not assignable to type 'Date'.
        Type 'string' is not assignable to type 'Date'.
src/components/admin/ComicForm.tsx(112,43): error TS2345: Argument of type '(data: { title: string; description: string; coverImage: string; status: "Ongoing" | "Hiatus" | "Completed" | "Dropped" | "Coming Soon"; publicationDate: Date; genreIds: string[]; slug?: string | undefined; authorId?: string | undefined; artistId?: string | undefined; typeId?: string | undefined; }) => Promise<...>' is not assignable to parameter of type 'SubmitHandler<TFieldValues>'.
  Types of parameters 'data' and 'data' are incompatible.
    Type 'TFieldValues' is not assignable to type '{ title: string; description: string; coverImage: string; status: "Ongoing" | "Hiatus" | "Completed" | "Dropped" | "Coming Soon"; publicationDate: Date; genreIds: string[]; slug?: string | undefined; authorId?: string | undefined; artistId?: string | undefined; typeId?: string | undefined; }'.
      Type 'FieldValues' is missing the following properties from type '{ title: string; description: string; coverImage: string; status: "Ongoing" | "Hiatus" | "Completed" | "Dropped" | "Coming Soon"; publicationDate: Date; genreIds: string[]; slug?: string | undefined; authorId?: string | undefined; artistId?: string | undefined; typeId?: string | undefined; }': title, description, coverImage, status, and 2 more.
src/components/admin/ComicForm.tsx(168,21): error TS2322: Type 'Control<{ title: string; description: string; coverImage: string; status: "Ongoing" | "Hiatus" | "Completed" | "Dropped" | "Coming Soon"; publicationDate: Date; genreIds: string[]; slug?: string | undefined; authorId?: string | undefined; artistId?: string | undefined; typeId?: string | undefined; }, any, TFieldValu...' is not assignable to type 'Control<{ title: string; description: string; coverImage: string; status: "Ongoing" | "Hiatus" | "Completed" | "Dropped" | "Coming Soon"; publicationDate: Date; genreIds: string[]; slug?: string | undefined; authorId?: string | undefined; artistId?: string | undefined; typeId?: string | undefined; }, any, { ...; }>'.
  The types of '_options.resolver' are incompatible between these types.
    Type 'Resolver<{ title: string; description: string; coverImage: string; status: "Ongoing" | "Hiatus" | "Completed" | "Dropped" | "Coming Soon"; publicationDate: Date; genreIds: string[]; slug?: string | undefined; authorId?: string | undefined; artistId?: string | undefined; typeId?: string | undefined; }, any, TFieldVal...' is not assignable to type 'Resolver<{ title: string; description: string; coverImage: string; status: "Ongoing" | "Hiatus" | "Completed" | "Dropped" | "Coming Soon"; publicationDate: Date; genreIds: string[]; slug?: string | undefined; authorId?: string | undefined; artistId?: string | undefined; typeId?: string | undefined; }, any, { ...; }>...'.
      Type 'Resolver<{ title: string; description: string; coverImage: string; status: "Ongoing" | "Hiatus" | "Completed" | "Dropped" | "Coming Soon"; publicationDate: Date; genreIds: string[]; slug?: string | undefined; authorId?: string | undefined; artistId?: string | undefined; typeId?: string | undefined; }, any, TFieldVal...' is not assignable to type 'Resolver<{ title: string; description: string; coverImage: string; status: "Ongoing" | "Hiatus" | "Completed" | "Dropped" | "Coming Soon"; publicationDate: Date; genreIds: string[]; slug?: string | undefined; authorId?: string | undefined; artistId?: string | undefined; typeId?: string | undefined; }, any, { ...; }>'.
        Type 'ResolverResult<{ title: string; description: string; coverImage: string; status: "Ongoing" | "Hiatus" | "Completed" | "Dropped" | "Coming Soon"; publicationDate: Date; genreIds: string[]; slug?: string | undefined; authorId?: string | undefined; artistId?: string | undefined; typeId?: string | undefined; }, TFieldVa...' is not assignable to type 'ResolverResult<{ title: string; description: string; coverImage: string; status: "Ongoing" | "Hiatus" | "Completed" | "Dropped" | "Coming Soon"; publicationDate: Date; genreIds: string[]; slug?: string | undefined; authorId?: string | undefined; artistId?: string | undefined; typeId?: string | undefined; }, { ...; }...'.
          Type 'ResolverSuccess<TFieldValues>' is not assignable to type 'ResolverResult<{ title: string; description: string; coverImage: string; status: "Ongoing" | "Hiatus" | "Completed" | "Dropped" | "Coming Soon"; publicationDate: Date; genreIds: string[]; slug?: string | undefined; authorId?: string | undefined; artistId?: string | undefined; typeId?: string | undefined; }, { ...; }...'.
            Type 'ResolverSuccess<TFieldValues>' is not assignable to type 'ResolverSuccess<{ title: string; description: string; coverImage: string; status: "Ongoing" | "Hiatus" | "Completed" | "Dropped" | "Coming Soon"; publicationDate: Date; genreIds: string[]; slug?: string | undefined; authorId?: string | undefined; artistId?: string | undefined; typeId?: string | undefined; }>'.
              Type 'TFieldValues' is not assignable to type '{ title: string; description: string; coverImage: string; status: "Ongoing" | "Hiatus" | "Completed" | "Dropped" | "Coming Soon"; publicationDate: Date; genreIds: string[]; slug?: string | undefined; authorId?: string | undefined; artistId?: string | undefined; typeId?: string | undefined; }'.
                Type 'FieldValues' is missing the following properties from type '{ title: string; description: string; coverImage: string; status: "Ongoing" | "Hiatus" | "Completed" | "Dropped" | "Coming Soon"; publicationDate: Date; genreIds: string[]; slug?: string | undefined; authorId?: string | undefined; artistId?: string | undefined; typeId?: string | undefined; }': title, description, coverImage, status, and 2 more.
src/components/admin/ComicForm.tsx(192,17): error TS2322: Type 'Control<{ title: string; description: string; coverImage: string; status: "Ongoing" | "Hiatus" | "Completed" | "Dropped" | "Coming Soon"; publicationDate: Date; genreIds: string[]; slug?: string | undefined; authorId?: string | undefined; artistId?: string | undefined; typeId?: string | undefined; }, any, TFieldValu...' is not assignable to type 'Control<{ title: string; description: string; coverImage: string; status: "Ongoing" | "Hiatus" | "Completed" | "Dropped" | "Coming Soon"; publicationDate: Date; genreIds: string[]; slug?: string | undefined; authorId?: string | undefined; artistId?: string | undefined; typeId?: string | undefined; }, any, { ...; }>'.
  The types of '_options.resolver' are incompatible between these types.
    Type 'Resolver<{ title: string; description: string; coverImage: string; status: "Ongoing" | "Hiatus" | "Completed" | "Dropped" | "Coming Soon"; publicationDate: Date; genreIds: string[]; slug?: string | undefined; authorId?: string | undefined; artistId?: string | undefined; typeId?: string | undefined; }, any, TFieldVal...' is not assignable to type 'Resolver<{ title: string; description: string; coverImage: string; status: "Ongoing" | "Hiatus" | "Completed" | "Dropped" | "Coming Soon"; publicationDate: Date; genreIds: string[]; slug?: string | undefined; authorId?: string | undefined; artistId?: string | undefined; typeId?: string | undefined; }, any, { ...; }>...'.
      Type 'Resolver<{ title: string; description: string; coverImage: string; status: "Ongoing" | "Hiatus" | "Completed" | "Dropped" | "Coming Soon"; publicationDate: Date; genreIds: string[]; slug?: string | undefined; authorId?: string | undefined; artistId?: string | undefined; typeId?: string | undefined; }, any, TFieldVal...' is not assignable to type 'Resolver<{ title: string; description: string; coverImage: string; status: "Ongoing" | "Hiatus" | "Completed" | "Dropped" | "Coming Soon"; publicationDate: Date; genreIds: string[]; slug?: string | undefined; authorId?: string | undefined; artistId?: string | undefined; typeId?: string | undefined; }, any, { ...; }>'.
        Type 'ResolverResult<{ title: string; description: string; coverImage: string; status: "Ongoing" | "Hiatus" | "Completed" | "Dropped" | "Coming Soon"; publicationDate: Date; genreIds: string[]; slug?: string | undefined; authorId?: string | undefined; artistId?: string | undefined; typeId?: string | undefined; }, TFieldVa...' is not assignable to type 'ResolverResult<{ title: string; description: string; coverImage: string; status: "Ongoing" | "Hiatus" | "Completed" | "Dropped" | "Coming Soon"; publicationDate: Date; genreIds: string[]; slug?: string | undefined; authorId?: string | undefined; artistId?: string | undefined; typeId?: string | undefined; }, { ...; }...'.
          Type 'ResolverSuccess<TFieldValues>' is not assignable to type 'ResolverResult<{ title: string; description: string; coverImage: string; status: "Ongoing" | "Hiatus" | "Completed" | "Dropped" | "Coming Soon"; publicationDate: Date; genreIds: string[]; slug?: string | undefined; authorId?: string | undefined; artistId?: string | undefined; typeId?: string | undefined; }, { ...; }...'.
            Type 'ResolverSuccess<TFieldValues>' is not assignable to type 'ResolverSuccess<{ title: string; description: string; coverImage: string; status: "Ongoing" | "Hiatus" | "Completed" | "Dropped" | "Coming Soon"; publicationDate: Date; genreIds: string[]; slug?: string | undefined; authorId?: string | undefined; artistId?: string | undefined; typeId?: string | undefined; }>'.
              Type 'TFieldValues' is not assignable to type '{ title: string; description: string; coverImage: string; status: "Ongoing" | "Hiatus" | "Completed" | "Dropped" | "Coming Soon"; publicationDate: Date; genreIds: string[]; slug?: string | undefined; authorId?: string | undefined; artistId?: string | undefined; typeId?: string | undefined; }'.
                Type 'FieldValues' is missing the following properties from type '{ title: string; description: string; coverImage: string; status: "Ongoing" | "Hiatus" | "Completed" | "Dropped" | "Coming Soon"; publicationDate: Date; genreIds: string[]; slug?: string | undefined; authorId?: string | undefined; artistId?: string | undefined; typeId?: string | undefined; }': title, description, coverImage, status, and 2 more.
src/components/admin/ComicForm.tsx(206,17): error TS2322: Type 'Control<{ title: string; description: string; coverImage: string; status: "Ongoing" | "Hiatus" | "Completed" | "Dropped" | "Coming Soon"; publicationDate: Date; genreIds: string[]; slug?: string | undefined; authorId?: string | undefined; artistId?: string | undefined; typeId?: string | undefined; }, any, TFieldValu...' is not assignable to type 'Control<{ title: string; description: string; coverImage: string; status: "Ongoing" | "Hiatus" | "Completed" | "Dropped" | "Coming Soon"; publicationDate: Date; genreIds: string[]; slug?: string | undefined; authorId?: string | undefined; artistId?: string | undefined; typeId?: string | undefined; }, any, { ...; }>'.
  The types of '_options.resolver' are incompatible between these types.
    Type 'Resolver<{ title: string; description: string; coverImage: string; status: "Ongoing" | "Hiatus" | "Completed" | "Dropped" | "Coming Soon"; publicationDate: Date; genreIds: string[]; slug?: string | undefined; authorId?: string | undefined; artistId?: string | undefined; typeId?: string | undefined; }, any, TFieldVal...' is not assignable to type 'Resolver<{ title: string; description: string; coverImage: string; status: "Ongoing" | "Hiatus" | "Completed" | "Dropped" | "Coming Soon"; publicationDate: Date; genreIds: string[]; slug?: string | undefined; authorId?: string | undefined; artistId?: string | undefined; typeId?: string | undefined; }, any, { ...; }>...'.
      Type 'Resolver<{ title: string; description: string; coverImage: string; status: "Ongoing" | "Hiatus" | "Completed" | "Dropped" | "Coming Soon"; publicationDate: Date; genreIds: string[]; slug?: string | undefined; authorId?: string | undefined; artistId?: string | undefined; typeId?: string | undefined; }, any, TFieldVal...' is not assignable to type 'Resolver<{ title: string; description: string; coverImage: string; status: "Ongoing" | "Hiatus" | "Completed" | "Dropped" | "Coming Soon"; publicationDate: Date; genreIds: string[]; slug?: string | undefined; authorId?: string | undefined; artistId?: string | undefined; typeId?: string | undefined; }, any, { ...; }>'.
        Type 'ResolverResult<{ title: string; description: string; coverImage: string; status: "Ongoing" | "Hiatus" | "Completed" | "Dropped" | "Coming Soon"; publicationDate: Date; genreIds: string[]; slug?: string | undefined; authorId?: string | undefined; artistId?: string | undefined; typeId?: string | undefined; }, TFieldVa...' is not assignable to type 'ResolverResult<{ title: string; description: string; coverImage: string; status: "Ongoing" | "Hiatus" | "Completed" | "Dropped" | "Coming Soon"; publicationDate: Date; genreIds: string[]; slug?: string | undefined; authorId?: string | undefined; artistId?: string | undefined; typeId?: string | undefined; }, { ...; }...'.
          Type 'ResolverSuccess<TFieldValues>' is not assignable to type 'ResolverResult<{ title: string; description: string; coverImage: string; status: "Ongoing" | "Hiatus" | "Completed" | "Dropped" | "Coming Soon"; publicationDate: Date; genreIds: string[]; slug?: string | undefined; authorId?: string | undefined; artistId?: string | undefined; typeId?: string | undefined; }, { ...; }...'.
            Type 'ResolverSuccess<TFieldValues>' is not assignable to type 'ResolverSuccess<{ title: string; description: string; coverImage: string; status: "Ongoing" | "Hiatus" | "Completed" | "Dropped" | "Coming Soon"; publicationDate: Date; genreIds: string[]; slug?: string | undefined; authorId?: string | undefined; artistId?: string | undefined; typeId?: string | undefined; }>'.
              Type 'TFieldValues' is not assignable to type '{ title: string; description: string; coverImage: string; status: "Ongoing" | "Hiatus" | "Completed" | "Dropped" | "Coming Soon"; publicationDate: Date; genreIds: string[]; slug?: string | undefined; authorId?: string | undefined; artistId?: string | undefined; typeId?: string | undefined; }'.
                Type 'FieldValues' is missing the following properties from type '{ title: string; description: string; coverImage: string; status: "Ongoing" | "Hiatus" | "Completed" | "Dropped" | "Coming Soon"; publicationDate: Date; genreIds: string[]; slug?: string | undefined; authorId?: string | undefined; artistId?: string | undefined; typeId?: string | undefined; }': title, description, coverImage, status, and 2 more.
src/components/admin/ComicForm.tsx(221,17): error TS2322: Type 'Control<{ title: string; description: string; coverImage: string; status: "Ongoing" | "Hiatus" | "Completed" | "Dropped" | "Coming Soon"; publicationDate: Date; genreIds: string[]; slug?: string | undefined; authorId?: string | undefined; artistId?: string | undefined; typeId?: string | undefined; }, any, TFieldValu...' is not assignable to type 'Control<{ title: string; description: string; coverImage: string; status: "Ongoing" | "Hiatus" | "Completed" | "Dropped" | "Coming Soon"; publicationDate: Date; genreIds: string[]; slug?: string | undefined; authorId?: string | undefined; artistId?: string | undefined; typeId?: string | undefined; }, any, { ...; }>'.
  The types of '_options.resolver' are incompatible between these types.
    Type 'Resolver<{ title: string; description: string; coverImage: string; status: "Ongoing" | "Hiatus" | "Completed" | "Dropped" | "Coming Soon"; publicationDate: Date; genreIds: string[]; slug?: string | undefined; authorId?: string | undefined; artistId?: string | undefined; typeId?: string | undefined; }, any, TFieldVal...' is not assignable to type 'Resolver<{ title: string; description: string; coverImage: string; status: "Ongoing" | "Hiatus" | "Completed" | "Dropped" | "Coming Soon"; publicationDate: Date; genreIds: string[]; slug?: string | undefined; authorId?: string | undefined; artistId?: string | undefined; typeId?: string | undefined; }, any, { ...; }>...'.
      Type 'Resolver<{ title: string; description: string; coverImage: string; status: "Ongoing" | "Hiatus" | "Completed" | "Dropped" | "Coming Soon"; publicationDate: Date; genreIds: string[]; slug?: string | undefined; authorId?: string | undefined; artistId?: string | undefined; typeId?: string | undefined; }, any, TFieldVal...' is not assignable to type 'Resolver<{ title: string; description: string; coverImage: string; status: "Ongoing" | "Hiatus" | "Completed" | "Dropped" | "Coming Soon"; publicationDate: Date; genreIds: string[]; slug?: string | undefined; authorId?: string | undefined; artistId?: string | undefined; typeId?: string | undefined; }, any, { ...; }>'.
        Type 'ResolverResult<{ title: string; description: string; coverImage: string; status: "Ongoing" | "Hiatus" | "Completed" | "Dropped" | "Coming Soon"; publicationDate: Date; genreIds: string[]; slug?: string | undefined; authorId?: string | undefined; artistId?: string | undefined; typeId?: string | undefined; }, TFieldVa...' is not assignable to type 'ResolverResult<{ title: string; description: string; coverImage: string; status: "Ongoing" | "Hiatus" | "Completed" | "Dropped" | "Coming Soon"; publicationDate: Date; genreIds: string[]; slug?: string | undefined; authorId?: string | undefined; artistId?: string | undefined; typeId?: string | undefined; }, { ...; }...'.
          Type 'ResolverSuccess<TFieldValues>' is not assignable to type 'ResolverResult<{ title: string; description: string; coverImage: string; status: "Ongoing" | "Hiatus" | "Completed" | "Dropped" | "Coming Soon"; publicationDate: Date; genreIds: string[]; slug?: string | undefined; authorId?: string | undefined; artistId?: string | undefined; typeId?: string | undefined; }, { ...; }...'.
            Type 'ResolverSuccess<TFieldValues>' is not assignable to type 'ResolverSuccess<{ title: string; description: string; coverImage: string; status: "Ongoing" | "Hiatus" | "Completed" | "Dropped" | "Coming Soon"; publicationDate: Date; genreIds: string[]; slug?: string | undefined; authorId?: string | undefined; artistId?: string | undefined; typeId?: string | undefined; }>'.
              Type 'TFieldValues' is not assignable to type '{ title: string; description: string; coverImage: string; status: "Ongoing" | "Hiatus" | "Completed" | "Dropped" | "Coming Soon"; publicationDate: Date; genreIds: string[]; slug?: string | undefined; authorId?: string | undefined; artistId?: string | undefined; typeId?: string | undefined; }'.
                Type 'FieldValues' is missing the following properties from type '{ title: string; description: string; coverImage: string; status: "Ongoing" | "Hiatus" | "Completed" | "Dropped" | "Coming Soon"; publicationDate: Date; genreIds: string[]; slug?: string | undefined; authorId?: string | undefined; artistId?: string | undefined; typeId?: string | undefined; }': title, description, coverImage, status, and 2 more.
src/components/admin/ComicForm.tsx(243,17): error TS2322: Type 'Control<{ title: string; description: string; coverImage: string; status: "Ongoing" | "Hiatus" | "Completed" | "Dropped" | "Coming Soon"; publicationDate: Date; genreIds: string[]; slug?: string | undefined; authorId?: string | undefined; artistId?: string | undefined; typeId?: string | undefined; }, any, TFieldValu...' is not assignable to type 'Control<{ title: string; description: string; coverImage: string; status: "Ongoing" | "Hiatus" | "Completed" | "Dropped" | "Coming Soon"; publicationDate: Date; genreIds: string[]; slug?: string | undefined; authorId?: string | undefined; artistId?: string | undefined; typeId?: string | undefined; }, any, { ...; }>'.
  The types of '_options.resolver' are incompatible between these types.
    Type 'Resolver<{ title: string; description: string; coverImage: string; status: "Ongoing" | "Hiatus" | "Completed" | "Dropped" | "Coming Soon"; publicationDate: Date; genreIds: string[]; slug?: string | undefined; authorId?: string | undefined; artistId?: string | undefined; typeId?: string | undefined; }, any, TFieldVal...' is not assignable to type 'Resolver<{ title: string; description: string; coverImage: string; status: "Ongoing" | "Hiatus" | "Completed" | "Dropped" | "Coming Soon"; publicationDate: Date; genreIds: string[]; slug?: string | undefined; authorId?: string | undefined; artistId?: string | undefined; typeId?: string | undefined; }, any, { ...; }>...'.
      Type 'Resolver<{ title: string; description: string; coverImage: string; status: "Ongoing" | "Hiatus" | "Completed" | "Dropped" | "Coming Soon"; publicationDate: Date; genreIds: string[]; slug?: string | undefined; authorId?: string | undefined; artistId?: string | undefined; typeId?: string | undefined; }, any, TFieldVal...' is not assignable to type 'Resolver<{ title: string; description: string; coverImage: string; status: "Ongoing" | "Hiatus" | "Completed" | "Dropped" | "Coming Soon"; publicationDate: Date; genreIds: string[]; slug?: string | undefined; authorId?: string | undefined; artistId?: string | undefined; typeId?: string | undefined; }, any, { ...; }>'.
        Type 'ResolverResult<{ title: string; description: string; coverImage: string; status: "Ongoing" | "Hiatus" | "Completed" | "Dropped" | "Coming Soon"; publicationDate: Date; genreIds: string[]; slug?: string | undefined; authorId?: string | undefined; artistId?: string | undefined; typeId?: string | undefined; }, TFieldVa...' is not assignable to type 'ResolverResult<{ title: string; description: string; coverImage: string; status: "Ongoing" | "Hiatus" | "Completed" | "Dropped" | "Coming Soon"; publicationDate: Date; genreIds: string[]; slug?: string | undefined; authorId?: string | undefined; artistId?: string | undefined; typeId?: string | undefined; }, { ...; }...'.
          Type 'ResolverSuccess<TFieldValues>' is not assignable to type 'ResolverResult<{ title: string; description: string; coverImage: string; status: "Ongoing" | "Hiatus" | "Completed" | "Dropped" | "Coming Soon"; publicationDate: Date; genreIds: string[]; slug?: string | undefined; authorId?: string | undefined; artistId?: string | undefined; typeId?: string | undefined; }, { ...; }...'.
            Type 'ResolverSuccess<TFieldValues>' is not assignable to type 'ResolverSuccess<{ title: string; description: string; coverImage: string; status: "Ongoing" | "Hiatus" | "Completed" | "Dropped" | "Coming Soon"; publicationDate: Date; genreIds: string[]; slug?: string | undefined; authorId?: string | undefined; artistId?: string | undefined; typeId?: string | undefined; }>'.
              Type 'TFieldValues' is not assignable to type '{ title: string; description: string; coverImage: string; status: "Ongoing" | "Hiatus" | "Completed" | "Dropped" | "Coming Soon"; publicationDate: Date; genreIds: string[]; slug?: string | undefined; authorId?: string | undefined; artistId?: string | undefined; typeId?: string | undefined; }'.
                Type 'FieldValues' is missing the following properties from type '{ title: string; description: string; coverImage: string; status: "Ongoing" | "Hiatus" | "Completed" | "Dropped" | "Coming Soon"; publicationDate: Date; genreIds: string[]; slug?: string | undefined; authorId?: string | undefined; artistId?: string | undefined; typeId?: string | undefined; }': title, description, coverImage, status, and 2 more.
src/components/admin/ComicForm.tsx(268,17): error TS2322: Type 'Control<{ title: string; description: string; coverImage: string; status: "Ongoing" | "Hiatus" | "Completed" | "Dropped" | "Coming Soon"; publicationDate: Date; genreIds: string[]; slug?: string | undefined; authorId?: string | undefined; artistId?: string | undefined; typeId?: string | undefined; }, any, TFieldValu...' is not assignable to type 'Control<{ title: string; description: string; coverImage: string; status: "Ongoing" | "Hiatus" | "Completed" | "Dropped" | "Coming Soon"; publicationDate: Date; genreIds: string[]; slug?: string | undefined; authorId?: string | undefined; artistId?: string | undefined; typeId?: string | undefined; }, any, { ...; }>'.
  The types of '_options.resolver' are incompatible between these types.
    Type 'Resolver<{ title: string; description: string; coverImage: string; status: "Ongoing" | "Hiatus" | "Completed" | "Dropped" | "Coming Soon"; publicationDate: Date; genreIds: string[]; slug?: string | undefined; authorId?: string | undefined; artistId?: string | undefined; typeId?: string | undefined; }, any, TFieldVal...' is not assignable to type 'Resolver<{ title: string; description: string; coverImage: string; status: "Ongoing" | "Hiatus" | "Completed" | "Dropped" | "Coming Soon"; publicationDate: Date; genreIds: string[]; slug?: string | undefined; authorId?: string | undefined; artistId?: string | undefined; typeId?: string | undefined; }, any, { ...; }>...'.
      Type 'Resolver<{ title: string; description: string; coverImage: string; status: "Ongoing" | "Hiatus" | "Completed" | "Dropped" | "Coming Soon"; publicationDate: Date; genreIds: string[]; slug?: string | undefined; authorId?: string | undefined; artistId?: string | undefined; typeId?: string | undefined; }, any, TFieldVal...' is not assignable to type 'Resolver<{ title: string; description: string; coverImage: string; status: "Ongoing" | "Hiatus" | "Completed" | "Dropped" | "Coming Soon"; publicationDate: Date; genreIds: string[]; slug?: string | undefined; authorId?: string | undefined; artistId?: string | undefined; typeId?: string | undefined; }, any, { ...; }>'.
        Type 'ResolverResult<{ title: string; description: string; coverImage: string; status: "Ongoing" | "Hiatus" | "Completed" | "Dropped" | "Coming Soon"; publicationDate: Date; genreIds: string[]; slug?: string | undefined; authorId?: string | undefined; artistId?: string | undefined; typeId?: string | undefined; }, TFieldVa...' is not assignable to type 'ResolverResult<{ title: string; description: string; coverImage: string; status: "Ongoing" | "Hiatus" | "Completed" | "Dropped" | "Coming Soon"; publicationDate: Date; genreIds: string[]; slug?: string | undefined; authorId?: string | undefined; artistId?: string | undefined; typeId?: string | undefined; }, { ...; }...'.
          Type 'ResolverSuccess<TFieldValues>' is not assignable to type 'ResolverResult<{ title: string; description: string; coverImage: string; status: "Ongoing" | "Hiatus" | "Completed" | "Dropped" | "Coming Soon"; publicationDate: Date; genreIds: string[]; slug?: string | undefined; authorId?: string | undefined; artistId?: string | undefined; typeId?: string | undefined; }, { ...; }...'.
            Type 'ResolverSuccess<TFieldValues>' is not assignable to type 'ResolverSuccess<{ title: string; description: string; coverImage: string; status: "Ongoing" | "Hiatus" | "Completed" | "Dropped" | "Coming Soon"; publicationDate: Date; genreIds: string[]; slug?: string | undefined; authorId?: string | undefined; artistId?: string | undefined; typeId?: string | undefined; }>'.
              Type 'TFieldValues' is not assignable to type '{ title: string; description: string; coverImage: string; status: "Ongoing" | "Hiatus" | "Completed" | "Dropped" | "Coming Soon"; publicationDate: Date; genreIds: string[]; slug?: string | undefined; authorId?: string | undefined; artistId?: string | undefined; typeId?: string | undefined; }'.
                Type 'FieldValues' is missing the following properties from type '{ title: string; description: string; coverImage: string; status: "Ongoing" | "Hiatus" | "Completed" | "Dropped" | "Coming Soon"; publicationDate: Date; genreIds: string[]; slug?: string | undefined; authorId?: string | undefined; artistId?: string | undefined; typeId?: string | undefined; }': title, description, coverImage, status, and 2 more.
src/components/admin/ComicForm.tsx(301,17): error TS2322: Type 'Control<{ title: string; description: string; coverImage: string; status: "Ongoing" | "Hiatus" | "Completed" | "Dropped" | "Coming Soon"; publicationDate: Date; genreIds: string[]; slug?: string | undefined; authorId?: string | undefined; artistId?: string | undefined; typeId?: string | undefined; }, any, TFieldValu...' is not assignable to type 'Control<{ title: string; description: string; coverImage: string; status: "Ongoing" | "Hiatus" | "Completed" | "Dropped" | "Coming Soon"; publicationDate: Date; genreIds: string[]; slug?: string | undefined; authorId?: string | undefined; artistId?: string | undefined; typeId?: string | undefined; }, any, { ...; }>'.
  The types of '_options.resolver' are incompatible between these types.
    Type 'Resolver<{ title: string; description: string; coverImage: string; status: "Ongoing" | "Hiatus" | "Completed" | "Dropped" | "Coming Soon"; publicationDate: Date; genreIds: string[]; slug?: string | undefined; authorId?: string | undefined; artistId?: string | undefined; typeId?: string | undefined; }, any, TFieldVal...' is not assignable to type 'Resolver<{ title: string; description: string; coverImage: string; status: "Ongoing" | "Hiatus" | "Completed" | "Dropped" | "Coming Soon"; publicationDate: Date; genreIds: string[]; slug?: string | undefined; authorId?: string | undefined; artistId?: string | undefined; typeId?: string | undefined; }, any, { ...; }>...'.
      Type 'Resolver<{ title: string; description: string; coverImage: string; status: "Ongoing" | "Hiatus" | "Completed" | "Dropped" | "Coming Soon"; publicationDate: Date; genreIds: string[]; slug?: string | undefined; authorId?: string | undefined; artistId?: string | undefined; typeId?: string | undefined; }, any, TFieldVal...' is not assignable to type 'Resolver<{ title: string; description: string; coverImage: string; status: "Ongoing" | "Hiatus" | "Completed" | "Dropped" | "Coming Soon"; publicationDate: Date; genreIds: string[]; slug?: string | undefined; authorId?: string | undefined; artistId?: string | undefined; typeId?: string | undefined; }, any, { ...; }>'.
        Type 'ResolverResult<{ title: string; description: string; coverImage: string; status: "Ongoing" | "Hiatus" | "Completed" | "Dropped" | "Coming Soon"; publicationDate: Date; genreIds: string[]; slug?: string | undefined; authorId?: string | undefined; artistId?: string | undefined; typeId?: string | undefined; }, TFieldVa...' is not assignable to type 'ResolverResult<{ title: string; description: string; coverImage: string; status: "Ongoing" | "Hiatus" | "Completed" | "Dropped" | "Coming Soon"; publicationDate: Date; genreIds: string[]; slug?: string | undefined; authorId?: string | undefined; artistId?: string | undefined; typeId?: string | undefined; }, { ...; }...'.
          Type 'ResolverSuccess<TFieldValues>' is not assignable to type 'ResolverResult<{ title: string; description: string; coverImage: string; status: "Ongoing" | "Hiatus" | "Completed" | "Dropped" | "Coming Soon"; publicationDate: Date; genreIds: string[]; slug?: string | undefined; authorId?: string | undefined; artistId?: string | undefined; typeId?: string | undefined; }, { ...; }...'.
            Type 'ResolverSuccess<TFieldValues>' is not assignable to type 'ResolverSuccess<{ title: string; description: string; coverImage: string; status: "Ongoing" | "Hiatus" | "Completed" | "Dropped" | "Coming Soon"; publicationDate: Date; genreIds: string[]; slug?: string | undefined; authorId?: string | undefined; artistId?: string | undefined; typeId?: string | undefined; }>'.
              Type 'TFieldValues' is not assignable to type '{ title: string; description: string; coverImage: string; status: "Ongoing" | "Hiatus" | "Completed" | "Dropped" | "Coming Soon"; publicationDate: Date; genreIds: string[]; slug?: string | undefined; authorId?: string | undefined; artistId?: string | undefined; typeId?: string | undefined; }'.
                Type 'FieldValues' is missing the following properties from type '{ title: string; description: string; coverImage: string; status: "Ongoing" | "Hiatus" | "Completed" | "Dropped" | "Coming Soon"; publicationDate: Date; genreIds: string[]; slug?: string | undefined; authorId?: string | undefined; artistId?: string | undefined; typeId?: string | undefined; }': title, description, coverImage, status, and 2 more.
src/components/admin/ComicForm.tsx(315,17): error TS2322: Type 'Control<{ title: string; description: string; coverImage: string; status: "Ongoing" | "Hiatus" | "Completed" | "Dropped" | "Coming Soon"; publicationDate: Date; genreIds: string[]; slug?: string | undefined; authorId?: string | undefined; artistId?: string | undefined; typeId?: string | undefined; }, any, TFieldValu...' is not assignable to type 'Control<{ title: string; description: string; coverImage: string; status: "Ongoing" | "Hiatus" | "Completed" | "Dropped" | "Coming Soon"; publicationDate: Date; genreIds: string[]; slug?: string | undefined; authorId?: string | undefined; artistId?: string | undefined; typeId?: string | undefined; }, any, { ...; }>'.
  The types of '_options.resolver' are incompatible between these types.
    Type 'Resolver<{ title: string; description: string; coverImage: string; status: "Ongoing" | "Hiatus" | "Completed" | "Dropped" | "Coming Soon"; publicationDate: Date; genreIds: string[]; slug?: string | undefined; authorId?: string | undefined; artistId?: string | undefined; typeId?: string | undefined; }, any, TFieldVal...' is not assignable to type 'Resolver<{ title: string; description: string; coverImage: string; status: "Ongoing" | "Hiatus" | "Completed" | "Dropped" | "Coming Soon"; publicationDate: Date; genreIds: string[]; slug?: string | undefined; authorId?: string | undefined; artistId?: string | undefined; typeId?: string | undefined; }, any, { ...; }>...'.
      Type 'Resolver<{ title: string; description: string; coverImage: string; status: "Ongoing" | "Hiatus" | "Completed" | "Dropped" | "Coming Soon"; publicationDate: Date; genreIds: string[]; slug?: string | undefined; authorId?: string | undefined; artistId?: string | undefined; typeId?: string | undefined; }, any, TFieldVal...' is not assignable to type 'Resolver<{ title: string; description: string; coverImage: string; status: "Ongoing" | "Hiatus" | "Completed" | "Dropped" | "Coming Soon"; publicationDate: Date; genreIds: string[]; slug?: string | undefined; authorId?: string | undefined; artistId?: string | undefined; typeId?: string | undefined; }, any, { ...; }>'.
        Type 'ResolverResult<{ title: string; description: string; coverImage: string; status: "Ongoing" | "Hiatus" | "Completed" | "Dropped" | "Coming Soon"; publicationDate: Date; genreIds: string[]; slug?: string | undefined; authorId?: string | undefined; artistId?: string | undefined; typeId?: string | undefined; }, TFieldVa...' is not assignable to type 'ResolverResult<{ title: string; description: string; coverImage: string; status: "Ongoing" | "Hiatus" | "Completed" | "Dropped" | "Coming Soon"; publicationDate: Date; genreIds: string[]; slug?: string | undefined; authorId?: string | undefined; artistId?: string | undefined; typeId?: string | undefined; }, { ...; }...'.
          Type 'ResolverSuccess<TFieldValues>' is not assignable to type 'ResolverResult<{ title: string; description: string; coverImage: string; status: "Ongoing" | "Hiatus" | "Completed" | "Dropped" | "Coming Soon"; publicationDate: Date; genreIds: string[]; slug?: string | undefined; authorId?: string | undefined; artistId?: string | undefined; typeId?: string | undefined; }, { ...; }...'.
            Type 'ResolverSuccess<TFieldValues>' is not assignable to type 'ResolverSuccess<{ title: string; description: string; coverImage: string; status: "Ongoing" | "Hiatus" | "Completed" | "Dropped" | "Coming Soon"; publicationDate: Date; genreIds: string[]; slug?: string | undefined; authorId?: string | undefined; artistId?: string | undefined; typeId?: string | undefined; }>'.
              Type 'TFieldValues' is not assignable to type '{ title: string; description: string; coverImage: string; status: "Ongoing" | "Hiatus" | "Completed" | "Dropped" | "Coming Soon"; publicationDate: Date; genreIds: string[]; slug?: string | undefined; authorId?: string | undefined; artistId?: string | undefined; typeId?: string | undefined; }'.
                Type 'FieldValues' is missing the following properties from type '{ title: string; description: string; coverImage: string; status: "Ongoing" | "Hiatus" | "Completed" | "Dropped" | "Coming Soon"; publicationDate: Date; genreIds: string[]; slug?: string | undefined; authorId?: string | undefined; artistId?: string | undefined; typeId?: string | undefined; }': title, description, coverImage, status, and 2 more.
src/components/admin/ComicForm.tsx(329,17): error TS2322: Type 'Control<{ title: string; description: string; coverImage: string; status: "Ongoing" | "Hiatus" | "Completed" | "Dropped" | "Coming Soon"; publicationDate: Date; genreIds: string[]; slug?: string | undefined; authorId?: string | undefined; artistId?: string | undefined; typeId?: string | undefined; }, any, TFieldValu...' is not assignable to type 'Control<{ title: string; description: string; coverImage: string; status: "Ongoing" | "Hiatus" | "Completed" | "Dropped" | "Coming Soon"; publicationDate: Date; genreIds: string[]; slug?: string | undefined; authorId?: string | undefined; artistId?: string | undefined; typeId?: string | undefined; }, any, { ...; }>'.
  The types of '_options.resolver' are incompatible between these types.
    Type 'Resolver<{ title: string; description: string; coverImage: string; status: "Ongoing" | "Hiatus" | "Completed" | "Dropped" | "Coming Soon"; publicationDate: Date; genreIds: string[]; slug?: string | undefined; authorId?: string | undefined; artistId?: string | undefined; typeId?: string | undefined; }, any, TFieldVal...' is not assignable to type 'Resolver<{ title: string; description: string; coverImage: string; status: "Ongoing" | "Hiatus" | "Completed" | "Dropped" | "Coming Soon"; publicationDate: Date; genreIds: string[]; slug?: string | undefined; authorId?: string | undefined; artistId?: string | undefined; typeId?: string | undefined; }, any, { ...; }>...'.
      Type 'Resolver<{ title: string; description: string; coverImage: string; status: "Ongoing" | "Hiatus" | "Completed" | "Dropped" | "Coming Soon"; publicationDate: Date; genreIds: string[]; slug?: string | undefined; authorId?: string | undefined; artistId?: string | undefined; typeId?: string | undefined; }, any, TFieldVal...' is not assignable to type 'Resolver<{ title: string; description: string; coverImage: string; status: "Ongoing" | "Hiatus" | "Completed" | "Dropped" | "Coming Soon"; publicationDate: Date; genreIds: string[]; slug?: string | undefined; authorId?: string | undefined; artistId?: string | undefined; typeId?: string | undefined; }, any, { ...; }>'.
        Type 'ResolverResult<{ title: string; description: string; coverImage: string; status: "Ongoing" | "Hiatus" | "Completed" | "Dropped" | "Coming Soon"; publicationDate: Date; genreIds: string[]; slug?: string | undefined; authorId?: string | undefined; artistId?: string | undefined; typeId?: string | undefined; }, TFieldVa...' is not assignable to type 'ResolverResult<{ title: string; description: string; coverImage: string; status: "Ongoing" | "Hiatus" | "Completed" | "Dropped" | "Coming Soon"; publicationDate: Date; genreIds: string[]; slug?: string | undefined; authorId?: string | undefined; artistId?: string | undefined; typeId?: string | undefined; }, { ...; }...'.
          Type 'ResolverSuccess<TFieldValues>' is not assignable to type 'ResolverResult<{ title: string; description: string; coverImage: string; status: "Ongoing" | "Hiatus" | "Completed" | "Dropped" | "Coming Soon"; publicationDate: Date; genreIds: string[]; slug?: string | undefined; authorId?: string | undefined; artistId?: string | undefined; typeId?: string | undefined; }, { ...; }...'.
            Type 'ResolverSuccess<TFieldValues>' is not assignable to type 'ResolverSuccess<{ title: string; description: string; coverImage: string; status: "Ongoing" | "Hiatus" | "Completed" | "Dropped" | "Coming Soon"; publicationDate: Date; genreIds: string[]; slug?: string | undefined; authorId?: string | undefined; artistId?: string | undefined; typeId?: string | undefined; }>'.
              Type 'TFieldValues' is not assignable to type '{ title: string; description: string; coverImage: string; status: "Ongoing" | "Hiatus" | "Completed" | "Dropped" | "Coming Soon"; publicationDate: Date; genreIds: string[]; slug?: string | undefined; authorId?: string | undefined; artistId?: string | undefined; typeId?: string | undefined; }'.
                Type 'FieldValues' is missing the following properties from type '{ title: string; description: string; coverImage: string; status: "Ongoing" | "Hiatus" | "Completed" | "Dropped" | "Coming Soon"; publicationDate: Date; genreIds: string[]; slug?: string | undefined; authorId?: string | undefined; artistId?: string | undefined; typeId?: string | undefined; }': title, description, coverImage, status, and 2 more.
src/components/admin/DashboardCharts.tsx(5,3): error TS2305: Module '"recharts"' has no exported member 'Bar'.
src/components/admin/DashboardCharts.tsx(6,3): error TS2305: Module '"recharts"' has no exported member 'BarChart'.
src/components/admin/DashboardCharts.tsx(7,3): error TS2305: Module '"recharts"' has no exported member 'CartesianGrid'.
src/components/admin/DashboardCharts.tsx(8,3): error TS2305: Module '"recharts"' has no exported member 'Cell'.
src/components/admin/DashboardCharts.tsx(9,3): error TS2305: Module '"recharts"' has no exported member 'Legend'.
src/components/admin/DashboardCharts.tsx(10,3): error TS2305: Module '"recharts"' has no exported member 'Line'.
src/components/admin/DashboardCharts.tsx(11,3): error TS2305: Module '"recharts"' has no exported member 'LineChart'.
src/components/admin/DashboardCharts.tsx(12,3): error TS2305: Module '"recharts"' has no exported member 'Pie'.
src/components/admin/DashboardCharts.tsx(13,3): error TS2305: Module '"recharts"' has no exported member 'PieChart'.
src/components/admin/DashboardCharts.tsx(14,3): error TS2305: Module '"recharts"' has no exported member 'ResponsiveContainer'.
src/components/admin/DashboardCharts.tsx(15,3): error TS2305: Module '"recharts"' has no exported member 'Tooltip'.
src/components/admin/DashboardCharts.tsx(16,3): error TS2305: Module '"recharts"' has no exported member 'XAxis'.
src/components/admin/DashboardCharts.tsx(17,3): error TS2305: Module '"recharts"' has no exported member 'YAxis'.
src/components/auth/authForm.tsx(68,27): error TS2769: No overload matches this call.
  Overload 1 of 4, '(schema: Zod3Type<T, FieldValues>, schemaOptions?: ParseParams | undefined, resolverOptions?: NonRawResolverOptions | undefined): Resolver<...>', gave the following error.
    Argument of type 'ZodType<T, unknown, $ZodTypeInternals<T, unknown>>' is not assignable to parameter of type 'Zod3Type<T, FieldValues>'.
      Types of property '_input' are incompatible.
        Type 'unknown' is not assignable to type 'FieldValues'.
  Overload 2 of 4, '(schema: $ZodType<unknown, FieldValues, $ZodTypeInternals<unknown, FieldValues>>, schemaOptions?: ParseContext<$ZodIssue> | undefined, resolverOptions?: NonRawResolverOptions | undefined): Resolver<...>', gave the following error.
    Argument of type 'ZodType<T, unknown, $ZodTypeInternals<T, unknown>>' is not assignable to parameter of type '$ZodType<unknown, FieldValues, $ZodTypeInternals<unknown, FieldValues>>'.
      Types of property '_zod' are incompatible.
        Type '$ZodTypeInternals<T, unknown>' is not assignable to type '$ZodTypeInternals<unknown, FieldValues>'.
          Type 'unknown' is not assignable to type 'FieldValues'.
src/components/BookmarkButton.tsx(7,34): error TS2307: Cannot find module 'stores/bookmarkStore' or its corresponding type declarations.
src/components/ChartAreaInteractive.tsx(23,29): error TS2307: Cannot find module '/hooks/use-mobile' or its corresponding type declarations.
src/components/DataTable.tsx(97,29): error TS2307: Cannot find module '/hooks/use-mobile' or its corresponding type declarations.
src/components/index.ts(8,10): error TS2614: Module '"./ClientDate"' has no exported member 'ClientDate'. Did you mean to use 'import ClientDate from "./ClientDate"' instead?
src/components/index.ts(10,10): error TS2614: Module '"./CurrentYear"' has no exported member 'CurrentYear'. Did you mean to use 'import CurrentYear from "./CurrentYear"' instead?
src/components/LightRays.tsx(34,15): error TS1507: There is nothing available for repetition.
src/components/shadcn-studio/blocks/chart-sales-metrics.tsx(140,18): error TS2304: Cannot find name 'PieChart'.
src/components/shadcn-studio/blocks/chart-sales-metrics.tsx(142,20): error TS2304: Cannot find name 'Pie'.
src/components/shadcn-studio/blocks/chart-sales-metrics.tsx(152,22): error TS2304: Cannot find name 'Label'.
src/components/shadcn-studio/blocks/chart-sales-metrics.tsx(153,32): error TS7030: Not all code paths return a value.
src/components/shadcn-studio/blocks/chart-sales-metrics.tsx(181,21): error TS2304: Cannot find name 'Pie'.
src/components/shadcn-studio/blocks/chart-sales-metrics.tsx(182,19): error TS2304: Cannot find name 'PieChart'.
src/components/shadcn-studio/blocks/chart-sales-metrics.tsx(219,18): error TS2304: Cannot find name 'BarChart'.
src/components/shadcn-studio/blocks/chart-sales-metrics.tsx(228,20): error TS2304: Cannot find name 'Bar'.
src/components/shadcn-studio/blocks/chart-sales-metrics.tsx(237,19): error TS2304: Cannot find name 'BarChart'.
src/components/shadcn-studio/blocks/ChartSalesMetrics.tsx(13,10): error TS2305: Module '"recharts"' has no exported member 'Bar'.
src/components/shadcn-studio/blocks/ChartSalesMetrics.tsx(13,15): error TS2305: Module '"recharts"' has no exported member 'BarChart'.
src/components/shadcn-studio/blocks/ChartSalesMetrics.tsx(13,32): error TS2305: Module '"recharts"' has no exported member 'Pie'.
src/components/shadcn-studio/blocks/ChartSalesMetrics.tsx(13,37): error TS2305: Module '"recharts"' has no exported member 'PieChart'.
src/components/shadcn-studio/blocks/datatable-transaction.tsx(42,31): error TS2307: Cannot find module '/hooks/use-pagination' or its corresponding type declarations.
src/components/shadcn-studio/blocks/widget-product-insights.tsx(3,10): error TS2305: Module '"recharts"' has no exported member 'Bar'.
src/components/shadcn-studio/blocks/widget-product-insights.tsx(3,15): error TS2305: Module '"recharts"' has no exported member 'BarChart'.
src/components/shadcn-studio/blocks/WidgetProductInsights.tsx(3,10): error TS2305: Module '"recharts"' has no exported member 'Bar'.
src/components/shadcn-studio/blocks/WidgetProductInsights.tsx(3,15): error TS2305: Module '"recharts"' has no exported member 'BarChart'.
src/components/shadcn-studio/data-table/data-table-04.tsx(48,16): error TS2664: Invalid module name in augmentation, module 'tanstack/react-table' cannot be found.
src/components/shadcn-studio/data-table/data-table-04.tsx(311,11): error TS2339: Property 'filterVariant' does not exist on type 'ColumnMeta<any, unknown>'.
src/components/shadcn-studio/data-table/DataTable04.tsx(48,16): error TS2664: Invalid module name in augmentation, module 'tanstack/react-table' cannot be found.
src/components/shadcn-studio/data-table/DataTable04.tsx(326,11): error TS2339: Property 'filterVariant' does not exist on type 'ColumnMeta<any, unknown>'.
src/components/ui/chart.tsx(45,59): error TS2339: Property 'ResponsiveContainer' does not exist on type 'typeof import("recharts")'.
src/components/ui/chart.tsx(62,28): error TS2339: Property 'ResponsiveContainer' does not exist on type 'typeof import("recharts")'.
src/components/ui/chart.tsx(62,78): error TS2339: Property 'ResponsiveContainer' does not exist on type 'typeof import("recharts")'.
src/components/ui/chart.tsx(97,40): error TS2339: Property 'Tooltip' does not exist on type 'typeof import("recharts")'.
src/components/ui/chart.tsx(113,50): error TS2339: Property 'Tooltip' does not exist on type 'typeof import("recharts")'.
src/components/ui/chart.tsx(235,39): error TS2339: Property 'Legend' does not exist on type 'typeof import("recharts")'.
src/components/ui/InputOtp.tsx(10,20): error TS2344: Type 'FC<OTPProps>' does not satisfy the constraint 'keyof IntrinsicElements | ForwardRefExoticComponent<any> | (new (props: any, context: any) => Component<any, {}, any>) | ((props: any) => ReactNode)'.
  Property '$$typeof' is missing in type 'FunctionComponent<OTPProps>' but required in type 'ForwardRefExoticComponent<any>'.
src/components/ui/InputOtp.tsx(17,7): error TS2322: Type '{ length?: number | undefined; accept?: string | undefined; alt?: string | undefined; autoComplete?: HTMLInputAutoCompleteAttribute | undefined; ... 308 more ...; className: string; }' is not assignable to type 'IntrinsicAttributes & OTPProps'.
  Property 'ref' does not exist on type 'IntrinsicAttributes & OTPProps'.
src/components/ui/scroll-area.tsx(2,15): error TS2724: '"./ScrollArea"' has no exported member named 'ScrollAreaProps'. Did you mean 'ScrollArea'?
src/components/ui/shadcn-io/choicebox/index.tsx(19,4): error TS2741: Property 'value' is missing in type '{ children: Element; asChild: true; className: string; }' but required in type 'RadioGroupItemProps'.
src/components/ui/shadcn-io/color-picker/index.tsx(68,4): error TS2304: Cannot find name 'anyPickerProps'.
src/components/ui/shadcn-io/color-picker/index.tsx(72,48): error TS2339: Property 'hue' does not exist on type 'Color'.
src/components/ui/shadcn-io/color-picker/index.tsx(72,70): error TS2339: Property 'hue' does not exist on type 'Color'.
src/components/ui/shadcn-io/color-picker/index.tsx(74,19): error TS2339: Property 'saturationl' does not exist on type 'Color'.
src/components/ui/shadcn-io/color-picker/index.tsx(74,49): error TS2339: Property 'saturationl' does not exist on type 'Color'.
src/components/ui/shadcn-io/color-picker/index.tsx(77,19): error TS2339: Property 'lightness' does not exist on type 'Color'.
src/components/ui/shadcn-io/color-picker/index.tsx(77,47): error TS2339: Property 'lightness' does not exist on type 'Color'.
src/components/ui/shadcn-io/color-picker/index.tsx(79,52): error TS2339: Property 'alpha' does not exist on type 'Color'.
src/components/ui/shadcn-io/color-picker/index.tsx(79,82): error TS2339: Property 'alpha' does not exist on type 'Color'.
src/components/ui/shadcn-io/color-picker/index.tsx(99,23): error TS2339: Property 'hue' does not exist on type 'Color'.
src/components/ui/shadcn-io/color-picker/index.tsx(100,30): error TS2339: Property 'saturationl' does not exist on type 'Color'.
src/components/ui/shadcn-io/color-picker/index.tsx(101,29): error TS2339: Property 'lightness' does not exist on type 'Color'.
src/components/ui/shadcn-io/color-picker/index.tsx(102,26): error TS2339: Property 'alpha' does not exist on type 'Color'.
src/components/ui/shadcn-io/color-picker/index.tsx(117,13): error TS2693: 'any' only refers to a type, but is being used as a value here.
src/components/ui/shadcn-io/color-picker/index.tsx(155,68): error TS2304: Cannot find name 'anyPickerSelectionProps'.
src/components/ui/shadcn-io/color-picker/index.tsx(234,57): error TS2304: Cannot find name 'anyPickerHueProps'.
src/components/ui/shadcn-io/color-picker/index.tsx(268,59): error TS2304: Cannot find name 'anyPickerAlphaProps'.
src/components/ui/shadcn-io/color-picker/index.tsx(309,64): error TS2304: Cannot find name 'anyPickerEyeDropperProps'.
src/components/ui/shadcn-io/color-picker/index.tsx(318,31): error TS2339: Property 'hsl' does not exist on type 'Color'.
src/components/ui/shadcn-io/color-picker/index.tsx(347,72): error TS2304: Cannot find name 'anyPickerOutputProps'.
src/components/ui/shadcn-io/color-picker/index.tsx(393,60): error TS2304: Cannot find name 'anyPickerFormatProps'.
src/components/ui/shadcn-io/color-picker/index.tsx(395,23): error TS2339: Property 'hsl' does not exist on type '(input?: any) => Color'.
src/components/ui/shadcn-io/dropzone/index.tsx(8,43): error TS2614: Module '"react-dropzone"' has no exported member 'FileRejection'. Did you mean to use 'import FileRejection from "react-dropzone"' instead?
src/components/ui/shadcn-io/dropzone/index.tsx(15,29): error TS2339: Property 'maxSize' does not exist on type 'DropzoneOptions'.
src/components/ui/shadcn-io/dropzone/index.tsx(16,29): error TS2339: Property 'minSize' does not exist on type 'DropzoneOptions'.
src/components/ui/shadcn-io/dropzone/index.tsx(17,30): error TS2339: Property 'maxFiles' does not exist on type 'DropzoneOptions'.
src/components/ui/shadcn-io/dropzone/index.tsx(44,3): error TS2339: Property 'maxFiles' does not exist on type 'DropzoneProps'.
src/components/ui/shadcn-io/dropzone/index.tsx(45,3): error TS2339: Property 'maxSize' does not exist on type 'DropzoneProps'.
src/components/ui/shadcn-io/dropzone/index.tsx(46,3): error TS2339: Property 'minSize' does not exist on type 'DropzoneProps'.
src/components/ui/shadcn-io/dropzone/index.tsx(48,3): error TS2339: Property 'onError' does not exist on type 'DropzoneProps'.
src/components/ui/shadcn-io/dropzone/index.tsx(49,3): error TS2339: Property 'disabled' does not exist on type 'DropzoneProps'.
src/components/ui/shadcn-io/dropzone/index.tsx(57,5): error TS2353: Object literal may only specify known properties, and 'maxFiles' does not exist in type 'DropzoneOptions'.
src/components/ui/shadcn-io/table/index.tsx(73,26): error TS2349: This expression is not callable.
  Not all constituents of type 'Updater<SortingState>' are callable.
    Type 'SortingState' has no call signatures.
src/components/ui/sidebar.tsx(21,29): error TS2307: Cannot find module '/hooks/use-mobile' or its corresponding type declarations.
src/dal/artistDal.ts(9,29): error TS2307: Cannot find module '@/typesdatabase' or its corresponding type declarations.
src/dal/authorDal.ts(9,29): error TS2307: Cannot find module '@/typesdatabase' or its corresponding type declarations.
src/dal/bookmarkDal.ts(9,31): error TS2307: Cannot find module '@/typesdatabase' or its corresponding type declarations.
src/dal/chapterDal.ts(9,30): error TS2307: Cannot find module '@/typesdatabase' or its corresponding type declarations.
src/dal/comicDal.ts(9,28): error TS2307: Cannot find module '@/typesdatabase' or its corresponding type declarations.
src/dal/commentDal.ts(9,30): error TS2307: Cannot find module '@/typesdatabase' or its corresponding type declarations.
src/dal/genreDal.ts(9,28): error TS2307: Cannot find module '@/typesdatabase' or its corresponding type declarations.
src/dal/typeDal.ts(9,27): error TS2307: Cannot find module '@/typesdatabase' or its corresponding type declarations.
src/dal/userDal.ts(11,27): error TS2307: Cannot find module '@/typesdatabase' or its corresponding type declarations.
src/database/mutations/chapters.ts(22,35): error TS2307: Cannot find module 'lib/utils' or its corresponding type declarations.
src/database/mutations/comics.ts(26,35): error TS2307: Cannot find module 'lib/utils' or its corresponding type declarations.
src/database/queries/comics.ts(136,7): error TS2353: Object literal may only specify known properties, and 'totalItems' does not exist in type '{ page: number; pageSize: number; total: number; totalPages: number; hasNext: boolean; hasPrev: boolean; }'.
src/database/queries/sampleQueries.ts(23,8): error TS2307: Cannot find module '@/typesdatabase' or its corresponding type declarations.
src/database/seed/seeders/comicSeeder.ts(15,34): error TS2307: Cannot find module '@/typesdatabase' or its corresponding type declarations.
src/lib/actions/artists.ts(15,42): error TS2339: Property 'requests' does not exist on type 'number'.
src/lib/actions/auth.ts(60,88): error TS2339: Property 'requests' does not exist on type 'number'.
src/lib/actions/auth.ts(102,56): error TS2769: No overload matches this call.
  Overload 1 of 2, '(password: string, salt: string | number): Promise<string>', gave the following error.
    Argument of type 'number | undefined' is not assignable to parameter of type 'string | number'.
      Type 'undefined' is not assignable to type 'string | number'.
  Overload 2 of 2, '(password: string, salt: string | number, callback?: Callback<string> | undefined, progressCallback?: ProgressCallback | undefined): void', gave the following error.
    Argument of type 'number | undefined' is not assignable to parameter of type 'string | number'.
      Type 'undefined' is not assignable to type 'string | number'.
src/lib/actions/auth.ts(107,8): error TS2769: No overload matches this call.
  Overload 1 of 2, '(value: { email: string | SQL<unknown> | Placeholder<string, any>; name?: string | SQL<unknown> | Placeholder<string, any> | null | undefined; password?: string | SQL<...> | Placeholder<...> | null | undefined; ... 5 more ...; updatedAt?: Date | ... 2 more ... | undefined; }): PgInsertBase<...>', gave the following error.
    Type 'Promise<string> & void' is not assignable to type 'string | SQL<unknown> | Placeholder<string, any> | null | undefined'.
  Overload 2 of 2, '(values: { email: string | SQL<unknown> | Placeholder<string, any>; name?: string | SQL<unknown> | Placeholder<string, any> | null | undefined; password?: string | SQL<...> | Placeholder<...> | null | undefined; ... 5 more ...; updatedAt?: Date | ... 2 more ... | undefined; }[]): PgInsertBase<...>', gave the following error.
    Object literal may only specify known properties, and 'name' does not exist in type '{ email: string | SQL<unknown> | Placeholder<string, any>; name?: string | SQL<unknown> | Placeholder<string, any> | null | undefined; password?: string | SQL<...> | Placeholder<...> | null | undefined; ... 5 more ...; updatedAt?: Date | ... 2 more ... | undefined; }[]'.
src/lib/actions/auth.ts(126,45): error TS18048: 'appConfig.security.tokenExpiry' is possibly 'undefined'.
src/lib/actions/auth.ts(126,45): error TS18048: 'appConfig.security.tokenExpiry.emailVerification' is possibly 'undefined'.
src/lib/actions/auth.ts(271,43): error TS18048: 'appConfig.security.tokenExpiry' is possibly 'undefined'.
src/lib/actions/auth.ts(271,43): error TS18048: 'appConfig.security.tokenExpiry.emailVerification' is possibly 'undefined'.
src/lib/actions/auth.ts(341,43): error TS18048: 'appConfig.security.tokenExpiry' is possibly 'undefined'.
src/lib/actions/auth.ts(341,43): error TS18048: 'appConfig.security.tokenExpiry.passwordReset' is possibly 'undefined'.
src/lib/actions/auth.ts(419,56): error TS2769: No overload matches this call.
  Overload 1 of 2, '(password: string, salt: string | number): Promise<string>', gave the following error.
    Argument of type 'number | undefined' is not assignable to parameter of type 'string | number'.
      Type 'undefined' is not assignable to type 'string | number'.
  Overload 2 of 2, '(password: string, salt: string | number, callback?: Callback<string> | undefined, progressCallback?: ProgressCallback | undefined): void', gave the following error.
    Argument of type 'number | undefined' is not assignable to parameter of type 'string | number'.
      Type 'undefined' is not assignable to type 'string | number'.
src/lib/actions/auth.ts(424,14): error TS2322: Type 'Promise<string> & void' is not assignable to type 'string | SQL<unknown> | PgColumn<ColumnBaseConfig<ColumnDataType, string>, {}, {}> | null | undefined'.
src/lib/actions/authOptimized.ts(70,39): error TS2339: Property 'requests' does not exist on type 'number'.
src/lib/actions/authors.ts(15,42): error TS2339: Property 'requests' does not exist on type 'number'.
src/lib/actions/authorsArtists.ts(150,15): error TS18048: 'appConfig.pagination' is possibly 'undefined'.
src/lib/actions/authorsArtists.ts(154,33): error TS18048: 'limit' is possibly 'undefined'.
src/lib/actions/authorsArtists.ts(180,41): error TS18048: 'limit' is possibly 'undefined'.
src/lib/actions/authorsArtists.ts(328,15): error TS18048: 'appConfig.pagination' is possibly 'undefined'.
src/lib/actions/authorsArtists.ts(332,33): error TS18048: 'limit' is possibly 'undefined'.
src/lib/actions/authorsArtists.ts(358,41): error TS18048: 'limit' is possibly 'undefined'.
src/lib/actions/bookmarksComments.ts(145,31): error TS18048: 'appConfig.pagination' is possibly 'undefined'.
src/lib/actions/bookmarksComments.ts(147,33): error TS18048: 'limit' is possibly 'undefined'.
src/lib/actions/bookmarksComments.ts(179,41): error TS18048: 'limit' is possibly 'undefined'.
src/lib/actions/bookmarksComments.ts(333,31): error TS18048: 'appConfig.pagination' is possibly 'undefined'.
src/lib/actions/bookmarksComments.ts(333,52): error TS2551: Property 'commentsPerPage' does not exist on type '{ defaultLimit?: number | undefined; comicsPerPage?: number | undefined; chaptersPerPage?: number | undefined; }'. Did you mean 'comicsPerPage'?
src/lib/actions/bookmarksComments.ts(385,31): error TS18048: 'appConfig.pagination' is possibly 'undefined'.
src/lib/actions/bookmarksComments.ts(385,52): error TS2551: Property 'commentsPerPage' does not exist on type '{ defaultLimit?: number | undefined; comicsPerPage?: number | undefined; chaptersPerPage?: number | undefined; }'. Did you mean 'comicsPerPage'?
src/lib/actions/bookmarksComments.ts(467,31): error TS18048: 'appConfig.pagination' is possibly 'undefined'.
src/lib/actions/bookmarksComments.ts(469,33): error TS18048: 'limit' is possibly 'undefined'.
src/lib/actions/bookmarksComments.ts(504,41): error TS18048: 'limit' is possibly 'undefined'.
src/lib/actions/chapters.ts(200,15): error TS18048: 'appConfig.pagination' is possibly 'undefined'.
src/lib/actions/chapters.ts(206,33): error TS18048: 'limit' is possibly 'undefined'.
src/lib/actions/chapters.ts(252,41): error TS18048: 'limit' is possibly 'undefined'.
src/lib/actions/comics.ts(12,28): error TS2307: Cannot find module '@/typesdatabase' or its corresponding type declarations.
src/lib/actions/comics.ts(197,15): error TS18048: 'appConfig.pagination' is possibly 'undefined'.
src/lib/actions/comics.ts(208,33): error TS18048: 'limit' is possibly 'undefined'.
src/lib/actions/comics.ts(282,41): error TS18048: 'limit' is possibly 'undefined'.
src/lib/actions/comments.ts(30,42): error TS2339: Property 'requests' does not exist on type 'number'.
src/lib/actions/genres.ts(15,42): error TS2339: Property 'requests' does not exist on type 'number'.
src/lib/actions/genresTypes.ts(149,15): error TS18048: 'appConfig.pagination' is possibly 'undefined'.
src/lib/actions/genresTypes.ts(153,33): error TS18048: 'limit' is possibly 'undefined'.
src/lib/actions/genresTypes.ts(179,41): error TS18048: 'limit' is possibly 'undefined'.
src/lib/actions/genresTypes.ts(326,15): error TS18048: 'appConfig.pagination' is possibly 'undefined'.
src/lib/actions/genresTypes.ts(330,33): error TS18048: 'limit' is possibly 'undefined'.
src/lib/actions/genresTypes.ts(356,41): error TS18048: 'limit' is possibly 'undefined'.
src/lib/actions/types.ts(15,42): error TS2339: Property 'requests' does not exist on type 'number'.
src/lib/actions/users.ts(29,39): error TS2339: Property 'requests' does not exist on type 'number'.
src/lib/actions/users.ts(113,40): error TS2339: Property 'requests' does not exist on type 'number'.
src/lib/actions/usersManagement.ts(41,66): error TS2769: No overload matches this call.
  Overload 1 of 2, '(password: string, salt: string | number): Promise<string>', gave the following error.
    Argument of type 'number | undefined' is not assignable to parameter of type 'string | number'.
      Type 'undefined' is not assignable to type 'string | number'.
  Overload 2 of 2, '(password: string, salt: string | number, callback?: Callback<string> | undefined, progressCallback?: ProgressCallback | undefined): void', gave the following error.
    Argument of type 'number | undefined' is not assignable to parameter of type 'string | number'.
      Type 'undefined' is not assignable to type 'string | number'.
src/lib/actions/usersManagement.ts(45,8): error TS2769: No overload matches this call.
  Overload 1 of 2, '(value: { email: string | SQL<unknown> | Placeholder<string, any>; name?: string | SQL<unknown> | Placeholder<string, any> | null | undefined; password?: string | SQL<...> | Placeholder<...> | null | undefined; ... 5 more ...; updatedAt?: Date | ... 2 more ... | undefined; }): PgInsertBase<...>', gave the following error.
    Type 'Promise<string> & void' is not assignable to type 'string | SQL<unknown> | Placeholder<string, any> | null | undefined'.
  Overload 2 of 2, '(values: { email: string | SQL<unknown> | Placeholder<string, any>; name?: string | SQL<unknown> | Placeholder<string, any> | null | undefined; password?: string | SQL<...> | Placeholder<...> | null | undefined; ... 5 more ...; updatedAt?: Date | ... 2 more ... | undefined; }[]): PgInsertBase<...>', gave the following error.
    Object literal may only specify known properties, and 'email' does not exist in type '{ email: string | SQL<unknown> | Placeholder<string, any>; name?: string | SQL<unknown> | Placeholder<string, any> | null | undefined; password?: string | SQL<...> | Placeholder<...> | null | undefined; ... 5 more ...; updatedAt?: Date | ... 2 more ... | undefined; }[]'.
src/lib/actions/usersManagement.ts(228,15): error TS18048: 'appConfig.pagination' is possibly 'undefined'.
src/lib/actions/usersManagement.ts(235,33): error TS18048: 'limit' is possibly 'undefined'.
src/lib/actions/usersManagement.ts(289,44): error TS2345: Argument of type 'number | undefined' is not assignable to parameter of type 'number | Placeholder<string, any>'.
  Type 'undefined' is not assignable to type 'number | Placeholder<string, any>'.
src/lib/actions/usersManagement.ts(299,41): error TS18048: 'limit' is possibly 'undefined'.
src/lib/actions/workflow.ts(30,39): error TS2339: Property 'requests' does not exist on type 'number'.
src/lib/actions/workflow.ts(31,40): error TS2339: Property 'window' does not exist on type 'number'.
src/lib/actions/workflow.ts(95,40): error TS2339: Property 'requests' does not exist on type 'number'.
src/lib/actions/workflow.ts(96,41): error TS2339: Property 'window' does not exist on type 'number'.
src/lib/actions/workflow.ts(217,40): error TS2339: Property 'requests' does not exist on type 'number'.
src/lib/actions/workflow.ts(218,41): error TS2339: Property 'window' does not exist on type 'number'.
src/lib/authConfig.ts(77,19): error TS2339: Property 'auth' does not exist on type '{ name: string; url: string; description: string; session: { maxAge: number; updateAge: number; }; rateLimit: { enabled: boolean; default: number; defaultLimit: number; defaultWindow: string; auth: number; email: number; }; ... 5 more ...; customPassword?: string | undefined; }'.
src/lib/authConfig.ts(88,19): error TS2339: Property 'auth' does not exist on type '{ name: string; url: string; description: string; session: { maxAge: number; updateAge: number; }; rateLimit: { enabled: boolean; default: number; defaultLimit: number; defaultWindow: string; auth: number; email: number; }; ... 5 more ...; customPassword?: string | undefined; }'.
src/lib/authConfig.ts(190,21): error TS2339: Property 'auth' does not exist on type '{ name: string; url: string; description: string; session: { maxAge: number; updateAge: number; }; rateLimit: { enabled: boolean; default: number; defaultLimit: number; defaultWindow: string; auth: number; email: number; }; ... 5 more ...; customPassword?: string | undefined; }'.
src/lib/cache.ts(118,26): error TS2339: Property 'REDIS_DB' does not exist on type '{ DATABASE_URL: string; NEXTAUTH_SECRET: string; NEXTAUTH_URL: string; AUTH_URL: string; NEXT_PUBLIC_APP_URL: string; PORT: string; UPSTASH_REDIS_REST_URL: string; UPSTASH_REDIS_REST_TOKEN: string; ... 18 more ...; NODE_ENV: "development" | ... 1 more ... | "test"; }'.
src/lib/cache.ts(134,51): error TS2339: Property 'REDIS_TLS_ENABLED' does not exist on type '{ DATABASE_URL: string; NEXTAUTH_SECRET: string; NEXTAUTH_URL: string; AUTH_URL: string; NEXT_PUBLIC_APP_URL: string; PORT: string; UPSTASH_REDIS_REST_URL: string; UPSTASH_REDIS_REST_TOKEN: string; ... 18 more ...; NODE_ENV: "development" | ... 1 more ... | "test"; }'.
src/lib/comicCache.ts(1,28): error TS2307: Cannot find module '@/typesdatabase' or its corresponding type declarations.
src/lib/email.ts(26,21): error TS2339: Property 'user' does not exist on type '{ from: string; fromName: string; defaultTemplate: string; templates: Record<string, string>; provider: string; host: string; port: number; secure: boolean; auth: { user: string; pass: string; }; }'.
src/lib/email.ts(26,45): error TS2339: Property 'password' does not exist on type '{ from: string; fromName: string; defaultTemplate: string; templates: Record<string, string>; provider: string; host: string; port: number; secure: boolean; auth: { user: string; pass: string; }; }'.
src/lib/email.ts(28,33): error TS2339: Property 'user' does not exist on type '{ from: string; fromName: string; defaultTemplate: string; templates: Record<string, string>; provider: string; host: string; port: number; secure: boolean; auth: { user: string; pass: string; }; }'.
src/lib/email.ts(29,33): error TS2339: Property 'password' does not exist on type '{ from: string; fromName: string; defaultTemplate: string; templates: Record<string, string>; provider: string; host: string; port: number; secure: boolean; auth: { user: string; pass: string; }; }'.
src/lib/email.ts(38,21): error TS2339: Property 'enabled' does not exist on type '{ from: string; fromName: string; defaultTemplate: string; templates: Record<string, string>; provider: string; host: string; port: number; secure: boolean; auth: { user: string; pass: string; }; }'.
src/lib/email.ts(64,24): error TS2339: Property 'enabled' does not exist on type '{ from: string; fromName: string; defaultTemplate: string; templates: Record<string, string>; provider: string; host: string; port: number; secure: boolean; auth: { user: string; pass: string; }; }'.
src/lib/imagekit.ts(197,11): error TS2571: Object is of type 'unknown'.
src/lib/nodemailer.ts(19,25): error TS2339: Property 'user' does not exist on type '{ from: string; fromName: string; defaultTemplate: string; templates: Record<string, string>; provider: string; host: string; port: number; secure: boolean; auth: { user: string; pass: string; }; }'.
src/lib/nodemailer.ts(19,49): error TS2339: Property 'password' does not exist on type '{ from: string; fromName: string; defaultTemplate: string; templates: Record<string, string>; provider: string; host: string; port: number; secure: boolean; auth: { user: string; pass: string; }; }'.
src/lib/nodemailer.ts(21,37): error TS2339: Property 'user' does not exist on type '{ from: string; fromName: string; defaultTemplate: string; templates: Record<string, string>; provider: string; host: string; port: number; secure: boolean; auth: { user: string; pass: string; }; }'.
src/lib/nodemailer.ts(22,37): error TS2339: Property 'password' does not exist on type '{ from: string; fromName: string; defaultTemplate: string; templates: Record<string, string>; provider: string; host: string; port: number; secure: boolean; auth: { user: string; pass: string; }; }'.
src/lib/ratelimit.ts(25,64): error TS2339: Property 'requests' does not exist on type 'number'.
src/lib/workflow.ts(81,40): error TS2339: Property 'requests' does not exist on type 'number'.
src/lib/workflow.ts(82,41): error TS2339: Property 'window' does not exist on type 'number'.
src/services/upload/providers/imagekit.ts(77,9): error TS2353: Object literal may only specify known properties, and 'transformation' does not exist in type 'UploadOptions'.
src/services/upload/providers/imagekit.ts(130,33): error TS2345: Argument of type 'string' is not assignable to parameter of type 'DeleteFileOptions'.
ELIFECYCLE Command failed with exit code 2.
