
> comicwise@0.1.0 type-check C:\Users\Alexa\Desktop\SandBox\comicwise
> tsc --noEmit

scripts/cli/commands/health.ts(44,17): error TS2339: Property 'verbose' does not exist on type 'T'.
scripts/fixAllErrorsAuto.ts(122,31): error TS2304: Cannot find name 'database'.
scripts/fixAllErrorsAuto.ts(122,31): error TS2769: No overload matches this call.
  The last overload gave the following error.
    Argument of type 'number' is not assignable to parameter of type 'string | RegExp'.
scripts/fixAllErrorsAuto.ts(122,45): error TS2304: Cannot find name 'g'.
scripts/uploadBulk.ts(87,47): error TS2307: Cannot find module '/services/upload/providers/s3' or its corresponding type declarations.
src/app/(root)/comics/page.tsx(9,48): error TS2307: Cannot find module '@/typesdatabase' or its corresponding type declarations.
src/app/admin/artists/[id]/page.tsx(1,28): error TS2307: Cannot find module 'app/admin/artists/[id]/EditArtistForm' or its corresponding type declarations.
src/app/admin/authors/[id]/page.tsx(1,28): error TS2307: Cannot find module 'app/admin/authors/[id]/EditAuthorForm' or its corresponding type declarations.
src/app/admin/chapters/[id]/page.tsx(1,29): error TS2307: Cannot find module 'app/admin/chapters/[id]/EditChapterForm' or its corresponding type declarations.
src/app/admin/genres/[id]/page.tsx(1,27): error TS2307: Cannot find module 'app/admin/genres/[id]/EditGenreForm' or its corresponding type declarations.
src/app/admin/page.tsx(4,10): error TS2305: Module '"database"' has no exported member 'bookmark'.
src/app/admin/page.tsx(4,20): error TS2459: Module '"database"' declares 'chapter' locally, but it is not exported.
src/app/admin/page.tsx(4,29): error TS2459: Module '"database"' declares 'comic' locally, but it is not exported.
src/app/admin/page.tsx(4,36): error TS2305: Module '"database"' has no exported member 'comment'.
src/app/admin/page.tsx(4,45): error TS2459: Module '"database"' declares 'user' locally, but it is not exported.
src/app/admin/types/[id]/page.tsx(1,26): error TS2307: Cannot find module 'app/admin/types/[id]/EditTypeForm' or its corresponding type declarations.
src/app/admin/users/[id]/page.tsx(1,26): error TS2307: Cannot find module 'app/admin/users/[id]/EditUserForm' or its corresponding type declarations.
src/app/admin/users/page.tsx(3,10): error TS2459: Module '"database"' declares 'user' locally, but it is not exported.
src/app/api/artists/[id]/route.ts(10,8): error TS2307: Cannot find module '@/app/apilib/generic-crud' or its corresponding type declarations.
src/app/api/authors/[id]/route.ts(10,8): error TS2307: Cannot find module '@/app/apilib/generic-crud' or its corresponding type declarations.
src/app/api/types/[id]/route.ts(10,8): error TS2307: Cannot find module '@/app/apilib/generic-crud' or its corresponding type declarations.
src/app/dashboard/page.tsx(8,18): error TS2307: Cannot find module 'app/dashboard/data.json' or its corresponding type declarations.
src/app/Providers.tsx(9,35): error TS2307: Cannot find module 'ui/sonner' or its corresponding type declarations.
src/app/Providers.tsx(21,20): error TS2322: Type '{ expand: boolean; richColors: true; closeButton: true; }' is not assignable to type 'IntrinsicAttributes'.
  Property 'expand' does not exist on type 'IntrinsicAttributes'.
src/components/admin/AdminUsersOptimized.tsx(32,27): error TS2307: Cannot find module '@/typesdatabase' or its corresponding type declarations.
src/components/admin/BaseForm.tsx(76,24): error TS2344: Type 'output<T>' does not satisfy the constraint 'FieldValues'.
  Type 'unknown' is not assignable to type 'FieldValues'.
src/components/admin/BaseForm.tsx(77,27): error TS2769: No overload matches this call.
  Overload 1 of 4, '(schema: Zod3Type<unknown, FieldValues>, schemaOptions?: ParseParams | undefined, resolverOptions?: NonRawResolverOptions | undefined): Resolver<...>', gave the following error.
    Argument of type 'T' is not assignable to parameter of type 'Zod3Type<unknown, FieldValues>'.
      Type 'ZodType<unknown, unknown, $ZodTypeInternals<unknown, unknown>>' is not assignable to type 'Zod3Type<unknown, FieldValues>'.
        Types of property '_input' are incompatible.
          Type 'unknown' is not assignable to type 'FieldValues'.
  Overload 2 of 4, '(schema: $ZodType<unknown, FieldValues, $ZodTypeInternals<unknown, FieldValues>>, schemaOptions?: ParseContext<$ZodIssue> | undefined, resolverOptions?: NonRawResolverOptions | undefined): Resolver<...>', gave the following error.
    Argument of type 'T' is not assignable to parameter of type '$ZodType<unknown, FieldValues, $ZodTypeInternals<unknown, FieldValues>>'.
      Type 'ZodType<unknown, unknown, $ZodTypeInternals<unknown, unknown>>' is not assignable to type '$ZodType<unknown, FieldValues, $ZodTypeInternals<unknown, FieldValues>>'.
        Types of property '_zod' are incompatible.
          Type '$ZodTypeInternals<unknown, unknown>' is not assignable to type '$ZodTypeInternals<unknown, FieldValues>'.
            Type 'unknown' is not assignable to type 'FieldValues'.
src/components/admin/BaseForm.tsx(91,79): error TS2344: Type 'output<T>' does not satisfy the constraint 'FieldValues'.
  Type 'unknown' is not assignable to type 'FieldValues'.
src/components/admin/BaseForm.tsx(99,13): error TS2322: Type 'Control<output<T>, any, output<T>>' is not assignable to type 'Control<FieldValues, any, FieldValues>'.
  The types of '_subjects.state' are incompatible between these types.
    Type 'FormStateSubjectRef<output<T>>' is not assignable to type 'FormStateSubjectRef<FieldValues>'.
      Type 'FormStateSubjectRef<output<T>>' is not assignable to type '{ readonly observers: Observer<Partial<FormState<FieldValues>> & { name?: string | undefined; values?: FieldValues | undefined; type?: EventType | undefined; }>[]; subscribe: (value: Observer<...>) => Subscription; unsubscribe: Noop; }'.
        Types of property 'observers' are incompatible.
          Type 'Observer<Partial<FormState<output<T>>> & { name?: string | undefined; values?: output<T> | undefined; type?: EventType | undefined; }>[]' is not assignable to type 'Observer<Partial<FormState<FieldValues>> & { name?: string | undefined; values?: FieldValues | undefined; type?: EventType | undefined; }>[]'.
            Type 'Observer<Partial<FormState<output<T>>> & { name?: string | undefined; values?: output<T> | undefined; type?: EventType | undefined; }>' is not assignable to type 'Observer<Partial<FormState<FieldValues>> & { name?: string | undefined; values?: FieldValues | undefined; type?: EventType | undefined; }>'.
              Type 'Partial<FormState<FieldValues>> & { name?: string | undefined; values?: FieldValues | undefined; type?: EventType | undefined; }' is not assignable to type 'Partial<FormState<output<T>>> & { name?: string | undefined; values?: output<T> | undefined; type?: EventType | undefined; }'.
                Type 'Partial<FormState<FieldValues>> & { name?: string | undefined; values?: FieldValues | undefined; type?: EventType | undefined; }' is not assignable to type 'Partial<FormState<output<T>>>'.
                  Types of property 'defaultValues' are incompatible.
                    Type 'Readonly<{ [x: string]: any; }> | undefined' is not assignable to type 'Readonly<DeepPartial<output<T>>> | undefined'.
                      Type 'Readonly<{ [x: string]: any; }>' is not assignable to type 'Readonly<DeepPartial<output<T>>>'.
src/components/admin/BaseForm.tsx(122,13): error TS2322: Type 'Control<output<T>, any, output<T>>' is not assignable to type 'Control<FieldValues, any, FieldValues>'.
  The types of '_subjects.state' are incompatible between these types.
    Type 'FormStateSubjectRef<output<T>>' is not assignable to type 'FormStateSubjectRef<FieldValues>'.
      Type 'FormStateSubjectRef<output<T>>' is not assignable to type '{ readonly observers: Observer<Partial<FormState<FieldValues>> & { name?: string | undefined; values?: FieldValues | undefined; type?: EventType | undefined; }>[]; subscribe: (value: Observer<...>) => Subscription; unsubscribe: Noop; }'.
        Types of property 'observers' are incompatible.
          Type 'Observer<Partial<FormState<output<T>>> & { name?: string | undefined; values?: output<T> | undefined; type?: EventType | undefined; }>[]' is not assignable to type 'Observer<Partial<FormState<FieldValues>> & { name?: string | undefined; values?: FieldValues | undefined; type?: EventType | undefined; }>[]'.
            Type 'Observer<Partial<FormState<output<T>>> & { name?: string | undefined; values?: output<T> | undefined; type?: EventType | undefined; }>' is not assignable to type 'Observer<Partial<FormState<FieldValues>> & { name?: string | undefined; values?: FieldValues | undefined; type?: EventType | undefined; }>'.
              Type 'Partial<FormState<FieldValues>> & { name?: string | undefined; values?: FieldValues | undefined; type?: EventType | undefined; }' is not assignable to type 'Partial<FormState<output<T>>> & { name?: string | undefined; values?: output<T> | undefined; type?: EventType | undefined; }'.
                Type 'Partial<FormState<FieldValues>> & { name?: string | undefined; values?: FieldValues | undefined; type?: EventType | undefined; }' is not assignable to type 'Partial<FormState<output<T>>>'.
                  Types of property 'defaultValues' are incompatible.
                    Type 'Readonly<{ [x: string]: any; }> | undefined' is not assignable to type 'Readonly<DeepPartial<output<T>>> | undefined'.
                      Type 'Readonly<{ [x: string]: any; }>' is not assignable to type 'Readonly<DeepPartial<output<T>>>'.
src/components/admin/BaseForm.tsx(156,13): error TS2322: Type 'Control<output<T>, any, output<T>>' is not assignable to type 'Control<FieldValues, any, FieldValues>'.
  The types of '_subjects.state' are incompatible between these types.
    Type 'FormStateSubjectRef<output<T>>' is not assignable to type 'FormStateSubjectRef<FieldValues>'.
      Type 'FormStateSubjectRef<output<T>>' is not assignable to type '{ readonly observers: Observer<Partial<FormState<FieldValues>> & { name?: string | undefined; values?: FieldValues | undefined; type?: EventType | undefined; }>[]; subscribe: (value: Observer<...>) => Subscription; unsubscribe: Noop; }'.
        Types of property 'observers' are incompatible.
          Type 'Observer<Partial<FormState<output<T>>> & { name?: string | undefined; values?: output<T> | undefined; type?: EventType | undefined; }>[]' is not assignable to type 'Observer<Partial<FormState<FieldValues>> & { name?: string | undefined; values?: FieldValues | undefined; type?: EventType | undefined; }>[]'.
            Type 'Observer<Partial<FormState<output<T>>> & { name?: string | undefined; values?: output<T> | undefined; type?: EventType | undefined; }>' is not assignable to type 'Observer<Partial<FormState<FieldValues>> & { name?: string | undefined; values?: FieldValues | undefined; type?: EventType | undefined; }>'.
              Type 'Partial<FormState<FieldValues>> & { name?: string | undefined; values?: FieldValues | undefined; type?: EventType | undefined; }' is not assignable to type 'Partial<FormState<output<T>>> & { name?: string | undefined; values?: output<T> | undefined; type?: EventType | undefined; }'.
                Type 'Partial<FormState<FieldValues>> & { name?: string | undefined; values?: FieldValues | undefined; type?: EventType | undefined; }' is not assignable to type 'Partial<FormState<output<T>>>'.
                  Types of property 'defaultValues' are incompatible.
                    Type 'Readonly<{ [x: string]: any; }> | undefined' is not assignable to type 'Readonly<DeepPartial<output<T>>> | undefined'.
                      Type 'Readonly<{ [x: string]: any; }>' is not assignable to type 'Readonly<DeepPartial<output<T>>>'.
src/components/admin/BaseForm.tsx(184,13): error TS2322: Type 'Control<output<T>, any, output<T>>' is not assignable to type 'Control<FieldValues, any, FieldValues>'.
  The types of '_subjects.state' are incompatible between these types.
    Type 'FormStateSubjectRef<output<T>>' is not assignable to type 'FormStateSubjectRef<FieldValues>'.
      Type 'FormStateSubjectRef<output<T>>' is not assignable to type '{ readonly observers: Observer<Partial<FormState<FieldValues>> & { name?: string | undefined; values?: FieldValues | undefined; type?: EventType | undefined; }>[]; subscribe: (value: Observer<...>) => Subscription; unsubscribe: Noop; }'.
        Types of property 'observers' are incompatible.
          Type 'Observer<Partial<FormState<output<T>>> & { name?: string | undefined; values?: output<T> | undefined; type?: EventType | undefined; }>[]' is not assignable to type 'Observer<Partial<FormState<FieldValues>> & { name?: string | undefined; values?: FieldValues | undefined; type?: EventType | undefined; }>[]'.
            Type 'Observer<Partial<FormState<output<T>>> & { name?: string | undefined; values?: output<T> | undefined; type?: EventType | undefined; }>' is not assignable to type 'Observer<Partial<FormState<FieldValues>> & { name?: string | undefined; values?: FieldValues | undefined; type?: EventType | undefined; }>'.
              Type 'Partial<FormState<FieldValues>> & { name?: string | undefined; values?: FieldValues | undefined; type?: EventType | undefined; }' is not assignable to type 'Partial<FormState<output<T>>> & { name?: string | undefined; values?: output<T> | undefined; type?: EventType | undefined; }'.
                Type 'Partial<FormState<FieldValues>> & { name?: string | undefined; values?: FieldValues | undefined; type?: EventType | undefined; }' is not assignable to type 'Partial<FormState<output<T>>>'.
                  Types of property 'defaultValues' are incompatible.
                    Type 'Readonly<{ [x: string]: any; }> | undefined' is not assignable to type 'Readonly<DeepPartial<output<T>>> | undefined'.
                      Type 'Readonly<{ [x: string]: any; }>' is not assignable to type 'Readonly<DeepPartial<output<T>>>'.
src/components/admin/BaseForm.tsx(210,13): error TS2322: Type 'Control<output<T>, any, output<T>>' is not assignable to type 'Control<FieldValues, any, FieldValues>'.
  The types of '_subjects.state' are incompatible between these types.
    Type 'FormStateSubjectRef<output<T>>' is not assignable to type 'FormStateSubjectRef<FieldValues>'.
      Type 'FormStateSubjectRef<output<T>>' is not assignable to type '{ readonly observers: Observer<Partial<FormState<FieldValues>> & { name?: string | undefined; values?: FieldValues | undefined; type?: EventType | undefined; }>[]; subscribe: (value: Observer<...>) => Subscription; unsubscribe: Noop; }'.
        Types of property 'observers' are incompatible.
          Type 'Observer<Partial<FormState<output<T>>> & { name?: string | undefined; values?: output<T> | undefined; type?: EventType | undefined; }>[]' is not assignable to type 'Observer<Partial<FormState<FieldValues>> & { name?: string | undefined; values?: FieldValues | undefined; type?: EventType | undefined; }>[]'.
            Type 'Observer<Partial<FormState<output<T>>> & { name?: string | undefined; values?: output<T> | undefined; type?: EventType | undefined; }>' is not assignable to type 'Observer<Partial<FormState<FieldValues>> & { name?: string | undefined; values?: FieldValues | undefined; type?: EventType | undefined; }>'.
              Type 'Partial<FormState<FieldValues>> & { name?: string | undefined; values?: FieldValues | undefined; type?: EventType | undefined; }' is not assignable to type 'Partial<FormState<output<T>>> & { name?: string | undefined; values?: output<T> | undefined; type?: EventType | undefined; }'.
                Type 'Partial<FormState<FieldValues>> & { name?: string | undefined; values?: FieldValues | undefined; type?: EventType | undefined; }' is not assignable to type 'Partial<FormState<output<T>>>'.
                  Types of property 'defaultValues' are incompatible.
                    Type 'Readonly<{ [x: string]: any; }> | undefined' is not assignable to type 'Readonly<DeepPartial<output<T>>> | undefined'.
                      Type 'Readonly<{ [x: string]: any; }>' is not assignable to type 'Readonly<DeepPartial<output<T>>>'.
src/components/admin/BaseForm.tsx(234,6): error TS2322: Type '{ children: Element; watch: UseFormWatch<output<T>>; getValues: UseFormGetValues<output<T>>; getFieldState: UseFormGetFieldState<output<...>>; ... 12 more ...; subscribe: UseFormSubscribe<...>; }' is not assignable to type 'UseFormReturn<FieldValues, any, TFieldValues>'.
  The types returned by 'watch()' are incompatible between these types.
    Type 'output<T>' is not assignable to type 'FieldValues'.
      Type 'unknown' is not assignable to type 'FieldValues'.
src/components/admin/BaseForm.tsx(236,37): error TS2345: Argument of type '(values: z.core.output<T>) => Promise<void>' is not assignable to parameter of type 'SubmitHandler<TFieldValues>'.
  Types of parameters 'values' and 'data' are incompatible.
    Type 'TFieldValues' is not assignable to type 'output<T>'.
      Type 'FieldValues' is not assignable to type 'output<T>'.
src/components/admin/BaseForm.tsx(242,51): error TS2345: Argument of type 'UseFormReturn<output<T>, any, TFieldValues>' is not assignable to parameter of type 'UseFormReturn<output<T>>'.
  Types of property 'handleSubmit' are incompatible.
    Type 'UseFormHandleSubmit<output<T>, TFieldValues>' is not assignable to type 'UseFormHandleSubmit<output<T>, output<T>>'.
      Types of parameters 'onValid' and 'onValid' are incompatible.
        Types of parameters 'data' and 'data' are incompatible.
          Type 'TFieldValues' is not assignable to type 'output<T>'.
            Type 'FieldValues' is not assignable to type 'output<T>'.
src/components/admin/ComicForm.tsx(67,5): error TS2322: Type 'Resolver<{ title: string; description: string; coverImage: string; status: "Ongoing" | "Hiatus" | "Completed" | "Dropped" | "Coming Soon"; publicationDate: string | Date; slug?: string | undefined; authorId?: string | undefined; artistId?: string | undefined; typeId?: string | undefined; genreIds?: string[] | undefi...' is not assignable to type 'Resolver<{ title: string; description: string; coverImage: string; status: "Ongoing" | "Hiatus" | "Completed" | "Dropped" | "Coming Soon"; publicationDate: Date; genreIds: string[]; slug?: string | undefined; authorId?: string | undefined; artistId?: string | undefined; typeId?: string | undefined; }, any, { ...; }>'.
  Types of parameters 'options' and 'options' are incompatible.
    Type 'ResolverOptions<{ title: string; description: string; coverImage: string; status: "Ongoing" | "Hiatus" | "Completed" | "Dropped" | "Coming Soon"; publicationDate: Date; genreIds: string[]; slug?: string | undefined; authorId?: string | undefined; artistId?: string | undefined; typeId?: string | undefined; }>' is not assignable to type 'ResolverOptions<{ title: string; description: string; coverImage: string; status: "Ongoing" | "Hiatus" | "Completed" | "Dropped" | "Coming Soon"; publicationDate: string | Date; slug?: string | undefined; authorId?: string | undefined; artistId?: string | undefined; typeId?: string | undefined; genreIds?: string[] |...'.
      Type 'string | Date' is not assignable to type 'Date'.
        Type 'string' is not assignable to type 'Date'.
src/components/admin/ComicForm.tsx(111,43): error TS2345: Argument of type '(data: { title: string; description: string; coverImage: string; status: "Ongoing" | "Hiatus" | "Completed" | "Dropped" | "Coming Soon"; publicationDate: Date; genreIds: string[]; slug?: string | undefined; authorId?: string | undefined; artistId?: string | undefined; typeId?: string | undefined; }) => Promise<...>' is not assignable to parameter of type 'SubmitHandler<TFieldValues>'.
  Types of parameters 'data' and 'data' are incompatible.
    Type 'TFieldValues' is not assignable to type '{ title: string; description: string; coverImage: string; status: "Ongoing" | "Hiatus" | "Completed" | "Dropped" | "Coming Soon"; publicationDate: Date; genreIds: string[]; slug?: string | undefined; authorId?: string | undefined; artistId?: string | undefined; typeId?: string | undefined; }'.
      Type 'FieldValues' is missing the following properties from type '{ title: string; description: string; coverImage: string; status: "Ongoing" | "Hiatus" | "Completed" | "Dropped" | "Coming Soon"; publicationDate: Date; genreIds: string[]; slug?: string | undefined; authorId?: string | undefined; artistId?: string | undefined; typeId?: string | undefined; }': title, description, coverImage, status, and 2 more.
src/components/admin/ComicForm.tsx(167,21): error TS2322: Type 'Control<{ title: string; description: string; coverImage: string; status: "Ongoing" | "Hiatus" | "Completed" | "Dropped" | "Coming Soon"; publicationDate: Date; genreIds: string[]; slug?: string | undefined; authorId?: string | undefined; artistId?: string | undefined; typeId?: string | undefined; }, any, TFieldValu...' is not assignable to type 'Control<{ title: string; description: string; coverImage: string; status: "Ongoing" | "Hiatus" | "Completed" | "Dropped" | "Coming Soon"; publicationDate: Date; genreIds: string[]; slug?: string | undefined; authorId?: string | undefined; artistId?: string | undefined; typeId?: string | undefined; }, any, { ...; }>'.
  The types of '_options.resolver' are incompatible between these types.
    Type 'Resolver<{ title: string; description: string; coverImage: string; status: "Ongoing" | "Hiatus" | "Completed" | "Dropped" | "Coming Soon"; publicationDate: Date; genreIds: string[]; slug?: string | undefined; authorId?: string | undefined; artistId?: string | undefined; typeId?: string | undefined; }, any, TFieldVal...' is not assignable to type 'Resolver<{ title: string; description: string; coverImage: string; status: "Ongoing" | "Hiatus" | "Completed" | "Dropped" | "Coming Soon"; publicationDate: Date; genreIds: string[]; slug?: string | undefined; authorId?: string | undefined; artistId?: string | undefined; typeId?: string | undefined; }, any, { ...; }>...'.
      Type 'Resolver<{ title: string; description: string; coverImage: string; status: "Ongoing" | "Hiatus" | "Completed" | "Dropped" | "Coming Soon"; publicationDate: Date; genreIds: string[]; slug?: string | undefined; authorId?: string | undefined; artistId?: string | undefined; typeId?: string | undefined; }, any, TFieldVal...' is not assignable to type 'Resolver<{ title: string; description: string; coverImage: string; status: "Ongoing" | "Hiatus" | "Completed" | "Dropped" | "Coming Soon"; publicationDate: Date; genreIds: string[]; slug?: string | undefined; authorId?: string | undefined; artistId?: string | undefined; typeId?: string | undefined; }, any, { ...; }>'.
        Type 'ResolverResult<{ title: string; description: string; coverImage: string; status: "Ongoing" | "Hiatus" | "Completed" | "Dropped" | "Coming Soon"; publicationDate: Date; genreIds: string[]; slug?: string | undefined; authorId?: string | undefined; artistId?: string | undefined; typeId?: string | undefined; }, TFieldVa...' is not assignable to type 'ResolverResult<{ title: string; description: string; coverImage: string; status: "Ongoing" | "Hiatus" | "Completed" | "Dropped" | "Coming Soon"; publicationDate: Date; genreIds: string[]; slug?: string | undefined; authorId?: string | undefined; artistId?: string | undefined; typeId?: string | undefined; }, { ...; }...'.
          Type 'ResolverSuccess<TFieldValues>' is not assignable to type 'ResolverResult<{ title: string; description: string; coverImage: string; status: "Ongoing" | "Hiatus" | "Completed" | "Dropped" | "Coming Soon"; publicationDate: Date; genreIds: string[]; slug?: string | undefined; authorId?: string | undefined; artistId?: string | undefined; typeId?: string | undefined; }, { ...; }...'.
            Type 'ResolverSuccess<TFieldValues>' is not assignable to type 'ResolverSuccess<{ title: string; description: string; coverImage: string; status: "Ongoing" | "Hiatus" | "Completed" | "Dropped" | "Coming Soon"; publicationDate: Date; genreIds: string[]; slug?: string | undefined; authorId?: string | undefined; artistId?: string | undefined; typeId?: string | undefined; }>'.
              Type 'TFieldValues' is not assignable to type '{ title: string; description: string; coverImage: string; status: "Ongoing" | "Hiatus" | "Completed" | "Dropped" | "Coming Soon"; publicationDate: Date; genreIds: string[]; slug?: string | undefined; authorId?: string | undefined; artistId?: string | undefined; typeId?: string | undefined; }'.
                Type 'FieldValues' is missing the following properties from type '{ title: string; description: string; coverImage: string; status: "Ongoing" | "Hiatus" | "Completed" | "Dropped" | "Coming Soon"; publicationDate: Date; genreIds: string[]; slug?: string | undefined; authorId?: string | undefined; artistId?: string | undefined; typeId?: string | undefined; }': title, description, coverImage, status, and 2 more.
src/components/admin/ComicForm.tsx(191,17): error TS2322: Type 'Control<{ title: string; description: string; coverImage: string; status: "Ongoing" | "Hiatus" | "Completed" | "Dropped" | "Coming Soon"; publicationDate: Date; genreIds: string[]; slug?: string | undefined; authorId?: string | undefined; artistId?: string | undefined; typeId?: string | undefined; }, any, TFieldValu...' is not assignable to type 'Control<{ title: string; description: string; coverImage: string; status: "Ongoing" | "Hiatus" | "Completed" | "Dropped" | "Coming Soon"; publicationDate: Date; genreIds: string[]; slug?: string | undefined; authorId?: string | undefined; artistId?: string | undefined; typeId?: string | undefined; }, any, { ...; }>'.
  The types of '_options.resolver' are incompatible between these types.
    Type 'Resolver<{ title: string; description: string; coverImage: string; status: "Ongoing" | "Hiatus" | "Completed" | "Dropped" | "Coming Soon"; publicationDate: Date; genreIds: string[]; slug?: string | undefined; authorId?: string | undefined; artistId?: string | undefined; typeId?: string | undefined; }, any, TFieldVal...' is not assignable to type 'Resolver<{ title: string; description: string; coverImage: string; status: "Ongoing" | "Hiatus" | "Completed" | "Dropped" | "Coming Soon"; publicationDate: Date; genreIds: string[]; slug?: string | undefined; authorId?: string | undefined; artistId?: string | undefined; typeId?: string | undefined; }, any, { ...; }>...'.
      Type 'Resolver<{ title: string; description: string; coverImage: string; status: "Ongoing" | "Hiatus" | "Completed" | "Dropped" | "Coming Soon"; publicationDate: Date; genreIds: string[]; slug?: string | undefined; authorId?: string | undefined; artistId?: string | undefined; typeId?: string | undefined; }, any, TFieldVal...' is not assignable to type 'Resolver<{ title: string; description: string; coverImage: string; status: "Ongoing" | "Hiatus" | "Completed" | "Dropped" | "Coming Soon"; publicationDate: Date; genreIds: string[]; slug?: string | undefined; authorId?: string | undefined; artistId?: string | undefined; typeId?: string | undefined; }, any, { ...; }>'.
        Type 'ResolverResult<{ title: string; description: string; coverImage: string; status: "Ongoing" | "Hiatus" | "Completed" | "Dropped" | "Coming Soon"; publicationDate: Date; genreIds: string[]; slug?: string | undefined; authorId?: string | undefined; artistId?: string | undefined; typeId?: string | undefined; }, TFieldVa...' is not assignable to type 'ResolverResult<{ title: string; description: string; coverImage: string; status: "Ongoing" | "Hiatus" | "Completed" | "Dropped" | "Coming Soon"; publicationDate: Date; genreIds: string[]; slug?: string | undefined; authorId?: string | undefined; artistId?: string | undefined; typeId?: string | undefined; }, { ...; }...'.
          Type 'ResolverSuccess<TFieldValues>' is not assignable to type 'ResolverResult<{ title: string; description: string; coverImage: string; status: "Ongoing" | "Hiatus" | "Completed" | "Dropped" | "Coming Soon"; publicationDate: Date; genreIds: string[]; slug?: string | undefined; authorId?: string | undefined; artistId?: string | undefined; typeId?: string | undefined; }, { ...; }...'.
            Type 'ResolverSuccess<TFieldValues>' is not assignable to type 'ResolverSuccess<{ title: string; description: string; coverImage: string; status: "Ongoing" | "Hiatus" | "Completed" | "Dropped" | "Coming Soon"; publicationDate: Date; genreIds: string[]; slug?: string | undefined; authorId?: string | undefined; artistId?: string | undefined; typeId?: string | undefined; }>'.
              Type 'TFieldValues' is not assignable to type '{ title: string; description: string; coverImage: string; status: "Ongoing" | "Hiatus" | "Completed" | "Dropped" | "Coming Soon"; publicationDate: Date; genreIds: string[]; slug?: string | undefined; authorId?: string | undefined; artistId?: string | undefined; typeId?: string | undefined; }'.
                Type 'FieldValues' is missing the following properties from type '{ title: string; description: string; coverImage: string; status: "Ongoing" | "Hiatus" | "Completed" | "Dropped" | "Coming Soon"; publicationDate: Date; genreIds: string[]; slug?: string | undefined; authorId?: string | undefined; artistId?: string | undefined; typeId?: string | undefined; }': title, description, coverImage, status, and 2 more.
src/components/admin/ComicForm.tsx(205,17): error TS2322: Type 'Control<{ title: string; description: string; coverImage: string; status: "Ongoing" | "Hiatus" | "Completed" | "Dropped" | "Coming Soon"; publicationDate: Date; genreIds: string[]; slug?: string | undefined; authorId?: string | undefined; artistId?: string | undefined; typeId?: string | undefined; }, any, TFieldValu...' is not assignable to type 'Control<{ title: string; description: string; coverImage: string; status: "Ongoing" | "Hiatus" | "Completed" | "Dropped" | "Coming Soon"; publicationDate: Date; genreIds: string[]; slug?: string | undefined; authorId?: string | undefined; artistId?: string | undefined; typeId?: string | undefined; }, any, { ...; }>'.
  The types of '_options.resolver' are incompatible between these types.
    Type 'Resolver<{ title: string; description: string; coverImage: string; status: "Ongoing" | "Hiatus" | "Completed" | "Dropped" | "Coming Soon"; publicationDate: Date; genreIds: string[]; slug?: string | undefined; authorId?: string | undefined; artistId?: string | undefined; typeId?: string | undefined; }, any, TFieldVal...' is not assignable to type 'Resolver<{ title: string; description: string; coverImage: string; status: "Ongoing" | "Hiatus" | "Completed" | "Dropped" | "Coming Soon"; publicationDate: Date; genreIds: string[]; slug?: string | undefined; authorId?: string | undefined; artistId?: string | undefined; typeId?: string | undefined; }, any, { ...; }>...'.
      Type 'Resolver<{ title: string; description: string; coverImage: string; status: "Ongoing" | "Hiatus" | "Completed" | "Dropped" | "Coming Soon"; publicationDate: Date; genreIds: string[]; slug?: string | undefined; authorId?: string | undefined; artistId?: string | undefined; typeId?: string | undefined; }, any, TFieldVal...' is not assignable to type 'Resolver<{ title: string; description: string; coverImage: string; status: "Ongoing" | "Hiatus" | "Completed" | "Dropped" | "Coming Soon"; publicationDate: Date; genreIds: string[]; slug?: string | undefined; authorId?: string | undefined; artistId?: string | undefined; typeId?: string | undefined; }, any, { ...; }>'.
        Type 'ResolverResult<{ title: string; description: string; coverImage: string; status: "Ongoing" | "Hiatus" | "Completed" | "Dropped" | "Coming Soon"; publicationDate: Date; genreIds: string[]; slug?: string | undefined; authorId?: string | undefined; artistId?: string | undefined; typeId?: string | undefined; }, TFieldVa...' is not assignable to type 'ResolverResult<{ title: string; description: string; coverImage: string; status: "Ongoing" | "Hiatus" | "Completed" | "Dropped" | "Coming Soon"; publicationDate: Date; genreIds: string[]; slug?: string | undefined; authorId?: string | undefined; artistId?: string | undefined; typeId?: string | undefined; }, { ...; }...'.
          Type 'ResolverSuccess<TFieldValues>' is not assignable to type 'ResolverResult<{ title: string; description: string; coverImage: string; status: "Ongoing" | "Hiatus" | "Completed" | "Dropped" | "Coming Soon"; publicationDate: Date; genreIds: string[]; slug?: string | undefined; authorId?: string | undefined; artistId?: string | undefined; typeId?: string | undefined; }, { ...; }...'.
            Type 'ResolverSuccess<TFieldValues>' is not assignable to type 'ResolverSuccess<{ title: string; description: string; coverImage: string; status: "Ongoing" | "Hiatus" | "Completed" | "Dropped" | "Coming Soon"; publicationDate: Date; genreIds: string[]; slug?: string | undefined; authorId?: string | undefined; artistId?: string | undefined; typeId?: string | undefined; }>'.
              Type 'TFieldValues' is not assignable to type '{ title: string; description: string; coverImage: string; status: "Ongoing" | "Hiatus" | "Completed" | "Dropped" | "Coming Soon"; publicationDate: Date; genreIds: string[]; slug?: string | undefined; authorId?: string | undefined; artistId?: string | undefined; typeId?: string | undefined; }'.
                Type 'FieldValues' is missing the following properties from type '{ title: string; description: string; coverImage: string; status: "Ongoing" | "Hiatus" | "Completed" | "Dropped" | "Coming Soon"; publicationDate: Date; genreIds: string[]; slug?: string | undefined; authorId?: string | undefined; artistId?: string | undefined; typeId?: string | undefined; }': title, description, coverImage, status, and 2 more.
src/components/admin/ComicForm.tsx(220,17): error TS2322: Type 'Control<{ title: string; description: string; coverImage: string; status: "Ongoing" | "Hiatus" | "Completed" | "Dropped" | "Coming Soon"; publicationDate: Date; genreIds: string[]; slug?: string | undefined; authorId?: string | undefined; artistId?: string | undefined; typeId?: string | undefined; }, any, TFieldValu...' is not assignable to type 'Control<{ title: string; description: string; coverImage: string; status: "Ongoing" | "Hiatus" | "Completed" | "Dropped" | "Coming Soon"; publicationDate: Date; genreIds: string[]; slug?: string | undefined; authorId?: string | undefined; artistId?: string | undefined; typeId?: string | undefined; }, any, { ...; }>'.
  The types of '_options.resolver' are incompatible between these types.
    Type 'Resolver<{ title: string; description: string; coverImage: string; status: "Ongoing" | "Hiatus" | "Completed" | "Dropped" | "Coming Soon"; publicationDate: Date; genreIds: string[]; slug?: string | undefined; authorId?: string | undefined; artistId?: string | undefined; typeId?: string | undefined; }, any, TFieldVal...' is not assignable to type 'Resolver<{ title: string; description: string; coverImage: string; status: "Ongoing" | "Hiatus" | "Completed" | "Dropped" | "Coming Soon"; publicationDate: Date; genreIds: string[]; slug?: string | undefined; authorId?: string | undefined; artistId?: string | undefined; typeId?: string | undefined; }, any, { ...; }>...'.
      Type 'Resolver<{ title: string; description: string; coverImage: string; status: "Ongoing" | "Hiatus" | "Completed" | "Dropped" | "Coming Soon"; publicationDate: Date; genreIds: string[]; slug?: string | undefined; authorId?: string | undefined; artistId?: string | undefined; typeId?: string | undefined; }, any, TFieldVal...' is not assignable to type 'Resolver<{ title: string; description: string; coverImage: string; status: "Ongoing" | "Hiatus" | "Completed" | "Dropped" | "Coming Soon"; publicationDate: Date; genreIds: string[]; slug?: string | undefined; authorId?: string | undefined; artistId?: string | undefined; typeId?: string | undefined; }, any, { ...; }>'.
        Type 'ResolverResult<{ title: string; description: string; coverImage: string; status: "Ongoing" | "Hiatus" | "Completed" | "Dropped" | "Coming Soon"; publicationDate: Date; genreIds: string[]; slug?: string | undefined; authorId?: string | undefined; artistId?: string | undefined; typeId?: string | undefined; }, TFieldVa...' is not assignable to type 'ResolverResult<{ title: string; description: string; coverImage: string; status: "Ongoing" | "Hiatus" | "Completed" | "Dropped" | "Coming Soon"; publicationDate: Date; genreIds: string[]; slug?: string | undefined; authorId?: string | undefined; artistId?: string | undefined; typeId?: string | undefined; }, { ...; }...'.
          Type 'ResolverSuccess<TFieldValues>' is not assignable to type 'ResolverResult<{ title: string; description: string; coverImage: string; status: "Ongoing" | "Hiatus" | "Completed" | "Dropped" | "Coming Soon"; publicationDate: Date; genreIds: string[]; slug?: string | undefined; authorId?: string | undefined; artistId?: string | undefined; typeId?: string | undefined; }, { ...; }...'.
            Type 'ResolverSuccess<TFieldValues>' is not assignable to type 'ResolverSuccess<{ title: string; description: string; coverImage: string; status: "Ongoing" | "Hiatus" | "Completed" | "Dropped" | "Coming Soon"; publicationDate: Date; genreIds: string[]; slug?: string | undefined; authorId?: string | undefined; artistId?: string | undefined; typeId?: string | undefined; }>'.
              Type 'TFieldValues' is not assignable to type '{ title: string; description: string; coverImage: string; status: "Ongoing" | "Hiatus" | "Completed" | "Dropped" | "Coming Soon"; publicationDate: Date; genreIds: string[]; slug?: string | undefined; authorId?: string | undefined; artistId?: string | undefined; typeId?: string | undefined; }'.
                Type 'FieldValues' is missing the following properties from type '{ title: string; description: string; coverImage: string; status: "Ongoing" | "Hiatus" | "Completed" | "Dropped" | "Coming Soon"; publicationDate: Date; genreIds: string[]; slug?: string | undefined; authorId?: string | undefined; artistId?: string | undefined; typeId?: string | undefined; }': title, description, coverImage, status, and 2 more.
src/components/admin/ComicForm.tsx(242,17): error TS2322: Type 'Control<{ title: string; description: string; coverImage: string; status: "Ongoing" | "Hiatus" | "Completed" | "Dropped" | "Coming Soon"; publicationDate: Date; genreIds: string[]; slug?: string | undefined; authorId?: string | undefined; artistId?: string | undefined; typeId?: string | undefined; }, any, TFieldValu...' is not assignable to type 'Control<{ title: string; description: string; coverImage: string; status: "Ongoing" | "Hiatus" | "Completed" | "Dropped" | "Coming Soon"; publicationDate: Date; genreIds: string[]; slug?: string | undefined; authorId?: string | undefined; artistId?: string | undefined; typeId?: string | undefined; }, any, { ...; }>'.
  The types of '_options.resolver' are incompatible between these types.
    Type 'Resolver<{ title: string; description: string; coverImage: string; status: "Ongoing" | "Hiatus" | "Completed" | "Dropped" | "Coming Soon"; publicationDate: Date; genreIds: string[]; slug?: string | undefined; authorId?: string | undefined; artistId?: string | undefined; typeId?: string | undefined; }, any, TFieldVal...' is not assignable to type 'Resolver<{ title: string; description: string; coverImage: string; status: "Ongoing" | "Hiatus" | "Completed" | "Dropped" | "Coming Soon"; publicationDate: Date; genreIds: string[]; slug?: string | undefined; authorId?: string | undefined; artistId?: string | undefined; typeId?: string | undefined; }, any, { ...; }>...'.
      Type 'Resolver<{ title: string; description: string; coverImage: string; status: "Ongoing" | "Hiatus" | "Completed" | "Dropped" | "Coming Soon"; publicationDate: Date; genreIds: string[]; slug?: string | undefined; authorId?: string | undefined; artistId?: string | undefined; typeId?: string | undefined; }, any, TFieldVal...' is not assignable to type 'Resolver<{ title: string; description: string; coverImage: string; status: "Ongoing" | "Hiatus" | "Completed" | "Dropped" | "Coming Soon"; publicationDate: Date; genreIds: string[]; slug?: string | undefined; authorId?: string | undefined; artistId?: string | undefined; typeId?: string | undefined; }, any, { ...; }>'.
        Type 'ResolverResult<{ title: string; description: string; coverImage: string; status: "Ongoing" | "Hiatus" | "Completed" | "Dropped" | "Coming Soon"; publicationDate: Date; genreIds: string[]; slug?: string | undefined; authorId?: string | undefined; artistId?: string | undefined; typeId?: string | undefined; }, TFieldVa...' is not assignable to type 'ResolverResult<{ title: string; description: string; coverImage: string; status: "Ongoing" | "Hiatus" | "Completed" | "Dropped" | "Coming Soon"; publicationDate: Date; genreIds: string[]; slug?: string | undefined; authorId?: string | undefined; artistId?: string | undefined; typeId?: string | undefined; }, { ...; }...'.
          Type 'ResolverSuccess<TFieldValues>' is not assignable to type 'ResolverResult<{ title: string; description: string; coverImage: string; status: "Ongoing" | "Hiatus" | "Completed" | "Dropped" | "Coming Soon"; publicationDate: Date; genreIds: string[]; slug?: string | undefined; authorId?: string | undefined; artistId?: string | undefined; typeId?: string | undefined; }, { ...; }...'.
            Type 'ResolverSuccess<TFieldValues>' is not assignable to type 'ResolverSuccess<{ title: string; description: string; coverImage: string; status: "Ongoing" | "Hiatus" | "Completed" | "Dropped" | "Coming Soon"; publicationDate: Date; genreIds: string[]; slug?: string | undefined; authorId?: string | undefined; artistId?: string | undefined; typeId?: string | undefined; }>'.
              Type 'TFieldValues' is not assignable to type '{ title: string; description: string; coverImage: string; status: "Ongoing" | "Hiatus" | "Completed" | "Dropped" | "Coming Soon"; publicationDate: Date; genreIds: string[]; slug?: string | undefined; authorId?: string | undefined; artistId?: string | undefined; typeId?: string | undefined; }'.
                Type 'FieldValues' is missing the following properties from type '{ title: string; description: string; coverImage: string; status: "Ongoing" | "Hiatus" | "Completed" | "Dropped" | "Coming Soon"; publicationDate: Date; genreIds: string[]; slug?: string | undefined; authorId?: string | undefined; artistId?: string | undefined; typeId?: string | undefined; }': title, description, coverImage, status, and 2 more.
src/components/admin/ComicForm.tsx(267,17): error TS2322: Type 'Control<{ title: string; description: string; coverImage: string; status: "Ongoing" | "Hiatus" | "Completed" | "Dropped" | "Coming Soon"; publicationDate: Date; genreIds: string[]; slug?: string | undefined; authorId?: string | undefined; artistId?: string | undefined; typeId?: string | undefined; }, any, TFieldValu...' is not assignable to type 'Control<{ title: string; description: string; coverImage: string; status: "Ongoing" | "Hiatus" | "Completed" | "Dropped" | "Coming Soon"; publicationDate: Date; genreIds: string[]; slug?: string | undefined; authorId?: string | undefined; artistId?: string | undefined; typeId?: string | undefined; }, any, { ...; }>'.
  The types of '_options.resolver' are incompatible between these types.
    Type 'Resolver<{ title: string; description: string; coverImage: string; status: "Ongoing" | "Hiatus" | "Completed" | "Dropped" | "Coming Soon"; publicationDate: Date; genreIds: string[]; slug?: string | undefined; authorId?: string | undefined; artistId?: string | undefined; typeId?: string | undefined; }, any, TFieldVal...' is not assignable to type 'Resolver<{ title: string; description: string; coverImage: string; status: "Ongoing" | "Hiatus" | "Completed" | "Dropped" | "Coming Soon"; publicationDate: Date; genreIds: string[]; slug?: string | undefined; authorId?: string | undefined; artistId?: string | undefined; typeId?: string | undefined; }, any, { ...; }>...'.
      Type 'Resolver<{ title: string; description: string; coverImage: string; status: "Ongoing" | "Hiatus" | "Completed" | "Dropped" | "Coming Soon"; publicationDate: Date; genreIds: string[]; slug?: string | undefined; authorId?: string | undefined; artistId?: string | undefined; typeId?: string | undefined; }, any, TFieldVal...' is not assignable to type 'Resolver<{ title: string; description: string; coverImage: string; status: "Ongoing" | "Hiatus" | "Completed" | "Dropped" | "Coming Soon"; publicationDate: Date; genreIds: string[]; slug?: string | undefined; authorId?: string | undefined; artistId?: string | undefined; typeId?: string | undefined; }, any, { ...; }>'.
        Type 'ResolverResult<{ title: string; description: string; coverImage: string; status: "Ongoing" | "Hiatus" | "Completed" | "Dropped" | "Coming Soon"; publicationDate: Date; genreIds: string[]; slug?: string | undefined; authorId?: string | undefined; artistId?: string | undefined; typeId?: string | undefined; }, TFieldVa...' is not assignable to type 'ResolverResult<{ title: string; description: string; coverImage: string; status: "Ongoing" | "Hiatus" | "Completed" | "Dropped" | "Coming Soon"; publicationDate: Date; genreIds: string[]; slug?: string | undefined; authorId?: string | undefined; artistId?: string | undefined; typeId?: string | undefined; }, { ...; }...'.
          Type 'ResolverSuccess<TFieldValues>' is not assignable to type 'ResolverResult<{ title: string; description: string; coverImage: string; status: "Ongoing" | "Hiatus" | "Completed" | "Dropped" | "Coming Soon"; publicationDate: Date; genreIds: string[]; slug?: string | undefined; authorId?: string | undefined; artistId?: string | undefined; typeId?: string | undefined; }, { ...; }...'.
            Type 'ResolverSuccess<TFieldValues>' is not assignable to type 'ResolverSuccess<{ title: string; description: string; coverImage: string; status: "Ongoing" | "Hiatus" | "Completed" | "Dropped" | "Coming Soon"; publicationDate: Date; genreIds: string[]; slug?: string | undefined; authorId?: string | undefined; artistId?: string | undefined; typeId?: string | undefined; }>'.
              Type 'TFieldValues' is not assignable to type '{ title: string; description: string; coverImage: string; status: "Ongoing" | "Hiatus" | "Completed" | "Dropped" | "Coming Soon"; publicationDate: Date; genreIds: string[]; slug?: string | undefined; authorId?: string | undefined; artistId?: string | undefined; typeId?: string | undefined; }'.
                Type 'FieldValues' is missing the following properties from type '{ title: string; description: string; coverImage: string; status: "Ongoing" | "Hiatus" | "Completed" | "Dropped" | "Coming Soon"; publicationDate: Date; genreIds: string[]; slug?: string | undefined; authorId?: string | undefined; artistId?: string | undefined; typeId?: string | undefined; }': title, description, coverImage, status, and 2 more.
src/components/admin/ComicForm.tsx(300,17): error TS2322: Type 'Control<{ title: string; description: string; coverImage: string; status: "Ongoing" | "Hiatus" | "Completed" | "Dropped" | "Coming Soon"; publicationDate: Date; genreIds: string[]; slug?: string | undefined; authorId?: string | undefined; artistId?: string | undefined; typeId?: string | undefined; }, any, TFieldValu...' is not assignable to type 'Control<{ title: string; description: string; coverImage: string; status: "Ongoing" | "Hiatus" | "Completed" | "Dropped" | "Coming Soon"; publicationDate: Date; genreIds: string[]; slug?: string | undefined; authorId?: string | undefined; artistId?: string | undefined; typeId?: string | undefined; }, any, { ...; }>'.
  The types of '_options.resolver' are incompatible between these types.
    Type 'Resolver<{ title: string; description: string; coverImage: string; status: "Ongoing" | "Hiatus" | "Completed" | "Dropped" | "Coming Soon"; publicationDate: Date; genreIds: string[]; slug?: string | undefined; authorId?: string | undefined; artistId?: string | undefined; typeId?: string | undefined; }, any, TFieldVal...' is not assignable to type 'Resolver<{ title: string; description: string; coverImage: string; status: "Ongoing" | "Hiatus" | "Completed" | "Dropped" | "Coming Soon"; publicationDate: Date; genreIds: string[]; slug?: string | undefined; authorId?: string | undefined; artistId?: string | undefined; typeId?: string | undefined; }, any, { ...; }>...'.
      Type 'Resolver<{ title: string; description: string; coverImage: string; status: "Ongoing" | "Hiatus" | "Completed" | "Dropped" | "Coming Soon"; publicationDate: Date; genreIds: string[]; slug?: string | undefined; authorId?: string | undefined; artistId?: string | undefined; typeId?: string | undefined; }, any, TFieldVal...' is not assignable to type 'Resolver<{ title: string; description: string; coverImage: string; status: "Ongoing" | "Hiatus" | "Completed" | "Dropped" | "Coming Soon"; publicationDate: Date; genreIds: string[]; slug?: string | undefined; authorId?: string | undefined; artistId?: string | undefined; typeId?: string | undefined; }, any, { ...; }>'.
        Type 'ResolverResult<{ title: string; description: string; coverImage: string; status: "Ongoing" | "Hiatus" | "Completed" | "Dropped" | "Coming Soon"; publicationDate: Date; genreIds: string[]; slug?: string | undefined; authorId?: string | undefined; artistId?: string | undefined; typeId?: string | undefined; }, TFieldVa...' is not assignable to type 'ResolverResult<{ title: string; description: string; coverImage: string; status: "Ongoing" | "Hiatus" | "Completed" | "Dropped" | "Coming Soon"; publicationDate: Date; genreIds: string[]; slug?: string | undefined; authorId?: string | undefined; artistId?: string | undefined; typeId?: string | undefined; }, { ...; }...'.
          Type 'ResolverSuccess<TFieldValues>' is not assignable to type 'ResolverResult<{ title: string; description: string; coverImage: string; status: "Ongoing" | "Hiatus" | "Completed" | "Dropped" | "Coming Soon"; publicationDate: Date; genreIds: string[]; slug?: string | undefined; authorId?: string | undefined; artistId?: string | undefined; typeId?: string | undefined; }, { ...; }...'.
            Type 'ResolverSuccess<TFieldValues>' is not assignable to type 'ResolverSuccess<{ title: string; description: string; coverImage: string; status: "Ongoing" | "Hiatus" | "Completed" | "Dropped" | "Coming Soon"; publicationDate: Date; genreIds: string[]; slug?: string | undefined; authorId?: string | undefined; artistId?: string | undefined; typeId?: string | undefined; }>'.
              Type 'TFieldValues' is not assignable to type '{ title: string; description: string; coverImage: string; status: "Ongoing" | "Hiatus" | "Completed" | "Dropped" | "Coming Soon"; publicationDate: Date; genreIds: string[]; slug?: string | undefined; authorId?: string | undefined; artistId?: string | undefined; typeId?: string | undefined; }'.
                Type 'FieldValues' is missing the following properties from type '{ title: string; description: string; coverImage: string; status: "Ongoing" | "Hiatus" | "Completed" | "Dropped" | "Coming Soon"; publicationDate: Date; genreIds: string[]; slug?: string | undefined; authorId?: string | undefined; artistId?: string | undefined; typeId?: string | undefined; }': title, description, coverImage, status, and 2 more.
src/components/admin/ComicForm.tsx(314,17): error TS2322: Type 'Control<{ title: string; description: string; coverImage: string; status: "Ongoing" | "Hiatus" | "Completed" | "Dropped" | "Coming Soon"; publicationDate: Date; genreIds: string[]; slug?: string | undefined; authorId?: string | undefined; artistId?: string | undefined; typeId?: string | undefined; }, any, TFieldValu...' is not assignable to type 'Control<{ title: string; description: string; coverImage: string; status: "Ongoing" | "Hiatus" | "Completed" | "Dropped" | "Coming Soon"; publicationDate: Date; genreIds: string[]; slug?: string | undefined; authorId?: string | undefined; artistId?: string | undefined; typeId?: string | undefined; }, any, { ...; }>'.
  The types of '_options.resolver' are incompatible between these types.
    Type 'Resolver<{ title: string; description: string; coverImage: string; status: "Ongoing" | "Hiatus" | "Completed" | "Dropped" | "Coming Soon"; publicationDate: Date; genreIds: string[]; slug?: string | undefined; authorId?: string | undefined; artistId?: string | undefined; typeId?: string | undefined; }, any, TFieldVal...' is not assignable to type 'Resolver<{ title: string; description: string; coverImage: string; status: "Ongoing" | "Hiatus" | "Completed" | "Dropped" | "Coming Soon"; publicationDate: Date; genreIds: string[]; slug?: string | undefined; authorId?: string | undefined; artistId?: string | undefined; typeId?: string | undefined; }, any, { ...; }>...'.
      Type 'Resolver<{ title: string; description: string; coverImage: string; status: "Ongoing" | "Hiatus" | "Completed" | "Dropped" | "Coming Soon"; publicationDate: Date; genreIds: string[]; slug?: string | undefined; authorId?: string | undefined; artistId?: string | undefined; typeId?: string | undefined; }, any, TFieldVal...' is not assignable to type 'Resolver<{ title: string; description: string; coverImage: string; status: "Ongoing" | "Hiatus" | "Completed" | "Dropped" | "Coming Soon"; publicationDate: Date; genreIds: string[]; slug?: string | undefined; authorId?: string | undefined; artistId?: string | undefined; typeId?: string | undefined; }, any, { ...; }>'.
        Type 'ResolverResult<{ title: string; description: string; coverImage: string; status: "Ongoing" | "Hiatus" | "Completed" | "Dropped" | "Coming Soon"; publicationDate: Date; genreIds: string[]; slug?: string | undefined; authorId?: string | undefined; artistId?: string | undefined; typeId?: string | undefined; }, TFieldVa...' is not assignable to type 'ResolverResult<{ title: string; description: string; coverImage: string; status: "Ongoing" | "Hiatus" | "Completed" | "Dropped" | "Coming Soon"; publicationDate: Date; genreIds: string[]; slug?: string | undefined; authorId?: string | undefined; artistId?: string | undefined; typeId?: string | undefined; }, { ...; }...'.
          Type 'ResolverSuccess<TFieldValues>' is not assignable to type 'ResolverResult<{ title: string; description: string; coverImage: string; status: "Ongoing" | "Hiatus" | "Completed" | "Dropped" | "Coming Soon"; publicationDate: Date; genreIds: string[]; slug?: string | undefined; authorId?: string | undefined; artistId?: string | undefined; typeId?: string | undefined; }, { ...; }...'.
            Type 'ResolverSuccess<TFieldValues>' is not assignable to type 'ResolverSuccess<{ title: string; description: string; coverImage: string; status: "Ongoing" | "Hiatus" | "Completed" | "Dropped" | "Coming Soon"; publicationDate: Date; genreIds: string[]; slug?: string | undefined; authorId?: string | undefined; artistId?: string | undefined; typeId?: string | undefined; }>'.
              Type 'TFieldValues' is not assignable to type '{ title: string; description: string; coverImage: string; status: "Ongoing" | "Hiatus" | "Completed" | "Dropped" | "Coming Soon"; publicationDate: Date; genreIds: string[]; slug?: string | undefined; authorId?: string | undefined; artistId?: string | undefined; typeId?: string | undefined; }'.
                Type 'FieldValues' is missing the following properties from type '{ title: string; description: string; coverImage: string; status: "Ongoing" | "Hiatus" | "Completed" | "Dropped" | "Coming Soon"; publicationDate: Date; genreIds: string[]; slug?: string | undefined; authorId?: string | undefined; artistId?: string | undefined; typeId?: string | undefined; }': title, description, coverImage, status, and 2 more.
src/components/admin/ComicForm.tsx(328,17): error TS2322: Type 'Control<{ title: string; description: string; coverImage: string; status: "Ongoing" | "Hiatus" | "Completed" | "Dropped" | "Coming Soon"; publicationDate: Date; genreIds: string[]; slug?: string | undefined; authorId?: string | undefined; artistId?: string | undefined; typeId?: string | undefined; }, any, TFieldValu...' is not assignable to type 'Control<{ title: string; description: string; coverImage: string; status: "Ongoing" | "Hiatus" | "Completed" | "Dropped" | "Coming Soon"; publicationDate: Date; genreIds: string[]; slug?: string | undefined; authorId?: string | undefined; artistId?: string | undefined; typeId?: string | undefined; }, any, { ...; }>'.
  The types of '_options.resolver' are incompatible between these types.
    Type 'Resolver<{ title: string; description: string; coverImage: string; status: "Ongoing" | "Hiatus" | "Completed" | "Dropped" | "Coming Soon"; publicationDate: Date; genreIds: string[]; slug?: string | undefined; authorId?: string | undefined; artistId?: string | undefined; typeId?: string | undefined; }, any, TFieldVal...' is not assignable to type 'Resolver<{ title: string; description: string; coverImage: string; status: "Ongoing" | "Hiatus" | "Completed" | "Dropped" | "Coming Soon"; publicationDate: Date; genreIds: string[]; slug?: string | undefined; authorId?: string | undefined; artistId?: string | undefined; typeId?: string | undefined; }, any, { ...; }>...'.
      Type 'Resolver<{ title: string; description: string; coverImage: string; status: "Ongoing" | "Hiatus" | "Completed" | "Dropped" | "Coming Soon"; publicationDate: Date; genreIds: string[]; slug?: string | undefined; authorId?: string | undefined; artistId?: string | undefined; typeId?: string | undefined; }, any, TFieldVal...' is not assignable to type 'Resolver<{ title: string; description: string; coverImage: string; status: "Ongoing" | "Hiatus" | "Completed" | "Dropped" | "Coming Soon"; publicationDate: Date; genreIds: string[]; slug?: string | undefined; authorId?: string | undefined; artistId?: string | undefined; typeId?: string | undefined; }, any, { ...; }>'.
        Type 'ResolverResult<{ title: string; description: string; coverImage: string; status: "Ongoing" | "Hiatus" | "Completed" | "Dropped" | "Coming Soon"; publicationDate: Date; genreIds: string[]; slug?: string | undefined; authorId?: string | undefined; artistId?: string | undefined; typeId?: string | undefined; }, TFieldVa...' is not assignable to type 'ResolverResult<{ title: string; description: string; coverImage: string; status: "Ongoing" | "Hiatus" | "Completed" | "Dropped" | "Coming Soon"; publicationDate: Date; genreIds: string[]; slug?: string | undefined; authorId?: string | undefined; artistId?: string | undefined; typeId?: string | undefined; }, { ...; }...'.
          Type 'ResolverSuccess<TFieldValues>' is not assignable to type 'ResolverResult<{ title: string; description: string; coverImage: string; status: "Ongoing" | "Hiatus" | "Completed" | "Dropped" | "Coming Soon"; publicationDate: Date; genreIds: string[]; slug?: string | undefined; authorId?: string | undefined; artistId?: string | undefined; typeId?: string | undefined; }, { ...; }...'.
            Type 'ResolverSuccess<TFieldValues>' is not assignable to type 'ResolverSuccess<{ title: string; description: string; coverImage: string; status: "Ongoing" | "Hiatus" | "Completed" | "Dropped" | "Coming Soon"; publicationDate: Date; genreIds: string[]; slug?: string | undefined; authorId?: string | undefined; artistId?: string | undefined; typeId?: string | undefined; }>'.
              Type 'TFieldValues' is not assignable to type '{ title: string; description: string; coverImage: string; status: "Ongoing" | "Hiatus" | "Completed" | "Dropped" | "Coming Soon"; publicationDate: Date; genreIds: string[]; slug?: string | undefined; authorId?: string | undefined; artistId?: string | undefined; typeId?: string | undefined; }'.
                Type 'FieldValues' is missing the following properties from type '{ title: string; description: string; coverImage: string; status: "Ongoing" | "Hiatus" | "Completed" | "Dropped" | "Coming Soon"; publicationDate: Date; genreIds: string[]; slug?: string | undefined; authorId?: string | undefined; artistId?: string | undefined; typeId?: string | undefined; }': title, description, coverImage, status, and 2 more.
src/components/auth/authForm.tsx(68,5): error TS2322: Type 'Resolver<FieldValues, any, T>' is not assignable to type 'Resolver<T, any, T>'.
  Types of parameters 'options' and 'options' are incompatible.
    Type 'ResolverOptions<T>' is not assignable to type 'ResolverOptions<FieldValues>'.
      Type 'FieldValues' is not assignable to type 'T'.
        'FieldValues' is assignable to the constraint of type 'T', but 'T' could be instantiated with a different subtype of constraint 'FieldValues'.
src/components/auth/authForm.tsx(68,27): error TS2769: No overload matches this call.
  Overload 1 of 4, '(schema: Zod3Type<T, FieldValues>, schemaOptions?: ParseParams | undefined, resolverOptions?: NonRawResolverOptions | undefined): Resolver<...>', gave the following error.
    Argument of type 'ZodType<T, unknown, $ZodTypeInternals<T, unknown>>' is not assignable to parameter of type 'Zod3Type<T, FieldValues>'.
      Types of property '_input' are incompatible.
        Type 'unknown' is not assignable to type 'FieldValues'.
  Overload 2 of 4, '(schema: $ZodType<unknown, FieldValues, $ZodTypeInternals<unknown, FieldValues>>, schemaOptions?: ParseContext<$ZodIssue> | undefined, resolverOptions?: NonRawResolverOptions | undefined): Resolver<...>', gave the following error.
    Argument of type 'ZodType<T, unknown, $ZodTypeInternals<T, unknown>>' is not assignable to parameter of type '$ZodType<unknown, FieldValues, $ZodTypeInternals<unknown, FieldValues>>'.
      Types of property '_zod' are incompatible.
        Type '$ZodTypeInternals<T, unknown>' is not assignable to type '$ZodTypeInternals<unknown, FieldValues>'.
          Type 'unknown' is not assignable to type 'FieldValues'.
src/components/auth/authForm.tsx(74,26): error TS2345: Argument of type 'UseFormReturn<T, any, TFieldValues>' is not assignable to parameter of type 'UseFormReturn<T>'.
  Types of property 'handleSubmit' are incompatible.
    Type 'UseFormHandleSubmit<T, TFieldValues>' is not assignable to type 'UseFormHandleSubmit<T, T>'.
      Types of parameters 'onValid' and 'onValid' are incompatible.
        Types of parameters 'data' and 'data' are incompatible.
          Type 'TFieldValues' is not assignable to type 'T'.
            'TFieldValues' is assignable to the constraint of type 'T', but 'T' could be instantiated with a different subtype of constraint 'FieldValues'.
src/components/auth/authForm.tsx(87,43): error TS2345: Argument of type '(data: T) => Promise<void>' is not assignable to parameter of type 'SubmitHandler<TFieldValues>'.
  Types of parameters 'data' and 'data' are incompatible.
    Type 'TFieldValues' is not assignable to type 'T'.
      'TFieldValues' is assignable to the constraint of type 'T', but 'T' could be instantiated with a different subtype of constraint 'FieldValues'.
src/components/BookmarkButton.tsx(7,34): error TS2307: Cannot find module 'stores/bookmarkStore' or its corresponding type declarations.
src/components/ChartAreaInteractive.tsx(23,29): error TS2307: Cannot find module '/hooks/use-mobile' or its corresponding type declarations.
src/components/DataTable.tsx(97,29): error TS2307: Cannot find module '/hooks/use-mobile' or its corresponding type declarations.
src/components/index.ts(5,10): error TS2305: Module '"./AppNavbar"' has no exported member 'default'.
src/components/index.ts(6,10): error TS2305: Module '"./BookmarkButton"' has no exported member 'default'.
src/components/index.ts(7,10): error TS2305: Module '"./ChapterReader"' has no exported member 'default'.
src/components/index.ts(9,10): error TS2305: Module '"./ComicCard"' has no exported member 'default'.
src/components/index.ts(11,10): error TS2305: Module '"./DataTable"' has no exported member 'default'.
src/components/index.ts(12,10): error TS2305: Module '"./Filters"' has no exported member 'default'.
src/components/index.ts(13,10): error TS2305: Module '"./Pagination"' has no exported member 'default'.
src/components/LightRays.tsx(34,15): error TS1507: There is nothing available for repetition.
src/components/shadcn-studio/blocks/chart-sales-metrics.tsx(12,25): error TS2614: Module '"recharts"' has no exported member 'Label'. Did you mean to use 'import Label from "recharts"' instead?
src/components/shadcn-studio/blocks/chart-sales-metrics.tsx(153,32): error TS7030: Not all code paths return a value.
src/components/shadcn-studio/blocks/ChartSalesMetrics.tsx(13,25): error TS2614: Module '"recharts"' has no exported member 'Label'. Did you mean to use 'import Label from "recharts"' instead?
src/components/shadcn-studio/blocks/datatable-transaction.tsx(42,31): error TS2307: Cannot find module '/hooks/use-pagination' or its corresponding type declarations.
src/components/shadcn-studio/data-table/data-table-04.tsx(48,16): error TS2664: Invalid module name in augmentation, module 'tanstack/react-table' cannot be found.
src/components/shadcn-studio/data-table/data-table-04.tsx(311,11): error TS2339: Property 'filterVariant' does not exist on type 'ColumnMeta<any, unknown>'.
src/components/shadcn-studio/data-table/DataTable04.tsx(48,16): error TS2664: Invalid module name in augmentation, module 'tanstack/react-table' cannot be found.
src/components/shadcn-studio/data-table/DataTable04.tsx(326,11): error TS2339: Property 'filterVariant' does not exist on type 'ColumnMeta<any, unknown>'.
src/components/ui/chart.tsx(244,26): error TS2694: Namespace '"recharts"' has no exported member 'LegendProps'.
src/components/ui/scroll-area.tsx(2,15): error TS2724: '"./ScrollArea"' has no exported member named 'ScrollAreaProps'. Did you mean 'ScrollArea'?
src/components/ui/shadcn-io/choicebox/index.tsx(19,4): error TS2741: Property 'value' is missing in type '{ children: Element; asChild: true; className: string; }' but required in type 'RadioGroupItemProps'.
src/components/ui/shadcn-io/color-picker/index.tsx(72,48): error TS2339: Property 'hue' does not exist on type 'Color'.
src/components/ui/shadcn-io/color-picker/index.tsx(72,70): error TS2339: Property 'hue' does not exist on type 'Color'.
src/components/ui/shadcn-io/color-picker/index.tsx(74,19): error TS2339: Property 'saturationl' does not exist on type 'Color'.
src/components/ui/shadcn-io/color-picker/index.tsx(74,49): error TS2339: Property 'saturationl' does not exist on type 'Color'.
src/components/ui/shadcn-io/color-picker/index.tsx(77,19): error TS2339: Property 'lightness' does not exist on type 'Color'.
src/components/ui/shadcn-io/color-picker/index.tsx(77,47): error TS2339: Property 'lightness' does not exist on type 'Color'.
src/components/ui/shadcn-io/color-picker/index.tsx(79,52): error TS2339: Property 'alpha' does not exist on type 'Color'.
src/components/ui/shadcn-io/color-picker/index.tsx(79,82): error TS2339: Property 'alpha' does not exist on type 'Color'.
src/components/ui/shadcn-io/color-picker/index.tsx(89,15): error TS2571: Object is of type 'unknown'.
src/components/ui/shadcn-io/color-picker/index.tsx(99,23): error TS2339: Property 'hue' does not exist on type 'Color'.
src/components/ui/shadcn-io/color-picker/index.tsx(100,30): error TS2339: Property 'saturationl' does not exist on type 'Color'.
src/components/ui/shadcn-io/color-picker/index.tsx(101,29): error TS2339: Property 'lightness' does not exist on type 'Color'.
src/components/ui/shadcn-io/color-picker/index.tsx(102,26): error TS2339: Property 'alpha' does not exist on type 'Color'.
src/components/ui/shadcn-io/color-picker/index.tsx(115,20): error TS2352: Conversion of type '(input?: any) => Color' to type 'Record<string, unknown>' may be a mistake because neither type sufficiently overlaps with the other. If this was intentional, convert the expression to 'unknown' first.
  Index signature for type 'string' is missing in type '(input?: any) => Color'.
src/components/ui/shadcn-io/color-picker/index.tsx(116,13): error TS2571: Object is of type 'unknown'.
src/components/ui/shadcn-io/color-picker/index.tsx(116,14): error TS2352: Conversion of type '(input?: any) => Color' to type 'Record<string, unknown>' may be a mistake because neither type sufficiently overlaps with the other. If this was intentional, convert the expression to 'unknown' first.
  Index signature for type 'string' is missing in type '(input?: any) => Color'.
src/components/ui/shadcn-io/color-picker/index.tsx(117,19): error TS2339: Property 'hsl' does not exist on type '(input?: any) => Color'.
src/components/ui/shadcn-io/color-picker/index.tsx(315,30): error TS2552: Cannot find name 'EyeDropper'. Did you mean 'eyeDropper'?
src/components/ui/shadcn-io/color-picker/index.tsx(318,31): error TS2339: Property 'hsl' does not exist on type 'Color'.
src/components/ui/shadcn-io/color-picker/index.tsx(395,23): error TS2339: Property 'hsl' does not exist on type '(input?: any) => Color'.
src/components/ui/shadcn-io/table/index.tsx(73,26): error TS2349: This expression is not callable.
  Not all constituents of type 'Updater<SortingState>' are callable.
    Type 'SortingState' has no call signatures.
src/components/ui/sidebar.tsx(21,29): error TS2307: Cannot find module '/hooks/use-mobile' or its corresponding type declarations.
src/dal/artistDal.ts(9,29): error TS2307: Cannot find module '@/typesdatabase' or its corresponding type declarations.
src/dal/authorDal.ts(9,29): error TS2307: Cannot find module '@/typesdatabase' or its corresponding type declarations.
src/dal/bookmarkDal.ts(9,31): error TS2307: Cannot find module '@/typesdatabase' or its corresponding type declarations.
src/dal/chapterDal.ts(9,30): error TS2307: Cannot find module '@/typesdatabase' or its corresponding type declarations.
src/dal/comicDal.ts(9,28): error TS2307: Cannot find module '@/typesdatabase' or its corresponding type declarations.
src/dal/commentDal.ts(9,30): error TS2307: Cannot find module '@/typesdatabase' or its corresponding type declarations.
src/dal/genreDal.ts(9,28): error TS2307: Cannot find module '@/typesdatabase' or its corresponding type declarations.
src/dal/typeDal.ts(9,27): error TS2307: Cannot find module '@/typesdatabase' or its corresponding type declarations.
src/dal/userDal.ts(11,27): error TS2307: Cannot find module '@/typesdatabase' or its corresponding type declarations.
src/database/mutations/chapters.ts(22,35): error TS2307: Cannot find module 'lib/utils' or its corresponding type declarations.
src/database/mutations/comics.ts(26,35): error TS2307: Cannot find module 'lib/utils' or its corresponding type declarations.
src/database/queries/comics.ts(136,7): error TS2353: Object literal may only specify known properties, and 'totalItems' does not exist in type '{ page: number; pageSize: number; total: number; totalPages: number; hasNext: boolean; hasPrev: boolean; }'.
src/database/queries/sampleQueries.ts(23,8): error TS2307: Cannot find module '@/typesdatabase' or its corresponding type declarations.
src/database/seed/seeders/comicSeeder.ts(15,34): error TS2307: Cannot find module '@/typesdatabase' or its corresponding type declarations.
src/lib/actions/artists.ts(3,21): error TS2614: Module '"@/appConfig"' has no exported member 'checkRateLimit'. Did you mean to use 'import checkRateLimit from "@/appConfig"' instead?
src/lib/actions/auth.ts(7,21): error TS2614: Module '"@/appConfig"' has no exported member 'checkRateLimit'. Did you mean to use 'import checkRateLimit from "@/appConfig"' instead?
src/lib/actions/authOptimized.ts(8,21): error TS2614: Module '"@/appConfig"' has no exported member 'checkRateLimit'. Did you mean to use 'import checkRateLimit from "@/appConfig"' instead?
src/lib/actions/authors.ts(3,21): error TS2614: Module '"@/appConfig"' has no exported member 'checkRateLimit'. Did you mean to use 'import checkRateLimit from "@/appConfig"' instead?
src/lib/actions/comics.ts(12,28): error TS2307: Cannot find module '@/typesdatabase' or its corresponding type declarations.
src/lib/actions/comments.ts(3,21): error TS2614: Module '"@/appConfig"' has no exported member 'checkRateLimit'. Did you mean to use 'import checkRateLimit from "@/appConfig"' instead?
src/lib/actions/genres.ts(3,21): error TS2614: Module '"@/appConfig"' has no exported member 'checkRateLimit'. Did you mean to use 'import checkRateLimit from "@/appConfig"' instead?
src/lib/actions/types.ts(3,21): error TS2614: Module '"@/appConfig"' has no exported member 'checkRateLimit'. Did you mean to use 'import checkRateLimit from "@/appConfig"' instead?
src/lib/actions/users.ts(3,21): error TS2614: Module '"@/appConfig"' has no exported member 'checkRateLimit'. Did you mean to use 'import checkRateLimit from "@/appConfig"' instead?
src/lib/comicCache.ts(1,28): error TS2307: Cannot find module '@/typesdatabase' or its corresponding type declarations.
src/lib/imagekit.ts(197,11): error TS2571: Object is of type 'unknown'.
src/services/readingProgressService.ts(5,10): error TS2459: Module '"database"' declares 'chapter' locally, but it is not exported.
src/services/readingProgressService.ts(5,19): error TS2459: Module '"database"' declares 'comic' locally, but it is not exported.
src/services/readingProgressService.ts(5,26): error TS2305: Module '"database"' has no exported member 'readingProgress'.
src/services/upload/providers/imagekit.ts(77,9): error TS2353: Object literal may only specify known properties, and 'transformation' does not exist in type 'UploadOptions'.
src/services/upload/providers/imagekit.ts(88,14): error TS18046: 'result' is of type 'unknown'.
src/services/upload/providers/imagekit.ts(89,19): error TS18046: 'result' is of type 'unknown'.
src/services/upload/providers/imagekit.ts(90,16): error TS18046: 'result' is of type 'unknown'.
src/services/upload/providers/imagekit.ts(91,17): error TS18046: 'result' is of type 'unknown'.
src/services/upload/providers/imagekit.ts(92,17): error TS18046: 'result' is of type 'unknown'.
src/services/upload/providers/imagekit.ts(93,15): error TS18046: 'result' is of type 'unknown'.
src/services/upload/providers/imagekit.ts(94,41): error TS18046: 'result' is of type 'unknown'.
src/services/upload/providers/imagekit.ts(130,33): error TS2345: Argument of type 'string' is not assignable to parameter of type 'DeleteFileOptions'.
src/services/upload/providers/imagekit.ts(160,7): error TS2353: Object literal may only specify known properties, and 'src' does not exist in type '{ path: string; transformation: { [key: string]: string | number; }[]; }'.
src/services/upload/providers/imagekit.ts(230,7): error TS2353: Object literal may only specify known properties, and 'src' does not exist in type '{ path: string; transformation: { [key: string]: string | number; }[]; }'.
src/tests/unit/actions/comment.test.ts(10,10): error TS2614: Module '"@/appConfig"' has no exported member 'checkRateLimit'. Did you mean to use 'import checkRateLimit from "@/appConfig"' instead?
ELIFECYCLE Command failed with exit code 2.
