
> comicwise@0.1.0 type-check C:\Users\Alexa\Desktop\SandBox\comicwise
> tsc --noEmit

scripts/uploadBulk.ts(87,19): error TS2339: Property 'S3Provider' does not exist on type 'typeof import("C:/Users/Alexa/Desktop/SandBox/comicwise/src/services/upload/providers/s3")'.
src/app/admin/artists/[id]/page.tsx(1,8): error TS2613: Module '"C:/Users/Alexa/Desktop/SandBox/comicwise/src/components/admin/EditArtistForm"' has no default export. Did you mean to use 'import { EditArtistForm } from "C:/Users/Alexa/Desktop/SandBox/comicwise/src/components/admin/EditArtistForm"' instead?
src/app/admin/authors/[id]/page.tsx(1,8): error TS2613: Module '"C:/Users/Alexa/Desktop/SandBox/comicwise/src/components/admin/EditAuthorForm"' has no default export. Did you mean to use 'import { EditAuthorForm } from "C:/Users/Alexa/Desktop/SandBox/comicwise/src/components/admin/EditAuthorForm"' instead?
src/app/admin/chapters/[id]/page.tsx(1,8): error TS2613: Module '"C:/Users/Alexa/Desktop/SandBox/comicwise/src/components/admin/EditChapterForm"' has no default export. Did you mean to use 'import { EditChapterForm } from "C:/Users/Alexa/Desktop/SandBox/comicwise/src/components/admin/EditChapterForm"' instead?
src/app/admin/genres/[id]/page.tsx(1,8): error TS2613: Module '"C:/Users/Alexa/Desktop/SandBox/comicwise/src/components/admin/EditGenreForm"' has no default export. Did you mean to use 'import { EditGenreForm } from "C:/Users/Alexa/Desktop/SandBox/comicwise/src/components/admin/EditGenreForm"' instead?
src/app/admin/types/[id]/page.tsx(1,8): error TS2613: Module '"C:/Users/Alexa/Desktop/SandBox/comicwise/src/components/admin/EditTypeForm"' has no default export. Did you mean to use 'import { EditTypeForm } from "C:/Users/Alexa/Desktop/SandBox/comicwise/src/components/admin/EditTypeForm"' instead?
src/app/admin/users/[id]/page.tsx(1,8): error TS2613: Module '"C:/Users/Alexa/Desktop/SandBox/comicwise/src/components/admin/EditUserForm"' has no default export. Did you mean to use 'import { EditUserForm } from "C:/Users/Alexa/Desktop/SandBox/comicwise/src/components/admin/EditUserForm"' instead?
src/app/api/artists/[id]/route.ts(8,3): error TS2305: Module '"@/lib/api/generic-crud"' has no exported member 'deleteGenericEntity'.
src/app/api/artists/[id]/route.ts(9,3): error TS2305: Module '"@/lib/api/generic-crud"' has no exported member 'getGenericEntity'.
src/app/api/artists/[id]/route.ts(10,3): error TS2305: Module '"@/lib/api/generic-crud"' has no exported member 'updateGenericEntity'.
src/app/api/artists/[id]/route.ts(11,3): error TS2305: Module '"@/lib/api/generic-crud"' has no exported member 'zodToValidationResult'.
src/app/api/authors/[id]/route.ts(8,3): error TS2305: Module '"@/lib/api/generic-crud"' has no exported member 'deleteGenericEntity'.
src/app/api/authors/[id]/route.ts(9,3): error TS2305: Module '"@/lib/api/generic-crud"' has no exported member 'getGenericEntity'.
src/app/api/authors/[id]/route.ts(10,3): error TS2305: Module '"@/lib/api/generic-crud"' has no exported member 'updateGenericEntity'.
src/app/api/authors/[id]/route.ts(11,3): error TS2305: Module '"@/lib/api/generic-crud"' has no exported member 'zodToValidationResult'.
src/app/api/types/[id]/route.ts(8,3): error TS2305: Module '"@/lib/api/generic-crud"' has no exported member 'deleteGenericEntity'.
src/app/api/types/[id]/route.ts(9,3): error TS2305: Module '"@/lib/api/generic-crud"' has no exported member 'getGenericEntity'.
src/app/api/types/[id]/route.ts(10,3): error TS2305: Module '"@/lib/api/generic-crud"' has no exported member 'updateGenericEntity'.
src/app/api/types/[id]/route.ts(11,3): error TS2305: Module '"@/lib/api/generic-crud"' has no exported member 'zodToValidationResult'.
src/app/api/upload/route.ts(49,37): error TS2339: Property 'enabled' does not exist on type '{ publicKey: string; privateKey: string; urlEndpoint: string; }'.
src/components/admin/BaseForm.tsx(77,27): error TS2769: No overload matches this call.
  Overload 1 of 4, '(schema: Zod3Type<unknown, FieldValues>, schemaOptions?: ParseParams | undefined, resolverOptions?: NonRawResolverOptions | undefined): Resolver<...>', gave the following error.
    Argument of type 'T' is not assignable to parameter of type 'Zod3Type<unknown, FieldValues>'.
      Type 'ZodType<unknown, unknown, $ZodTypeInternals<unknown, unknown>>' is not assignable to type 'Zod3Type<unknown, FieldValues>'.
        Types of property '_input' are incompatible.
          Type 'unknown' is not assignable to type 'FieldValues'.
  Overload 2 of 4, '(schema: $ZodType<unknown, FieldValues, $ZodTypeInternals<unknown, FieldValues>>, schemaOptions?: ParseContext<$ZodIssue> | undefined, resolverOptions?: NonRawResolverOptions | undefined): Resolver<...>', gave the following error.
    Argument of type 'T' is not assignable to parameter of type '$ZodType<unknown, FieldValues, $ZodTypeInternals<unknown, FieldValues>>'.
      Type 'ZodType<unknown, unknown, $ZodTypeInternals<unknown, unknown>>' is not assignable to type '$ZodType<unknown, FieldValues, $ZodTypeInternals<unknown, FieldValues>>'.
        Types of property '_zod' are incompatible.
          Type '$ZodTypeInternals<unknown, unknown>' is not assignable to type '$ZodTypeInternals<unknown, FieldValues>'.
            Type 'unknown' is not assignable to type 'FieldValues'.
src/components/admin/BaseForm.tsx(91,79): error TS2344: Type 'output<T>' does not satisfy the constraint 'FieldValues'.
  Type 'unknown' is not assignable to type 'FieldValues'.
src/components/admin/BaseForm.tsx(234,6): error TS2322: Type '{ children: Element; watch: UseFormWatch<output<T>>; getValues: UseFormGetValues<output<T>>; getFieldState: UseFormGetFieldState<output<...>>; ... 12 more ...; subscribe: UseFormSubscribe<...>; }' is not assignable to type 'UseFormReturn<FieldValues, any, TFieldValues>'.
  The types returned by 'watch()' are incompatible between these types.
    Type 'output<T>' is not assignable to type 'FieldValues'.
      Type 'unknown' is not assignable to type 'FieldValues'.
src/components/admin/BaseForm.tsx(236,37): error TS2345: Argument of type '(values: z.core.output<T>) => Promise<void>' is not assignable to parameter of type 'SubmitHandler<TFieldValues>'.
  Types of parameters 'values' and 'data' are incompatible.
    Type 'TFieldValues' is not assignable to type 'output<T>'.
      Type 'FieldValues' is not assignable to type 'output<T>'.
src/components/admin/BaseForm.tsx(242,51): error TS2345: Argument of type 'UseFormReturn<output<T>, any, TFieldValues>' is not assignable to parameter of type 'UseFormReturn<output<T>>'.
  Types of property 'handleSubmit' are incompatible.
    Type 'UseFormHandleSubmit<output<T>, TFieldValues>' is not assignable to type 'UseFormHandleSubmit<output<T>, output<T>>'.
      Types of parameters 'onValid' and 'onValid' are incompatible.
        Types of parameters 'data' and 'data' are incompatible.
          Type 'TFieldValues' is not assignable to type 'output<T>'.
            Type 'FieldValues' is not assignable to type 'output<T>'.
src/components/admin/DashboardCharts.tsx(7,3): error TS2339: Property 'Bar' does not exist on type 'typeof import("recharts")'.
src/components/admin/DashboardCharts.tsx(8,3): error TS2339: Property 'BarChart' does not exist on type 'typeof import("recharts")'.
src/components/admin/DashboardCharts.tsx(9,3): error TS2339: Property 'CartesianGrid' does not exist on type 'typeof import("recharts")'.
src/components/admin/DashboardCharts.tsx(10,3): error TS2339: Property 'Cell' does not exist on type 'typeof import("recharts")'.
src/components/admin/DashboardCharts.tsx(11,3): error TS2339: Property 'Legend' does not exist on type 'typeof import("recharts")'.
src/components/admin/DashboardCharts.tsx(12,3): error TS2339: Property 'Line' does not exist on type 'typeof import("recharts")'.
src/components/admin/DashboardCharts.tsx(13,3): error TS2339: Property 'LineChart' does not exist on type 'typeof import("recharts")'.
src/components/admin/DashboardCharts.tsx(14,3): error TS2339: Property 'Pie' does not exist on type 'typeof import("recharts")'.
src/components/admin/DashboardCharts.tsx(15,3): error TS2339: Property 'PieChart' does not exist on type 'typeof import("recharts")'.
src/components/admin/DashboardCharts.tsx(16,3): error TS2339: Property 'ResponsiveContainer' does not exist on type 'typeof import("recharts")'.
src/components/admin/DashboardCharts.tsx(17,3): error TS2339: Property 'Tooltip' does not exist on type 'typeof import("recharts")'.
src/components/admin/DashboardCharts.tsx(18,3): error TS2339: Property 'XAxis' does not exist on type 'typeof import("recharts")'.
src/components/admin/DashboardCharts.tsx(19,3): error TS2339: Property 'YAxis' does not exist on type 'typeof import("recharts")'.
src/components/admin/EditArtistForm.tsx(3,10): error TS2724: '"@/lib/validations"' has no exported member named 'artistSchema'. Did you mean 'artistIdSchema'?
src/components/admin/EditAuthorForm.tsx(3,10): error TS2724: '"@/lib/validations"' has no exported member named 'authorSchema'. Did you mean 'authorIdSchema'?
src/components/admin/EditChapterForm.tsx(3,10): error TS2724: '"@/lib/validations"' has no exported member named 'chapterSchema'. Did you mean 'chapterIdSchema'?
src/components/admin/EditGenreForm.tsx(3,10): error TS2724: '"@/lib/validations"' has no exported member named 'genreSchema'. Did you mean 'genreIdSchema'?
src/components/admin/EditTypeForm.tsx(3,10): error TS2724: '"@/lib/validations"' has no exported member named 'typeSchema'. Did you mean 'typeIdSchema'?
src/components/admin/EditUserForm.tsx(3,10): error TS2724: '"@/lib/validations"' has no exported member named 'userUpdateSchema'. Did you mean 'userIdSchema'?
src/components/auth/authForm.tsx(68,27): error TS2769: No overload matches this call.
  Overload 1 of 4, '(schema: Zod3Type<T, FieldValues>, schemaOptions?: ParseParams | undefined, resolverOptions?: NonRawResolverOptions | undefined): Resolver<...>', gave the following error.
    Argument of type 'ZodType<T, unknown, $ZodTypeInternals<T, unknown>>' is not assignable to parameter of type 'Zod3Type<T, FieldValues>'.
      Types of property '_input' are incompatible.
        Type 'unknown' is not assignable to type 'FieldValues'.
  Overload 2 of 4, '(schema: $ZodType<unknown, FieldValues, $ZodTypeInternals<unknown, FieldValues>>, schemaOptions?: ParseContext<$ZodIssue> | undefined, resolverOptions?: NonRawResolverOptions | undefined): Resolver<...>', gave the following error.
    Argument of type 'ZodType<T, unknown, $ZodTypeInternals<T, unknown>>' is not assignable to parameter of type '$ZodType<unknown, FieldValues, $ZodTypeInternals<unknown, FieldValues>>'.
      Types of property '_zod' are incompatible.
        Type '$ZodTypeInternals<T, unknown>' is not assignable to type '$ZodTypeInternals<unknown, FieldValues>'.
          Type 'unknown' is not assignable to type 'FieldValues'.
src/components/shadcn-studio/blocks/chart-sales-metrics.tsx(2,9): error TS2339: Property 'Bar' does not exist on type 'typeof import("recharts")'.
src/components/shadcn-studio/blocks/chart-sales-metrics.tsx(2,14): error TS2339: Property 'BarChart' does not exist on type 'typeof import("recharts")'.
src/components/shadcn-studio/blocks/chart-sales-metrics.tsx(2,24): error TS2339: Property 'Pie' does not exist on type 'typeof import("recharts")'.
src/components/shadcn-studio/blocks/chart-sales-metrics.tsx(2,29): error TS2339: Property 'PieChart' does not exist on type 'typeof import("recharts")'.
src/components/shadcn-studio/blocks/chart-sales-metrics.tsx(152,22): error TS2552: Cannot find name 'Label'. Did you mean 'babel'?
src/components/shadcn-studio/blocks/chart-sales-metrics.tsx(153,32): error TS7030: Not all code paths return a value.
src/components/shadcn-studio/blocks/ChartSalesMetrics.tsx(14,9): error TS2339: Property 'Bar' does not exist on type 'typeof import("recharts")'.
src/components/shadcn-studio/blocks/ChartSalesMetrics.tsx(14,14): error TS2339: Property 'BarChart' does not exist on type 'typeof import("recharts")'.
src/components/shadcn-studio/blocks/ChartSalesMetrics.tsx(14,24): error TS2339: Property 'Pie' does not exist on type 'typeof import("recharts")'.
src/components/shadcn-studio/blocks/ChartSalesMetrics.tsx(14,29): error TS2339: Property 'PieChart' does not exist on type 'typeof import("recharts")'.
src/components/shadcn-studio/blocks/ChartSalesMetrics.tsx(184,22): error TS2552: Cannot find name 'Label'. Did you mean 'babel'?
src/components/shadcn-studio/blocks/widget-product-insights.tsx(4,9): error TS2339: Property 'Bar' does not exist on type 'typeof import("recharts")'.
src/components/shadcn-studio/blocks/widget-product-insights.tsx(4,14): error TS2339: Property 'BarChart' does not exist on type 'typeof import("recharts")'.
src/components/shadcn-studio/blocks/WidgetProductInsights.tsx(4,9): error TS2339: Property 'Bar' does not exist on type 'typeof import("recharts")'.
src/components/shadcn-studio/blocks/WidgetProductInsights.tsx(4,14): error TS2339: Property 'BarChart' does not exist on type 'typeof import("recharts")'.
src/components/ui/chart.tsx(247,8): error TS2503: Cannot find namespace 'Recharts'.
src/components/ui/InputOtp.tsx(10,20): error TS2344: Type 'FC<OTPProps>' does not satisfy the constraint 'keyof IntrinsicElements | ForwardRefExoticComponent<any> | (new (props: any, context: any) => Component<any, {}, any>) | ((props: any) => ReactNode)'.
  Property '$$typeof' is missing in type 'FunctionComponent<OTPProps>' but required in type 'ForwardRefExoticComponent<any>'.
src/components/ui/InputOtp.tsx(17,7): error TS2322: Type '{ length?: number | undefined; accept?: string | undefined; alt?: string | undefined; autoComplete?: HTMLInputAutoCompleteAttribute | undefined; ... 308 more ...; className: string; }' is not assignable to type 'IntrinsicAttributes & OTPProps'.
  Property 'ref' does not exist on type 'IntrinsicAttributes & OTPProps'.
src/components/ui/scroll-area.tsx(2,15): error TS2724: '"./ScrollArea"' has no exported member named 'ScrollAreaProps'. Did you mean 'ScrollArea'?
src/components/ui/shadcn-io/choicebox/index.tsx(19,4): error TS2741: Property 'value' is missing in type '{ children: Element; asChild: true; className: string; }' but required in type 'RadioGroupItemProps'.
src/components/ui/shadcn-io/color-picker/index.tsx(72,48): error TS2339: Property 'hue' does not exist on type 'Color'.
src/components/ui/shadcn-io/color-picker/index.tsx(72,70): error TS2339: Property 'hue' does not exist on type 'Color'.
src/components/ui/shadcn-io/color-picker/index.tsx(74,19): error TS2339: Property 'saturationl' does not exist on type 'Color'.
src/components/ui/shadcn-io/color-picker/index.tsx(74,49): error TS2339: Property 'saturationl' does not exist on type 'Color'.
src/components/ui/shadcn-io/color-picker/index.tsx(77,19): error TS2339: Property 'lightness' does not exist on type 'Color'.
src/components/ui/shadcn-io/color-picker/index.tsx(77,47): error TS2339: Property 'lightness' does not exist on type 'Color'.
src/components/ui/shadcn-io/color-picker/index.tsx(79,52): error TS2339: Property 'alpha' does not exist on type 'Color'.
src/components/ui/shadcn-io/color-picker/index.tsx(79,82): error TS2339: Property 'alpha' does not exist on type 'Color'.
src/components/ui/shadcn-io/color-picker/index.tsx(96,23): error TS2339: Property 'hue' does not exist on type 'Color'.
src/components/ui/shadcn-io/color-picker/index.tsx(97,30): error TS2339: Property 'saturationl' does not exist on type 'Color'.
src/components/ui/shadcn-io/color-picker/index.tsx(98,29): error TS2339: Property 'lightness' does not exist on type 'Color'.
src/components/ui/shadcn-io/color-picker/index.tsx(99,26): error TS2339: Property 'alpha' does not exist on type 'Color'.
src/components/ui/shadcn-io/color-picker/index.tsx(114,13): error TS2693: 'any' only refers to a type, but is being used as a value here.
src/components/ui/shadcn-io/color-picker/index.tsx(312,31): error TS2339: Property 'hsl' does not exist on type 'Color'.
src/components/ui/shadcn-io/color-picker/index.tsx(389,23): error TS2339: Property 'hsl' does not exist on type '(input?: any) => Color'.
src/components/ui/shadcn-io/dropzone/index.tsx(8,10): error TS2300: Duplicate identifier 'useDropzone'.
src/components/ui/shadcn-io/dropzone/index.tsx(9,10): error TS2300: Duplicate identifier 'useDropzone'.
src/components/ui/shadcn-io/dropzone/index.tsx(15,29): error TS2339: Property 'maxSize' does not exist on type 'DropzoneOptions'.
src/components/ui/shadcn-io/dropzone/index.tsx(16,29): error TS2339: Property 'minSize' does not exist on type 'DropzoneOptions'.
src/components/ui/shadcn-io/dropzone/index.tsx(17,30): error TS2339: Property 'maxFiles' does not exist on type 'DropzoneOptions'.
src/components/ui/shadcn-io/dropzone/index.tsx(38,50): error TS2304: Cannot find name 'FileRejection'.
src/components/ui/shadcn-io/dropzone/index.tsx(38,74): error TS2304: Cannot find name 'DropEvent'.
src/components/ui/shadcn-io/dropzone/index.tsx(44,3): error TS2339: Property 'maxFiles' does not exist on type 'DropzoneProps'.
src/components/ui/shadcn-io/dropzone/index.tsx(45,3): error TS2339: Property 'maxSize' does not exist on type 'DropzoneProps'.
src/components/ui/shadcn-io/dropzone/index.tsx(46,3): error TS2339: Property 'minSize' does not exist on type 'DropzoneProps'.
src/components/ui/shadcn-io/dropzone/index.tsx(48,3): error TS2339: Property 'onError' does not exist on type 'DropzoneProps'.
src/components/ui/shadcn-io/dropzone/index.tsx(49,3): error TS2339: Property 'disabled' does not exist on type 'DropzoneProps'.
src/components/ui/shadcn-io/dropzone/index.tsx(57,5): error TS2353: Object literal may only specify known properties, and 'maxFiles' does not exist in type 'DropzoneOptions'.
src/components/ui/shadcn-io/table/index.tsx(73,26): error TS2349: This expression is not callable.
  Not all constituents of type 'Updater<SortingState>' are callable.
    Type 'SortingState' has no call signatures.
src/database/seed/baseSeeder.ts(59,42): error TS2554: Expected 1 arguments, but got 2.
src/database/seed/baseSeeder.ts(135,54): error TS2554: Expected 1 arguments, but got 2.
src/database/seed/baseSeeder.ts(173,48): error TS2554: Expected 1 arguments, but got 2.
src/database/seed/dataLoader.ts(110,24): error TS2532: Object is possibly 'undefined'.
src/database/seed/seeders/chapterSeederEnhanced.ts(52,7): error TS2322: Type 'string | null' is not assignable to type 'string'.
  Type 'null' is not assignable to type 'string'.
src/database/seed/seeders/chapterSeederEnhanced.ts(65,20): error TS2322: Type '{}' is not assignable to type 'string'.
src/database/seed/seeders/chapterSeederEnhanced.ts(125,33): error TS2345: Argument of type 'number' is not assignable to parameter of type 'string'.
src/database/seed/seeders/chapterSeederEnhanced.ts(126,7): error TS2322: Type 'number' is not assignable to type 'string'.
src/database/seed/seeders/chapterSeederEnhanced.ts(174,15): error TS2322: Type 'string' is not assignable to type 'number'.
src/database/seed/seeders/chapterSeederEnhanced.ts(184,60): error TS2339: Property 'name' does not exist on type '{ title: string; slug: string; chapterNumber: number; releaseDate: Date; comicId: number; id?: number | undefined; views?: number | undefined; createdAt?: Date | undefined; }'.
src/database/seed/seeders/chapterSeederEnhanced.ts(192,20): error TS2339: Property 'content' does not exist on type '{ title: string; slug: string; chapterNumber: number; releaseDate: Date; comicId: number; id?: number | undefined; views?: number | undefined; createdAt?: Date | undefined; }'.
src/database/seed/seeders/comicSeederEnhanced.ts(55,7): error TS2322: Type 'string | undefined' is not assignable to type 'string'.
  Type 'undefined' is not assignable to type 'string'.
src/database/seed/seeders/comicSeederEnhanced.ts(56,7): error TS2322: Type 'string | null' is not assignable to type 'string'.
  Type 'null' is not assignable to type 'string'.
src/database/seed/seeders/comicSeederEnhanced.ts(57,7): error TS2322: Type 'string | null' is not assignable to type 'string'.
  Type 'null' is not assignable to type 'string'.
src/database/seed/seeders/comicSeederEnhanced.ts(59,7): error TS2322: Type 'number | null' is not assignable to type 'string | null | undefined'.
  Type 'number' is not assignable to type 'string'.
src/database/seed/seeders/comicSeederEnhanced.ts(103,7): error TS2322: Type 'string' is not assignable to type 'number'.
src/database/seed/seeders/comicSeederEnhanced.ts(113,34): error TS2345: Argument of type 'number' is not assignable to parameter of type 'string'.
src/database/seed/seeders/comicSeederEnhanced.ts(122,32): error TS2345: Argument of type 'number' is not assignable to parameter of type 'string'.
src/database/seed/seeders/comicSeederEnhanced.ts(131,7): error TS2322: Type 'string' is not assignable to type 'number'.
src/database/seed/seeders/comicSeederEnhanced.ts(141,34): error TS2345: Argument of type 'number' is not assignable to parameter of type 'string'.
src/database/seed/seeders/comicSeederEnhanced.ts(150,32): error TS2345: Argument of type 'number' is not assignable to parameter of type 'string'.
src/database/seed/seeders/comicSeederEnhanced.ts(159,7): error TS2322: Type 'string' is not assignable to type 'number'.
src/database/seed/seeders/comicSeederEnhanced.ts(169,33): error TS2345: Argument of type 'number' is not assignable to parameter of type 'string'.
src/database/seed/seeders/comicSeederEnhanced.ts(178,31): error TS2345: Argument of type 'number' is not assignable to parameter of type 'string'.
src/database/seed/seeders/comicSeederEnhanced.ts(187,7): error TS2322: Type 'string' is not assignable to type 'number'.
src/database/seed/seeders/comicSeederEnhanced.ts(197,32): error TS2345: Argument of type 'number' is not assignable to parameter of type 'string'.
src/database/seed/seeders/comicSeederEnhanced.ts(206,30): error TS2345: Argument of type 'number' is not assignable to parameter of type 'string'.
src/database/seed/seeders/comicSeederEnhanced.ts(295,53): error TS2769: No overload matches this call.
  Overload 1 of 2, '(value: { comicId: number | SQL<unknown> | Placeholder<string, any>; genreId: number | SQL<unknown> | Placeholder<string, any>; }): PgInsertBase<PgTableWithColumns<{ name: "comicToGenre"; schema: undefined; columns: { ...; }; dialect: "pg"; }>, ... 4 more ..., never>', gave the following error.
    Object literal may only specify known properties, but 'A_genreId' does not exist in type '{ comicId: number | SQL<unknown> | Placeholder<string, any>; genreId: number | SQL<unknown> | Placeholder<string, any>; }'. Did you mean to write 'genreId'?
  Overload 2 of 2, '(values: { comicId: number | SQL<unknown> | Placeholder<string, any>; genreId: number | SQL<unknown> | Placeholder<string, any>; }[]): PgInsertBase<PgTableWithColumns<{ name: "comicToGenre"; schema: undefined; columns: { ...; }; dialect: "pg"; }>, ... 4 more ..., never>', gave the following error.
    Object literal may only specify known properties, and 'comicId' does not exist in type '{ comicId: number | SQL<unknown> | Placeholder<string, any>; genreId: number | SQL<unknown> | Placeholder<string, any>; }[]'.
src/database/seed/seeders/userSeederEnhanced.ts(56,7): error TS2353: Object literal may only specify known properties, and 'lastActivityDate' does not exist in type '{ email: string; password?: string | null | undefined; name?: string | null | undefined; image?: string | null | undefined; role?: "user" | "admin" | "moderator" | undefined; emailVerified?: Date | ... 1 more ... | undefined; id?: string | undefined; createdAt?: Date | undefined; updatedAt?: Date | undefined; }'.
src/lib/api/generic-crud.ts(34,51): error TS2339: Property 'errors' does not exist on type 'ZodError<unknown>'.
ΓÇëELIFECYCLEΓÇë Command failed with exit code 2.
