
> comicwise@0.1.0 type-check C:\Users\Alexa\Desktop\SandBox\comicwise
> tsc --noEmit

app-config.ts(401,68): error TS2307: Cannot find module '@/lib/ratelimit' or its corresponding type declarations.
scripts/queue-worker.ts(7,28): error TS2307: Cannot find module '@/lib/queue' or its corresponding type declarations.
scripts/upload-bulk.ts(23,36): error TS2307: Cannot find module '@/services/upload/providers/cloudinary' or its corresponding type declarations.
scripts/upload-bulk.ts(24,34): error TS2307: Cannot find module '@/services/upload/providers/imagekit' or its corresponding type declarations.
scripts/upload-bulk.ts(87,47): error TS2307: Cannot find module '@/services/upload/providers/s3' or its corresponding type declarations.
src/app/(auth)/forgot-password/page.tsx(12,38): error TS2307: Cannot find module '@/dto/authDto' or its corresponding type declarations.
src/app/(auth)/forgot-password/page.tsx(13,38): error TS2307: Cannot find module '@/components/auth' or its corresponding type declarations.
src/app/(auth)/forgot-password/page.tsx(14,42): error TS2307: Cannot find module '@/lib/validations' or its corresponding type declarations.
src/app/(auth)/forgot-password/page.tsx(15,38): error TS2307: Cannot find module '@/lib/validations' or its corresponding type declarations.
src/app/(auth)/forgot-password/page.tsx(16,24): error TS2307: Cannot find module '@/components/ui/button' or its corresponding type declarations.
src/app/(auth)/forgot-password/page.tsx(17,74): error TS2307: Cannot find module '@/components/ui/card' or its corresponding type declarations.
src/app/(auth)/resend-verification/page.tsx(12,47): error TS2307: Cannot find module '@/dto/authDto' or its corresponding type declarations.
src/app/(auth)/resend-verification/page.tsx(13,38): error TS2307: Cannot find module '@/components/auth' or its corresponding type declarations.
src/app/(auth)/resend-verification/page.tsx(14,51): error TS2307: Cannot find module '@/lib/validations' or its corresponding type declarations.
src/app/(auth)/resend-verification/page.tsx(15,47): error TS2307: Cannot find module '@/lib/validations' or its corresponding type declarations.
src/app/(auth)/resend-verification/page.tsx(16,24): error TS2307: Cannot find module '@/components/ui/button' or its corresponding type declarations.
src/app/(auth)/resend-verification/page.tsx(17,74): error TS2307: Cannot find module '@/components/ui/card' or its corresponding type declarations.
src/app/(auth)/reset-password/page.tsx(13,37): error TS2307: Cannot find module '@/dto/authDto' or its corresponding type declarations.
src/app/(auth)/reset-password/page.tsx(14,41): error TS2307: Cannot find module '@/components/auth' or its corresponding type declarations.
src/app/(auth)/reset-password/page.tsx(15,41): error TS2307: Cannot find module '@/lib/validations' or its corresponding type declarations.
src/app/(auth)/reset-password/page.tsx(16,37): error TS2307: Cannot find module '@/lib/validations' or its corresponding type declarations.
src/app/(auth)/reset-password/page.tsx(17,24): error TS2307: Cannot find module '@/components/ui/button' or its corresponding type declarations.
src/app/(auth)/reset-password/page.tsx(18,74): error TS2307: Cannot find module '@/components/ui/card' or its corresponding type declarations.
src/app/(auth)/sign-in/page.tsx(13,30): error TS2307: Cannot find module '@/dto/authDto' or its corresponding type declarations.
src/app/(auth)/sign-in/page.tsx(14,53): error TS2307: Cannot find module '@/components/auth' or its corresponding type declarations.
src/app/(auth)/sign-in/page.tsx(15,34): error TS2307: Cannot find module '@/lib/validations' or its corresponding type declarations.
src/app/(auth)/sign-in/page.tsx(16,30): error TS2307: Cannot find module '@/lib/validations' or its corresponding type declarations.
src/app/(auth)/sign-in/page.tsx(17,24): error TS2307: Cannot find module '@/components/ui/button' or its corresponding type declarations.
src/app/(auth)/sign-out/page.tsx(3,31): error TS2307: Cannot find module '@/dto/authDto' or its corresponding type declarations.
src/app/(auth)/sign-out/page.tsx(7,62): error TS2307: Cannot find module '@/components/ui/card' or its corresponding type declarations.
src/app/(auth)/sign-up/page.tsx(13,36): error TS2307: Cannot find module '@/dto/authDto' or its corresponding type declarations.
src/app/(auth)/sign-up/page.tsx(14,64): error TS2307: Cannot find module '@/components/auth' or its corresponding type declarations.
src/app/(auth)/sign-up/page.tsx(15,34): error TS2307: Cannot find module '@/lib/validations' or its corresponding type declarations.
src/app/(auth)/sign-up/page.tsx(16,30): error TS2307: Cannot find module '@/lib/validations' or its corresponding type declarations.
src/app/(auth)/sign-up/page.tsx(17,24): error TS2307: Cannot find module '@/components/ui/button' or its corresponding type declarations.
src/app/(auth)/sign-up/page.tsx(18,27): error TS2307: Cannot find module '@/components/ui/separator' or its corresponding type declarations.
src/app/(auth)/verify-email/page.tsx(7,35): error TS2307: Cannot find module '@/dto/authDto' or its corresponding type declarations.
src/app/(auth)/verify-email/page.tsx(12,24): error TS2307: Cannot find module '@/components/ui/button' or its corresponding type declarations.
src/app/(auth)/verify-email/page.tsx(13,87): error TS2307: Cannot find module '@/components/ui/card' or its corresponding type declarations.
src/app/(auth)/verify-request/page.tsx(5,24): error TS2307: Cannot find module '@/components/ui/button' or its corresponding type declarations.
src/app/(auth)/verify-request/page.tsx(6,87): error TS2307: Cannot find module '@/components/ui/card' or its corresponding type declarations.
src/app/(root)/bookmarks/loading.tsx(1,35): error TS2307: Cannot find module '@/components/ui/skeletons' or its corresponding type declarations.
src/app/(root)/bookmarks/page.tsx(2,27): error TS2307: Cannot find module '@/components/ComicCard' or its corresponding type declarations.
src/app/(root)/bookmarks/page.tsx(3,34): error TS2307: Cannot find module '@/database/queries' or its corresponding type declarations.
src/app/(root)/bookmarks/page.tsx(7,23): error TS2307: Cannot find module '@/components/ui/badge' or its corresponding type declarations.
src/app/(root)/bookmarks/page.tsx(8,24): error TS2307: Cannot find module '@/components/ui/button' or its corresponding type declarations.
src/app/(root)/comics/[id]/page.tsx(1,32): error TS2307: Cannot find module '@/components/BookmarkButton' or its corresponding type declarations.
src/app/(root)/comics/[id]/page.tsx(2,27): error TS2307: Cannot find module '@/components/ComicCard' or its corresponding type declarations.
src/app/(root)/comics/[id]/page.tsx(3,48): error TS2307: Cannot find module '@/database/queries' or its corresponding type declarations.
src/app/(root)/comics/[id]/page.tsx(9,23): error TS2307: Cannot find module '@/components/ui/badge' or its corresponding type declarations.
src/app/(root)/comics/[id]/page.tsx(10,24): error TS2307: Cannot find module '@/components/ui/button' or its corresponding type declarations.
src/app/(root)/comics/[id]/page.tsx(11,35): error TS2307: Cannot find module '@/components/ui/card' or its corresponding type declarations.
src/app/(root)/comics/[id]/page.tsx(12,26): error TS2307: Cannot find module '@/components/ui/skeleton' or its corresponding type declarations.
src/app/(root)/comics/[id]/read/[chapterId]/page.tsx(1,31): error TS2307: Cannot find module '@/components/ChapterReader' or its corresponding type declarations.
src/app/(root)/comics/[id]/read/[chapterId]/page.tsx(2,39): error TS2307: Cannot find module '@/database/mutations' or its corresponding type declarations.
src/app/(root)/comics/[id]/read/[chapterId]/page.tsx(3,64): error TS2307: Cannot find module '@/database/queries' or its corresponding type declarations.
src/app/(root)/comics/[slug]/[chapterNumber]/loading.tsx(1,26): error TS2307: Cannot find module '@/components/ui/skeleton' or its corresponding type declarations.
src/app/(root)/comics/[slug]/loading.tsx(1,37): error TS2307: Cannot find module '@/components/ui/skeletons' or its corresponding type declarations.
src/app/(root)/comics/page.tsx(1,27): error TS2307: Cannot find module '@/components/ComicCard' or its corresponding type declarations.
src/app/(root)/comics/page.tsx(2,25): error TS2307: Cannot find module '@/components/Filters' or its corresponding type declarations.
src/app/(root)/comics/page.tsx(3,28): error TS2307: Cannot find module '@/components/Pagination' or its corresponding type declarations.
src/app/(root)/comics/page.tsx(4,43): error TS2307: Cannot find module '@/dto/genresTypesDto' or its corresponding type declarations.
src/app/(root)/comics/page.tsx(5,30): error TS2307: Cannot find module '@/database/queries/comics' or its corresponding type declarations.
src/app/(root)/comics/page.tsx(7,26): error TS2307: Cannot find module '@/components/ui/skeleton' or its corresponding type declarations.
src/app/(root)/comics/page.tsx(10,48): error TS2307: Cannot find module '@/types/database' or its corresponding type declarations.
src/app/(root)/dmca/page.tsx(1,24): error TS2307: Cannot find module '@/components/ClientDate' or its corresponding type declarations.
src/app/(root)/dmca/page.tsx(2,75): error TS2307: Cannot find module '@/components/ui/card' or its corresponding type declarations.
src/app/(root)/error.tsx(6,24): error TS2307: Cannot find module '@/components/ui/button' or its corresponding type declarations.
src/app/(root)/layout.tsx(1,27): error TS2307: Cannot find module '@/components/AppNavbar' or its corresponding type declarations.
src/app/(root)/layout.tsx(2,25): error TS2307: Cannot find module '@/components/CurrentYear' or its corresponding type declarations.
src/app/(root)/loading.tsx(1,35): error TS2307: Cannot find module '@/components/ui/skeletons' or its corresponding type declarations.
src/app/(root)/page.tsx(1,27): error TS2307: Cannot find module '@/components/ComicCard' or its corresponding type declarations.
src/app/(root)/page.tsx(2,51): error TS2307: Cannot find module '@/database/queries' or its corresponding type declarations.
src/app/(root)/page.tsx(6,24): error TS2307: Cannot find module '@/components/ui/button' or its corresponding type declarations.
src/app/(root)/page.tsx(7,26): error TS2307: Cannot find module '@/components/ui/skeleton' or its corresponding type declarations.
src/app/(root)/privacy-policy/page.tsx(1,24): error TS2307: Cannot find module '@/components/ClientDate' or its corresponding type declarations.
src/app/(root)/privacy-policy/page.tsx(2,75): error TS2307: Cannot find module '@/components/ui/card' or its corresponding type declarations.
src/app/(root)/profile/loading.tsx(1,47): error TS2307: Cannot find module '@/components/ui/card' or its corresponding type declarations.
src/app/(root)/profile/loading.tsx(2,26): error TS2307: Cannot find module '@/components/ui/skeleton' or its corresponding type declarations.
src/app/(root)/profile/page.tsx(2,34): error TS2307: Cannot find module '@/database/queries' or its corresponding type declarations.
src/app/(root)/profile/page.tsx(5,53): error TS2307: Cannot find module '@/components/ui/avatar' or its corresponding type declarations.
src/app/(root)/profile/page.tsx(6,24): error TS2307: Cannot find module '@/components/ui/button' or its corresponding type declarations.
src/app/(root)/profile/page.tsx(7,58): error TS2307: Cannot find module '@/components/ui/card' or its corresponding type declarations.
src/app/(root)/profile/page.tsx(8,23): error TS2307: Cannot find module '@/components/ui/input' or its corresponding type declarations.
src/app/(root)/profile/page.tsx(9,23): error TS2307: Cannot find module '@/components/ui/label' or its corresponding type declarations.
src/app/(root)/terms-of-service/page.tsx(1,24): error TS2307: Cannot find module '@/components/ClientDate' or its corresponding type declarations.
src/app/(root)/terms-of-service/page.tsx(2,75): error TS2307: Cannot find module '@/components/ui/card' or its corresponding type declarations.
src/app/actions/admin/comics.ts(3,20): error TS2307: Cannot find module '@/database/db' or its corresponding type declarations.
src/app/actions/admin/comics.ts(5,53): error TS2307: Cannot find module '@/lib/validations' or its corresponding type declarations.
src/app/actions/readingProgress.ts(4,20): error TS2307: Cannot find module '@/database/db' or its corresponding type declarations.
src/app/admin/artists/[id]/EditArtistForm.tsx(1,33): error TS2307: Cannot find module '@/components/admin/ClientImageUploader' or its corresponding type declarations.
src/app/admin/artists/[id]/EditArtistForm.tsx(2,44): error TS2307: Cannot find module '@/dto/artistsDto' or its corresponding type declarations.
src/app/admin/artists/[id]/EditArtistForm.tsx(6,24): error TS2307: Cannot find module '@/components/ui/button' or its corresponding type declarations.
src/app/admin/artists/[id]/EditArtistForm.tsx(7,75): error TS2307: Cannot find module '@/components/ui/card' or its corresponding type declarations.
src/app/admin/artists/[id]/EditArtistForm.tsx(8,23): error TS2307: Cannot find module '@/components/ui/input' or its corresponding type declarations.
src/app/admin/artists/[id]/EditArtistForm.tsx(9,26): error TS2307: Cannot find module '@/components/ui/textarea' or its corresponding type declarations.
src/app/admin/artists/actions.ts(9,32): error TS2307: Cannot find module '@/database/db' or its corresponding type declarations.
src/app/admin/artists/new/page.tsx(4,32): error TS2307: Cannot find module 'hooks/useImageUpload' or its corresponding type declarations.
src/app/admin/artists/new/page.tsx(10,24): error TS2307: Cannot find module '@/components/ui/button' or its corresponding type declarations.
src/app/admin/artists/new/page.tsx(11,75): error TS2307: Cannot find module '@/components/ui/card' or its corresponding type declarations.
src/app/admin/artists/new/page.tsx(20,8): error TS2307: Cannot find module '@/components/ui/form' or its corresponding type declarations.
src/app/admin/artists/new/page.tsx(21,23): error TS2307: Cannot find module '@/components/ui/input' or its corresponding type declarations.
src/app/admin/artists/new/page.tsx(22,26): error TS2307: Cannot find module '@/components/ui/textarea' or its corresponding type declarations.
src/app/admin/artists/page.tsx(1,27): error TS2307: Cannot find module '@/components/admin/DataTable' or its corresponding type declarations.
src/app/admin/artists/page.tsx(6,24): error TS2307: Cannot find module '@/components/ui/button' or its corresponding type declarations.
src/app/admin/authors/[id]/EditAuthorForm.tsx(1,33): error TS2307: Cannot find module '@/components/admin/ClientImageUploader' or its corresponding type declarations.
src/app/admin/authors/[id]/EditAuthorForm.tsx(2,44): error TS2307: Cannot find module '@/dto/authorsDto' or its corresponding type declarations.
src/app/admin/authors/[id]/EditAuthorForm.tsx(6,24): error TS2307: Cannot find module '@/components/ui/button' or its corresponding type declarations.
src/app/admin/authors/[id]/EditAuthorForm.tsx(7,75): error TS2307: Cannot find module '@/components/ui/card' or its corresponding type declarations.
src/app/admin/authors/[id]/EditAuthorForm.tsx(8,23): error TS2307: Cannot find module '@/components/ui/input' or its corresponding type declarations.
src/app/admin/authors/[id]/EditAuthorForm.tsx(9,26): error TS2307: Cannot find module '@/components/ui/textarea' or its corresponding type declarations.
src/app/admin/authors/actions.ts(9,32): error TS2307: Cannot find module '@/database/db' or its corresponding type declarations.
src/app/admin/authors/new/page.tsx(4,32): error TS2307: Cannot find module 'hooks/useImageUpload' or its corresponding type declarations.
src/app/admin/authors/new/page.tsx(10,24): error TS2307: Cannot find module '@/components/ui/button' or its corresponding type declarations.
src/app/admin/authors/new/page.tsx(11,75): error TS2307: Cannot find module '@/components/ui/card' or its corresponding type declarations.
src/app/admin/authors/new/page.tsx(20,8): error TS2307: Cannot find module '@/components/ui/form' or its corresponding type declarations.
src/app/admin/authors/new/page.tsx(21,23): error TS2307: Cannot find module '@/components/ui/input' or its corresponding type declarations.
src/app/admin/authors/new/page.tsx(22,26): error TS2307: Cannot find module '@/components/ui/textarea' or its corresponding type declarations.
src/app/admin/authors/page.tsx(1,27): error TS2307: Cannot find module '@/components/admin/DataTable' or its corresponding type declarations.
src/app/admin/authors/page.tsx(6,24): error TS2307: Cannot find module '@/components/ui/button' or its corresponding type declarations.
src/app/admin/chapters/[id]/EditChapterForm.tsx(1,46): error TS2307: Cannot find module '@/dto/chaptersDto' or its corresponding type declarations.
src/app/admin/chapters/[id]/EditChapterForm.tsx(4,24): error TS2307: Cannot find module '@/components/ui/button' or its corresponding type declarations.
src/app/admin/chapters/[id]/EditChapterForm.tsx(5,75): error TS2307: Cannot find module '@/components/ui/card' or its corresponding type declarations.
src/app/admin/chapters/[id]/EditChapterForm.tsx(6,23): error TS2307: Cannot find module '@/components/ui/input' or its corresponding type declarations.
src/app/admin/chapters/[id]/EditChapterForm.tsx(7,26): error TS2307: Cannot find module '@/components/ui/textarea' or its corresponding type declarations.
src/app/admin/chapters/actions.ts(9,32): error TS2307: Cannot find module '@/database/db' or its corresponding type declarations.
src/app/admin/chapters/new/page.tsx(3,29): error TS2307: Cannot find module '@/components/admin/ImageUpload' or its corresponding type declarations.
src/app/admin/chapters/new/page.tsx(8,24): error TS2307: Cannot find module '@/components/ui/button' or its corresponding type declarations.
src/app/admin/chapters/new/page.tsx(9,75): error TS2307: Cannot find module '@/components/ui/card' or its corresponding type declarations.
src/app/admin/chapters/new/page.tsx(18,8): error TS2307: Cannot find module '@/components/ui/form' or its corresponding type declarations.
src/app/admin/chapters/new/page.tsx(19,23): error TS2307: Cannot find module '@/components/ui/input' or its corresponding type declarations.
src/app/admin/chapters/new/page.tsx(20,79): error TS2307: Cannot find module '@/components/ui/select' or its corresponding type declarations.
src/app/admin/chapters/new/page.tsx(21,24): error TS2307: Cannot find module '@/components/ui/switch' or its corresponding type declarations.
src/app/admin/chapters/new/page.tsx(22,26): error TS2307: Cannot find module '@/components/ui/textarea' or its corresponding type declarations.
src/app/admin/chapters/page.tsx(1,27): error TS2307: Cannot find module '@/components/admin/DataTable' or its corresponding type declarations.
src/app/admin/chapters/page.tsx(2,20): error TS2307: Cannot find module '@/database/db' or its corresponding type declarations.
src/app/admin/chapters/page.tsx(8,24): error TS2307: Cannot find module '@/components/ui/button' or its corresponding type declarations.
src/app/admin/comics/[id]/page.tsx(1,54): error TS2307: Cannot find module '@/app/actions/admin/comics' or its corresponding type declarations.
src/app/admin/comics/[id]/page.tsx(2,27): error TS2307: Cannot find module '@/components/admin/ComicForm' or its corresponding type declarations.
src/app/admin/comics/[id]/page.tsx(3,34): error TS2307: Cannot find module '@/components/admin/ConfirmDialog' or its corresponding type declarations.
src/app/admin/comics/[id]/page.tsx(7,30): error TS2307: Cannot find module '@/database/queries/adminComics' or its corresponding type declarations.
src/app/admin/comics/[id]/page.tsx(9,24): error TS2307: Cannot find module '@/components/ui/button' or its corresponding type declarations.
src/app/admin/comics/[id]/page.tsx(10,75): error TS2307: Cannot find module '@/components/ui/card' or its corresponding type declarations.
src/app/admin/comics/actions.ts(9,32): error TS2307: Cannot find module '@/database/db' or its corresponding type declarations.
src/app/admin/comics/ComicForm.tsx(1,29): error TS2307: Cannot find module '@/dto/comicsDto' or its corresponding type declarations.
src/app/admin/comics/ComicForm.tsx(2,39): error TS2307: Cannot find module '@/lib/validations' or its corresponding type declarations.
src/app/admin/comics/ComicForm.tsx(5,24): error TS2307: Cannot find module '@/components/ui/button' or its corresponding type declarations.
src/app/admin/comics/ComicForm.tsx(6,75): error TS2307: Cannot find module '@/components/ui/card' or its corresponding type declarations.
src/app/admin/comics/ComicForm.tsx(7,23): error TS2307: Cannot find module '@/components/ui/input' or its corresponding type declarations.
src/app/admin/comics/ComicForm.tsx(8,23): error TS2307: Cannot find module '@/components/ui/label' or its corresponding type declarations.
src/app/admin/comics/ComicForm.tsx(9,79): error TS2307: Cannot find module '@/components/ui/select' or its corresponding type declarations.
src/app/admin/comics/ComicForm.tsx(10,26): error TS2307: Cannot find module '@/components/ui/textarea' or its corresponding type declarations.
src/app/admin/comics/ComicFormEnhanced.tsx(4,24): error TS2307: Cannot find module '@/components/ui/button' or its corresponding type declarations.
src/app/admin/comics/ComicFormEnhanced.tsx(5,75): error TS2307: Cannot find module '@/components/ui/card' or its corresponding type declarations.
src/app/admin/comics/ComicFormEnhanced.tsx(6,23): error TS2307: Cannot find module '@/components/ui/input' or its corresponding type declarations.
src/app/admin/comics/ComicFormEnhanced.tsx(7,23): error TS2307: Cannot find module '@/components/ui/label' or its corresponding type declarations.
src/app/admin/comics/ComicFormEnhanced.tsx(8,79): error TS2307: Cannot find module '@/components/ui/select' or its corresponding type declarations.
src/app/admin/comics/ComicFormEnhanced.tsx(9,26): error TS2307: Cannot find module '@/components/ui/textarea' or its corresponding type declarations.
src/app/admin/comics/new/page.tsx(1,35): error TS2307: Cannot find module '@/app/actions/admin/comics' or its corresponding type declarations.
src/app/admin/comics/new/page.tsx(2,27): error TS2307: Cannot find module '@/components/admin/ComicForm' or its corresponding type declarations.
src/app/admin/comics/page.tsx(1,35): error TS2307: Cannot find module '@/components/admin/ComicsListContent' or its corresponding type declarations.
src/app/admin/comics/page.tsx(2,55): error TS2307: Cannot find module '@/database/queries/adminComics' or its corresponding type declarations.
src/app/admin/error.tsx(7,24): error TS2307: Cannot find module '@/components/ui/button' or its corresponding type declarations.
src/app/admin/genres/[id]/EditGenreForm.tsx(1,42): error TS2307: Cannot find module '@/dto/genresDto' or its corresponding type declarations.
src/app/admin/genres/[id]/EditGenreForm.tsx(4,24): error TS2307: Cannot find module '@/components/ui/button' or its corresponding type declarations.
src/app/admin/genres/[id]/EditGenreForm.tsx(5,75): error TS2307: Cannot find module '@/components/ui/card' or its corresponding type declarations.
src/app/admin/genres/[id]/EditGenreForm.tsx(6,23): error TS2307: Cannot find module '@/components/ui/input' or its corresponding type declarations.
src/app/admin/genres/[id]/EditGenreForm.tsx(7,26): error TS2307: Cannot find module '@/components/ui/textarea' or its corresponding type declarations.
src/app/admin/genres/actions.ts(9,32): error TS2307: Cannot find module '@/database/db' or its corresponding type declarations.
src/app/admin/genres/new/page.tsx(8,24): error TS2307: Cannot find module '@/components/ui/button' or its corresponding type declarations.
src/app/admin/genres/new/page.tsx(9,75): error TS2307: Cannot find module '@/components/ui/card' or its corresponding type declarations.
src/app/admin/genres/new/page.tsx(10,80): error TS2307: Cannot find module '@/components/ui/form' or its corresponding type declarations.
src/app/admin/genres/new/page.tsx(11,23): error TS2307: Cannot find module '@/components/ui/input' or its corresponding type declarations.
src/app/admin/genres/new/page.tsx(12,26): error TS2307: Cannot find module '@/components/ui/textarea' or its corresponding type declarations.
src/app/admin/genres/page.tsx(1,27): error TS2307: Cannot find module '@/components/admin/DataTable' or its corresponding type declarations.
src/app/admin/genres/page.tsx(6,24): error TS2307: Cannot find module '@/components/ui/button' or its corresponding type declarations.
src/app/admin/layout.tsx(1,29): error TS2307: Cannot find module '@/components/admin/Breadcrumbs' or its corresponding type declarations.
src/app/admin/layout.tsx(2,29): error TS2307: Cannot find module '@/components/admin/CommandMenu' or its corresponding type declarations.
src/app/admin/layout.tsx(3,28): error TS2307: Cannot find module '@/components/AppSidebar' or its corresponding type declarations.
src/app/admin/layout.tsx(5,47): error TS2307: Cannot find module '@/components/ui/sidebar' or its corresponding type declarations.
src/app/admin/loading.tsx(1,36): error TS2307: Cannot find module '@/components/ui/skeletons' or its corresponding type declarations.
src/app/admin/page.tsx(1,57): error TS2307: Cannot find module '@/database' or its corresponding type declarations.
src/app/admin/page.tsx(2,20): error TS2307: Cannot find module '@/database/db' or its corresponding type declarations.
src/app/admin/page.tsx(7,24): error TS2307: Cannot find module '@/components/ui/button' or its corresponding type declarations.
src/app/admin/page.tsx(8,58): error TS2307: Cannot find module '@/components/ui/card' or its corresponding type declarations.
src/app/admin/types/[id]/EditTypeForm.tsx(1,40): error TS2307: Cannot find module '@/dto/typesDto' or its corresponding type declarations.
src/app/admin/types/[id]/EditTypeForm.tsx(4,24): error TS2307: Cannot find module '@/components/ui/button' or its corresponding type declarations.
src/app/admin/types/[id]/EditTypeForm.tsx(5,75): error TS2307: Cannot find module '@/components/ui/card' or its corresponding type declarations.
src/app/admin/types/[id]/EditTypeForm.tsx(6,23): error TS2307: Cannot find module '@/components/ui/input' or its corresponding type declarations.
src/app/admin/types/[id]/EditTypeForm.tsx(7,26): error TS2307: Cannot find module '@/components/ui/textarea' or its corresponding type declarations.
src/app/admin/types/actions.ts(9,32): error TS2307: Cannot find module '@/database/db' or its corresponding type declarations.
src/app/admin/types/loading.tsx(1,26): error TS2307: Cannot find module '@/components/ui/skeleton' or its corresponding type declarations.
src/app/admin/types/new/loading.tsx(1,26): error TS2307: Cannot find module '@/components/ui/skeleton' or its corresponding type declarations.
src/app/admin/types/new/page.tsx(8,24): error TS2307: Cannot find module '@/components/ui/button' or its corresponding type declarations.
src/app/admin/types/new/page.tsx(9,75): error TS2307: Cannot find module '@/components/ui/card' or its corresponding type declarations.
src/app/admin/types/new/page.tsx(10,80): error TS2307: Cannot find module '@/components/ui/form' or its corresponding type declarations.
src/app/admin/types/new/page.tsx(11,23): error TS2307: Cannot find module '@/components/ui/input' or its corresponding type declarations.
src/app/admin/types/new/page.tsx(12,26): error TS2307: Cannot find module '@/components/ui/textarea' or its corresponding type declarations.
src/app/admin/types/page.tsx(1,27): error TS2307: Cannot find module '@/components/admin/DataTable' or its corresponding type declarations.
src/app/admin/types/page.tsx(6,24): error TS2307: Cannot find module '@/components/ui/button' or its corresponding type declarations.
src/app/admin/users/[id]/EditUserForm.tsx(1,40): error TS2307: Cannot find module '@/dto/usersDto' or its corresponding type declarations.
src/app/admin/users/[id]/EditUserForm.tsx(4,24): error TS2307: Cannot find module '@/components/ui/button' or its corresponding type declarations.
src/app/admin/users/[id]/EditUserForm.tsx(5,75): error TS2307: Cannot find module '@/components/ui/card' or its corresponding type declarations.
src/app/admin/users/[id]/EditUserForm.tsx(6,23): error TS2307: Cannot find module '@/components/ui/input' or its corresponding type declarations.
src/app/admin/users/columns.tsx(7,23): error TS2307: Cannot find module '@/components/ui/badge' or its corresponding type declarations.
src/app/admin/users/columns.tsx(8,24): error TS2307: Cannot find module '@/components/ui/button' or its corresponding type declarations.
src/app/admin/users/columns.tsx(16,8): error TS2307: Cannot find module '@/components/ui/DropdownMenu' or its corresponding type declarations.
src/app/admin/users/columns.tsx(18,28): error TS2307: Cannot find module '@/dto/usersDto' or its corresponding type declarations.
src/app/admin/users/new/page.tsx(4,30): error TS2307: Cannot find module '@/dto/usersDto' or its corresponding type declarations.
src/app/admin/users/new/page.tsx(5,30): error TS2307: Cannot find module '@/lib/validations' or its corresponding type declarations.
src/app/admin/users/new/page.tsx(12,24): error TS2307: Cannot find module '@/components/ui/button' or its corresponding type declarations.
src/app/admin/users/new/page.tsx(13,75): error TS2307: Cannot find module '@/components/ui/card' or its corresponding type declarations.
src/app/admin/users/new/page.tsx(14,80): error TS2307: Cannot find module '@/components/ui/form' or its corresponding type declarations.
src/app/admin/users/new/page.tsx(15,23): error TS2307: Cannot find module '@/components/ui/input' or its corresponding type declarations.
src/app/admin/users/page.tsx(1,27): error TS2307: Cannot find module '@/components/admin/DataTable' or its corresponding type declarations.
src/app/admin/users/page.tsx(2,20): error TS2307: Cannot find module '@/database/db' or its corresponding type declarations.
src/app/api/artists/[id]/route.ts(10,8): error TS2307: Cannot find module '@/app/api/lib/generic-crud' or its corresponding type declarations.
src/app/api/artists/[id]/route.ts(11,52): error TS2307: Cannot find module '@/lib/validations' or its corresponding type declarations.
src/app/api/artists/[id]/route.ts(12,44): error TS2307: Cannot find module '@/database/mutations/artists' or its corresponding type declarations.
src/app/api/artists/[id]/route.ts(14,31): error TS2307: Cannot find module '@/database/queries/artists' or its corresponding type declarations.
src/app/api/artists/route.ts(5,79): error TS2307: Cannot find module '@/lib/genericCrud' or its corresponding type declarations.
src/app/api/artists/route.ts(6,56): error TS2307: Cannot find module '@/lib/validations' or its corresponding type declarations.
src/app/api/artists/route.ts(7,30): error TS2307: Cannot find module '@/database/mutations/artists' or its corresponding type declarations.
src/app/api/artists/route.ts(9,31): error TS2307: Cannot find module '@/database/queries/artists' or its corresponding type declarations.
src/app/api/authors/[id]/route.ts(10,8): error TS2307: Cannot find module '@/app/api/lib/generic-crud' or its corresponding type declarations.
src/app/api/authors/[id]/route.ts(11,52): error TS2307: Cannot find module '@/lib/validations' or its corresponding type declarations.
src/app/api/authors/[id]/route.ts(12,44): error TS2307: Cannot find module '@/database/mutations/authors' or its corresponding type declarations.
src/app/api/authors/[id]/route.ts(14,31): error TS2307: Cannot find module '@/database/queries/authors' or its corresponding type declarations.
src/app/api/authors/route.ts(5,79): error TS2307: Cannot find module '@/lib/genericCrud' or its corresponding type declarations.
src/app/api/authors/route.ts(6,56): error TS2307: Cannot find module '@/lib/validations' or its corresponding type declarations.
src/app/api/authors/route.ts(7,30): error TS2307: Cannot find module '@/database/mutations/authors' or its corresponding type declarations.
src/app/api/authors/route.ts(9,31): error TS2307: Cannot find module '@/database/queries/authors' or its corresponding type declarations.
src/app/api/bookmarks/route.ts(6,60): error TS2307: Cannot find module '@/lib/validations' or its corresponding type declarations.
src/app/api/bookmarks/route.ts(12,8): error TS2307: Cannot find module '@/database/mutations/bookmarks' or its corresponding type declarations.
src/app/api/bookmarks/route.ts(15,34): error TS2307: Cannot find module '@/database/queries/bookmarks' or its corresponding type declarations.
src/app/api/chapter-images/route.ts(11,8): error TS2307: Cannot find module '@/lib/validations' or its corresponding type declarations.
src/app/api/chapter-images/route.ts(17,8): error TS2307: Cannot find module '@/database/mutations/chapterImages' or its corresponding type declarations.
src/app/api/chapter-images/route.ts(20,34): error TS2307: Cannot find module '@/database/queries/chapterImages' or its corresponding type declarations.
src/app/api/chapters/[id]/route.ts(6,54): error TS2307: Cannot find module '@/lib/validations' or its corresponding type declarations.
src/app/api/chapters/[id]/route.ts(7,46): error TS2307: Cannot find module '@/database/mutations/chapters' or its corresponding type declarations.
src/app/api/chapters/[id]/route.ts(10,28): error TS2307: Cannot find module '@/database/queries/chapters' or its corresponding type declarations.
src/app/api/chapters/route.ts(7,44): error TS2307: Cannot find module '@/lib/email' or its corresponding type declarations.
src/app/api/chapters/route.ts(8,58): error TS2307: Cannot find module '@/lib/validations' or its corresponding type declarations.
src/app/api/chapters/route.ts(9,31): error TS2307: Cannot find module '@/database/mutations/chapters' or its corresponding type declarations.
src/app/api/chapters/route.ts(12,41): error TS2307: Cannot find module '@/database/queries/bookmarks' or its corresponding type declarations.
src/app/api/chapters/route.ts(13,32): error TS2307: Cannot find module '@/database/queries/chapters' or its corresponding type declarations.
src/app/api/comic-images/route.ts(11,8): error TS2307: Cannot find module '@/lib/validations' or its corresponding type declarations.
src/app/api/comic-images/route.ts(17,8): error TS2307: Cannot find module '@/database/mutations/comicImages' or its corresponding type declarations.
src/app/api/comic-images/route.ts(20,32): error TS2307: Cannot find module '@/database/queries/comicImages' or its corresponding type declarations.
src/app/api/comics/[id]/route.ts(6,50): error TS2307: Cannot find module '@/lib/validations' or its corresponding type declarations.
src/app/api/comics/[id]/route.ts(7,42): error TS2307: Cannot find module '@/database/mutations/comics' or its corresponding type declarations.
src/app/api/comics/[id]/route.ts(10,26): error TS2307: Cannot find module '@/database/queries/comics' or its corresponding type declarations.
src/app/api/comics/route.ts(6,54): error TS2307: Cannot find module '@/lib/validations' or its corresponding type declarations.
src/app/api/comics/route.ts(7,29): error TS2307: Cannot find module '@/database/mutations/comics' or its corresponding type declarations.
src/app/api/comics/route.ts(10,30): error TS2307: Cannot find module '@/database/queries/comics' or its corresponding type declarations.
src/app/api/comics/route.ts(12,35): error TS2307: Cannot find module 'types' or its corresponding type declarations.
src/app/api/comments/[id]/route.ts(6,54): error TS2307: Cannot find module '@/lib/validations' or its corresponding type declarations.
src/app/api/comments/[id]/route.ts(7,46): error TS2307: Cannot find module '@/database/mutations/comments' or its corresponding type declarations.
src/app/api/comments/[id]/route.ts(10,32): error TS2307: Cannot find module '@/database/queries/comments' or its corresponding type declarations.
src/app/api/comments/route.ts(6,46): error TS2307: Cannot find module '@/lib/email' or its corresponding type declarations.
src/app/api/comments/route.ts(7,37): error TS2307: Cannot find module '@/lib/validations' or its corresponding type declarations.
src/app/api/comments/route.ts(8,31): error TS2307: Cannot find module '@/database/mutations/comments' or its corresponding type declarations.
src/app/api/comments/route.ts(11,38): error TS2307: Cannot find module '@/database/queries/comments' or its corresponding type declarations.
src/app/api/genres/[id]/route.ts(10,8): error TS2307: Cannot find module '@/lib/genericCrud' or its corresponding type declarations.
src/app/api/genres/[id]/route.ts(11,50): error TS2307: Cannot find module '@/lib/validations' or its corresponding type declarations.
src/app/api/genres/[id]/route.ts(12,42): error TS2307: Cannot find module '@/database/mutations/genres' or its corresponding type declarations.
src/app/api/genres/[id]/route.ts(14,30): error TS2307: Cannot find module '@/database/queries/genres' or its corresponding type declarations.
src/app/api/genres/route.ts(5,79): error TS2307: Cannot find module '@/lib/genericCrud' or its corresponding type declarations.
src/app/api/genres/route.ts(6,54): error TS2307: Cannot find module '@/lib/validations' or its corresponding type declarations.
src/app/api/genres/route.ts(7,29): error TS2307: Cannot find module '@/database/mutations/genres' or its corresponding type declarations.
src/app/api/genres/route.ts(9,30): error TS2307: Cannot find module '@/database/queries/genres' or its corresponding type declarations.
src/app/api/health/route.ts(1,20): error TS2307: Cannot find module '@/database/db' or its corresponding type declarations.
src/app/api/search/route.ts(5,44): error TS2307: Cannot find module '@/lib/searchRefactored' or its corresponding type declarations.
src/app/api/search/route.ts(11,8): error TS2307: Cannot find module '@/lib/searchRefactored' or its corresponding type declarations.
src/app/api/types/[id]/route.ts(10,8): error TS2307: Cannot find module '@/app/api/lib/generic-crud' or its corresponding type declarations.
src/app/api/types/[id]/route.ts(11,48): error TS2307: Cannot find module '@/lib/validations' or its corresponding type declarations.
src/app/api/types/[id]/route.ts(12,40): error TS2307: Cannot find module '@/database/mutations/types' or its corresponding type declarations.
src/app/api/types/[id]/route.ts(14,29): error TS2307: Cannot find module '@/database/queries/types' or its corresponding type declarations.
src/app/api/types/route.ts(5,79): error TS2307: Cannot find module '@/lib/genericCrud' or its corresponding type declarations.
src/app/api/types/route.ts(6,52): error TS2307: Cannot find module '@/lib/validations' or its corresponding type declarations.
src/app/api/types/route.ts(7,28): error TS2307: Cannot find module '@/database/mutations/types' or its corresponding type declarations.
src/app/api/types/route.ts(9,29): error TS2307: Cannot find module '@/database/queries/types' or its corresponding type declarations.
src/app/api/upload/route.ts(15,8): error TS2307: Cannot find module '@/lib/imagekit' or its corresponding type declarations.
src/app/api/users/[id]/route.ts(6,48): error TS2307: Cannot find module '@/lib/validations' or its corresponding type declarations.
src/app/api/users/[id]/route.ts(7,40): error TS2307: Cannot find module '@/database/mutations/users' or its corresponding type declarations.
src/app/api/users/[id]/route.ts(10,29): error TS2307: Cannot find module '@/database/queries/users' or its corresponding type declarations.
src/app/api/users/route.ts(7,52): error TS2307: Cannot find module '@/lib/validations' or its corresponding type declarations.
src/app/api/users/route.ts(8,28): error TS2307: Cannot find module '@/database/mutations/users' or its corresponding type declarations.
src/app/api/users/route.ts(11,29): error TS2307: Cannot find module '@/database/queries/users' or its corresponding type declarations.
src/app/application-shell-01/page.tsx(22,53): error TS2307: Cannot find module '@/components/ui/avatar' or its corresponding type declarations.
src/app/application-shell-01/page.tsx(30,8): error TS2307: Cannot find module '@/components/ui/breadcrumb' or its corresponding type declarations.
src/app/application-shell-01/page.tsx(31,24): error TS2307: Cannot find module '@/components/ui/button' or its corresponding type declarations.
src/app/application-shell-01/page.tsx(32,35): error TS2307: Cannot find module '@/components/ui/card' or its corresponding type declarations.
src/app/application-shell-01/page.tsx(33,27): error TS2307: Cannot find module '@/components/ui/separator' or its corresponding type declarations.
src/app/application-shell-01/page.tsx(46,8): error TS2307: Cannot find module '@/components/ui/sidebar' or its corresponding type declarations.
src/app/application-shell-01/page.tsx(48,30): error TS2307: Cannot find module '@/components/shadcn-studio/blocks/dropdown-language' or its corresponding type declarations.
src/app/application-shell-01/page.tsx(49,29): error TS2307: Cannot find module '@/components/shadcn-studio/blocks/dropdown-profile' or its corresponding type declarations.
src/app/blog-component-01/page.tsx(1,18): error TS2307: Cannot find module '@/components/shadcn-studio/blocks/blog-component-01/blog-component-01' or its corresponding type declarations.
src/app/dashboard-shell-01/page.tsx(25,53): error TS2307: Cannot find module '@/components/ui/avatar' or its corresponding type declarations.
src/app/dashboard-shell-01/page.tsx(33,8): error TS2307: Cannot find module '@/components/ui/breadcrumb' or its corresponding type declarations.
src/app/dashboard-shell-01/page.tsx(34,24): error TS2307: Cannot find module '@/components/ui/button' or its corresponding type declarations.
src/app/dashboard-shell-01/page.tsx(35,22): error TS2307: Cannot find module '@/components/ui/card' or its corresponding type declarations.
src/app/dashboard-shell-01/page.tsx(36,27): error TS2307: Cannot find module '@/components/ui/separator' or its corresponding type declarations.
src/app/dashboard-shell-01/page.tsx(49,8): error TS2307: Cannot find module '@/components/ui/sidebar' or its corresponding type declarations.
src/app/dashboard-shell-01/page.tsx(51,30): error TS2307: Cannot find module '@/components/shadcn-studio/blocks/chart-sales-metrics' or its corresponding type declarations.
src/app/dashboard-shell-01/page.tsx(54,8): error TS2307: Cannot find module '@/components/shadcn-studio/blocks/datatable-transaction' or its corresponding type declarations.
src/app/dashboard-shell-01/page.tsx(55,30): error TS2307: Cannot find module '@/components/shadcn-studio/blocks/dropdown-language' or its corresponding type declarations.
src/app/dashboard-shell-01/page.tsx(56,29): error TS2307: Cannot find module '@/components/shadcn-studio/blocks/dropdown-profile' or its corresponding type declarations.
src/app/dashboard-shell-01/page.tsx(57,28): error TS2307: Cannot find module '@/components/shadcn-studio/blocks/statistics-card-01' or its corresponding type declarations.
src/app/dashboard-shell-01/page.tsx(58,33): error TS2307: Cannot find module '@/components/shadcn-studio/blocks/widget-product-insights' or its corresponding type declarations.
src/app/dashboard-shell-01/page.tsx(59,30): error TS2307: Cannot find module '@/components/shadcn-studio/blocks/widget-total-earning' or its corresponding type declarations.
src/app/dashboard/page.tsx(1,28): error TS2307: Cannot find module '@/components/app-sidebar' or its corresponding type declarations.
src/app/dashboard/page.tsx(2,38): error TS2307: Cannot find module '@/components/ChartAreaInteractive' or its corresponding type declarations.
src/app/dashboard/page.tsx(3,27): error TS2307: Cannot find module '@/components/DataTable' or its corresponding type declarations.
src/app/dashboard/page.tsx(4,30): error TS2307: Cannot find module '@/components/SectionCards' or its corresponding type declarations.
src/app/dashboard/page.tsx(5,28): error TS2307: Cannot find module '@/components/SiteHeader' or its corresponding type declarations.
src/app/dashboard/page.tsx(6,47): error TS2307: Cannot find module '@/components/ui/sidebar' or its corresponding type declarations.
src/app/dashboard/page.tsx(8,18): error TS2307: Cannot find module 'src/src/app/dashboard/data.json' or its corresponding type declarations.
src/app/footer-component-01/page.tsx(1,20): error TS2307: Cannot find module '@/components/shadcn-studio/blocks/footer-component-01/footer-component-01' or its corresponding type declarations.
src/app/GlobalError.tsx(7,24): error TS2307: Cannot find module '@/components/ui/button' or its corresponding type declarations.
src/app/layout.tsx(3,27): error TS2307: Cannot find module '@/app/Providers' or its corresponding type declarations.
src/app/login-page-01/page.tsx(1,19): error TS2307: Cannot find module '@/components/shadcn-studio/blocks/login-page-01/login-page-01' or its corresponding type declarations.
src/app/navbar-component-01/page.tsx(1,20): error TS2307: Cannot find module '@/components/shadcn-studio/blocks/navbar-component-01/navbar-component-01' or its corresponding type declarations.
src/app/Providers.tsx(9,35): error TS2307: Cannot find module '@/components/ui/sonner' or its corresponding type declarations.
src/app/Providers.tsx(21,20): error TS2322: Type '{ expand: boolean; richColors: true; closeButton: true; }' is not assignable to type 'IntrinsicAttributes'.
  Property 'expand' does not exist on type 'IntrinsicAttributes'.
src/app/register-01/page.tsx(1,22): error TS2307: Cannot find module '@/components/shadcn-studio/blocks/register-01/register-01' or its corresponding type declarations.
src/components/admin/AdminUsersOptimized.tsx(13,8): error TS2307: Cannot find module '@/lib/validations' or its corresponding type declarations.
src/components/admin/AdminUsersOptimized.tsx(18,27): error TS2307: Cannot find module '@/types/database' or its corresponding type declarations.
src/components/admin/AdminUsersOptimized.tsx(19,24): error TS2307: Cannot find module '@/components/ui/button' or its corresponding type declarations.
src/components/admin/AdminUsersOptimized.tsx(27,8): error TS2307: Cannot find module '@/components/ui/dialog' or its corresponding type declarations.
src/components/admin/AdminUsersOptimized.tsx(28,23): error TS2307: Cannot find module '@/components/ui/input' or its corresponding type declarations.
src/components/admin/AdminUsersOptimized.tsx(29,23): error TS2307: Cannot find module '@/components/ui/label' or its corresponding type declarations.
src/components/admin/AdminUsersOptimized.tsx(30,79): error TS2307: Cannot find module '@/components/ui/select' or its corresponding type declarations.
src/components/admin/BaseForm.tsx(9,24): error TS2307: Cannot find module '@/components/ui/button' or its corresponding type declarations.
src/components/admin/BaseForm.tsx(18,8): error TS2307: Cannot find module '@/components/ui/form' or its corresponding type declarations.
src/components/admin/BaseForm.tsx(19,23): error TS2307: Cannot find module '@/components/ui/input' or its corresponding type declarations.
src/components/admin/BaseForm.tsx(20,79): error TS2307: Cannot find module '@/components/ui/select' or its corresponding type declarations.
src/components/admin/BaseForm.tsx(21,24): error TS2307: Cannot find module '@/components/ui/switch' or its corresponding type declarations.
src/components/admin/BaseForm.tsx(22,26): error TS2307: Cannot find module '@/components/ui/textarea' or its corresponding type declarations.
src/components/admin/BaseForm.tsx(71,27): error TS2769: No overload matches this call.
  Overload 1 of 4, '(schema: Zod3Type<unknown, FieldValues>, schemaOptions?: ParseParams | undefined, resolverOptions?: NonRawResolverOptions | undefined): Resolver<...>', gave the following error.
    Argument of type 'T' is not assignable to parameter of type 'Zod3Type<unknown, FieldValues>'.
      Type 'ZodType<unknown, unknown, $ZodTypeInternals<unknown, unknown>>' is not assignable to type 'Zod3Type<unknown, FieldValues>'.
        Types of property '_input' are incompatible.
          Type 'unknown' is not assignable to type 'FieldValues'.
  Overload 2 of 4, '(schema: $ZodType<unknown, FieldValues, $ZodTypeInternals<unknown, FieldValues>>, schemaOptions?: ParseContext<$ZodIssue> | undefined, resolverOptions?: NonRawResolverOptions | undefined): Resolver<...>', gave the following error.
    Argument of type 'T' is not assignable to parameter of type '$ZodType<unknown, FieldValues, $ZodTypeInternals<unknown, FieldValues>>'.
      Type 'ZodType<unknown, unknown, $ZodTypeInternals<unknown, unknown>>' is not assignable to type '$ZodType<unknown, FieldValues, $ZodTypeInternals<unknown, FieldValues>>'.
        Types of property '_zod' are incompatible.
          Type '$ZodTypeInternals<unknown, unknown>' is not assignable to type '$ZodTypeInternals<unknown, FieldValues>'.
            Type 'unknown' is not assignable to type 'FieldValues'.
src/components/admin/BaseForm.tsx(85,79): error TS2344: Type 'output<T>' does not satisfy the constraint 'FieldValues'.
  Type 'unknown' is not assignable to type 'FieldValues'.
src/components/admin/BaseForm.tsx(230,37): error TS2345: Argument of type '(values: z.core.output<T>) => Promise<void>' is not assignable to parameter of type 'SubmitHandler<TFieldValues>'.
  Types of parameters 'values' and 'data' are incompatible.
    Type 'TFieldValues' is not assignable to type 'output<T>'.
      Type 'FieldValues' is not assignable to type 'output<T>'.
src/components/admin/BaseForm.tsx(236,51): error TS2345: Argument of type 'UseFormReturn<output<T>, any, TFieldValues>' is not assignable to parameter of type 'UseFormReturn<output<T>>'.
  Types of property 'handleSubmit' are incompatible.
    Type 'UseFormHandleSubmit<output<T>, TFieldValues>' is not assignable to type 'UseFormHandleSubmit<output<T>, output<T>>'.
      Types of parameters 'onValid' and 'onValid' are incompatible.
        Types of parameters 'data' and 'data' are incompatible.
          Type 'TFieldValues' is not assignable to type 'output<T>'.
            Type 'FieldValues' is not assignable to type 'output<T>'.
src/components/admin/ClientImageUploader.tsx(3,32): error TS2307: Cannot find module 'hooks/useImageUpload' or its corresponding type declarations.
src/components/admin/ClientImageUploader.tsx(7,24): error TS2307: Cannot find module '@/components/ui/button' or its corresponding type declarations.
src/components/admin/ComicForm.tsx(4,32): error TS2307: Cannot find module 'hooks/useImageUpload' or its corresponding type declarations.
src/components/admin/ComicForm.tsx(5,33): error TS2307: Cannot find module '@/lib/validations' or its corresponding type declarations.
src/components/admin/ComicForm.tsx(11,41): error TS2307: Cannot find module '@/components/ui/alert' or its corresponding type declarations.
src/components/admin/ComicForm.tsx(12,24): error TS2307: Cannot find module '@/components/ui/button' or its corresponding type declarations.
src/components/admin/ComicForm.tsx(13,75): error TS2307: Cannot find module '@/components/ui/card' or its corresponding type declarations.
src/components/admin/ComicForm.tsx(22,8): error TS2307: Cannot find module '@/components/ui/form' or its corresponding type declarations.
src/components/admin/ComicForm.tsx(23,23): error TS2307: Cannot find module '@/components/ui/input' or its corresponding type declarations.
src/components/admin/ComicForm.tsx(24,79): error TS2307: Cannot find module '@/components/ui/select' or its corresponding type declarations.
src/components/admin/ComicForm.tsx(25,26): error TS2307: Cannot find module '@/components/ui/textarea' or its corresponding type declarations.
src/components/admin/ComicForm.tsx(60,5): error TS2578: Unused '@ts-expect-error' directive.
src/components/admin/ComicsListContent.tsx(3,47): error TS2307: Cannot find module '@/app/admin/comics/actions' or its corresponding type declarations.
src/components/admin/ComicsListContent.tsx(4,29): error TS2307: Cannot find module '@/components/admin/ComicsTable' or its corresponding type declarations.
src/components/admin/ComicsListContent.tsx(5,26): error TS2307: Cannot find module 'hooks/useToast' or its corresponding type declarations.
src/components/admin/ComicsListContent.tsx(10,24): error TS2307: Cannot find module '@/components/ui/button' or its corresponding type declarations.
src/components/admin/ComicsListContent.tsx(11,58): error TS2307: Cannot find module '@/components/ui/card' or its corresponding type declarations.
src/components/admin/ComicsListContent.tsx(12,23): error TS2307: Cannot find module '@/components/ui/input' or its corresponding type declarations.
src/components/admin/ComicsTable.tsx(1,34): error TS2307: Cannot find module '@/components/admin/ConfirmDialog' or its corresponding type declarations.
src/components/admin/ComicsTable.tsx(6,23): error TS2307: Cannot find module '@/components/ui/badge' or its corresponding type declarations.
src/components/admin/ComicsTable.tsx(7,24): error TS2307: Cannot find module '@/components/ui/button' or its corresponding type declarations.
src/components/admin/ComicsTable.tsx(8,75): error TS2307: Cannot find module '@/components/ui/card' or its corresponding type declarations.
src/components/admin/ComicsTable.tsx(9,26): error TS2307: Cannot find module '@/components/ui/checkbox' or its corresponding type declarations.
src/components/admin/ComicsTable.tsx(10,79): error TS2307: Cannot find module '@/components/ui/table' or its corresponding type declarations.
src/components/admin/CommandMenu.tsx(13,8): error TS2307: Cannot find module '@/components/ui/command' or its corresponding type declarations.
src/components/admin/ConfirmDialog.tsx(12,8): error TS2307: Cannot find module '@/components/ui/AlertDialog' or its corresponding type declarations.
src/components/admin/DashboardCharts.tsx(18,58): error TS2307: Cannot find module '@/components/ui/card' or its corresponding type declarations.
src/components/admin/DataTable.tsx(6,24): error TS2307: Cannot find module '@/components/ui/button' or its corresponding type declarations.
src/components/admin/DataTable.tsx(14,8): error TS2307: Cannot find module '@/components/ui/DropdownMenu' or its corresponding type declarations.
src/components/admin/DataTable.tsx(15,23): error TS2307: Cannot find module '@/components/ui/input' or its corresponding type declarations.
src/components/admin/DataTable.tsx(16,79): error TS2307: Cannot find module '@/components/ui/table' or its corresponding type declarations.
src/components/admin/EmptyState.tsx(2,24): error TS2307: Cannot find module '@/components/ui/button' or its corresponding type declarations.
src/components/admin/EmptyState.tsx(3,35): error TS2307: Cannot find module '@/components/ui/card' or its corresponding type declarations.
src/components/admin/EnhancedDataTable.tsx(20,24): error TS2307: Cannot find module '@/components/ui/button' or its corresponding type declarations.
src/components/admin/EnhancedDataTable.tsx(21,26): error TS2307: Cannot find module '@/components/ui/checkbox' or its corresponding type declarations.
src/components/admin/EnhancedDataTable.tsx(27,8): error TS2307: Cannot find module '@/components/ui/DropdownMenu' or its corresponding type declarations.
src/components/admin/EnhancedDataTable.tsx(28,23): error TS2307: Cannot find module '@/components/ui/input' or its corresponding type declarations.
src/components/admin/EnhancedDataTable.tsx(29,79): error TS2307: Cannot find module '@/components/ui/table' or its corresponding type declarations.
src/components/admin/ImageUpload.tsx(7,32): error TS2307: Cannot find module 'hooks/useImageUpload' or its corresponding type declarations.
src/components/admin/ImageUpload.tsx(10,24): error TS2307: Cannot find module '@/components/ui/button' or its corresponding type declarations.
src/components/admin/LoadingStates.tsx(1,47): error TS2307: Cannot find module '@/components/ui/card' or its corresponding type declarations.
src/components/admin/LoadingStates.tsx(2,26): error TS2307: Cannot find module '@/components/ui/skeleton' or its corresponding type declarations.
src/components/admin/LoadingStates.tsx(3,79): error TS2307: Cannot find module '@/components/ui/table' or its corresponding type declarations.
src/components/admin/RichTextEditor.tsx(17,24): error TS2307: Cannot find module '@/components/ui/button' or its corresponding type declarations.
src/components/admin/ThemeToggle.tsx(5,24): error TS2307: Cannot find module '@/components/ui/button' or its corresponding type declarations.
src/components/admin/ThemeToggle.tsx(11,8): error TS2307: Cannot find module '@/components/ui/DropdownMenu' or its corresponding type declarations.
src/components/app-sidebar.tsx(22,30): error TS2307: Cannot find module '@/components/NavDocuments' or its corresponding type declarations.
src/components/app-sidebar.tsx(23,25): error TS2307: Cannot find module '@/components/NavMain' or its corresponding type declarations.
src/components/app-sidebar.tsx(24,30): error TS2307: Cannot find module '@/components/NavSecondary' or its corresponding type declarations.
src/components/app-sidebar.tsx(25,25): error TS2307: Cannot find module '@/components/NavUser' or its corresponding type declarations.
src/components/app-sidebar.tsx(34,8): error TS2307: Cannot find module '@/components/ui/sidebar' or its corresponding type declarations.
src/components/AppNavbar.tsx(9,24): error TS2307: Cannot find module '@/components/ui/button' or its corresponding type declarations.
src/components/AppNavbar.tsx(10,23): error TS2307: Cannot find module '@/components/ui/input' or its corresponding type declarations.
src/components/AppSidebar.tsx(3,29): error TS2307: Cannot find module '@/components/admin/ThemeToggle' or its corresponding type declarations.
src/components/AppSidebar.tsx(27,8): error TS2307: Cannot find module '@/components/ui/sidebar' or its corresponding type declarations.
src/components/auth/authForm.tsx(9,22): error TS2307: Cannot find module '@/components/ui/form' or its corresponding type declarations.
src/components/auth/authForm.tsx(12,41): error TS2307: Cannot find module '@/components/ui/alert' or its corresponding type declarations.
src/components/auth/authForm.tsx(13,24): error TS2307: Cannot find module '@/components/ui/button' or its corresponding type declarations.
src/components/auth/authForm.tsx(14,87): error TS2307: Cannot find module '@/components/ui/card' or its corresponding type declarations.
src/components/auth/authForm.tsx(59,3): error TS2578: Unused '@ts-expect-error' directive.
src/components/auth/authForm.tsx(61,5): error TS2322: Type 'Resolver<FieldValues, any, T>' is not assignable to type 'Resolver<T, any, T>'.
  Types of parameters 'options' and 'options' are incompatible.
    Type 'ResolverOptions<T>' is not assignable to type 'ResolverOptions<FieldValues>'.
      Type 'FieldValues' is not assignable to type 'T'.
        'FieldValues' is assignable to the constraint of type 'T', but 'T' could be instantiated with a different subtype of constraint 'FieldValues'.
src/components/auth/authForm.tsx(61,27): error TS2769: No overload matches this call.
  Overload 1 of 4, '(schema: Zod3Type<T, FieldValues>, schemaOptions?: ParseParams | undefined, resolverOptions?: NonRawResolverOptions | undefined): Resolver<...>', gave the following error.
    Argument of type 'ZodType<T, unknown, $ZodTypeInternals<T, unknown>>' is not assignable to parameter of type 'Zod3Type<T, FieldValues>'.
      Types of property '_input' are incompatible.
        Type 'unknown' is not assignable to type 'FieldValues'.
  Overload 2 of 4, '(schema: $ZodType<unknown, FieldValues, $ZodTypeInternals<unknown, FieldValues>>, schemaOptions?: ParseContext<$ZodIssue> | undefined, resolverOptions?: NonRawResolverOptions | undefined): Resolver<...>', gave the following error.
    Argument of type 'ZodType<T, unknown, $ZodTypeInternals<T, unknown>>' is not assignable to parameter of type '$ZodType<unknown, FieldValues, $ZodTypeInternals<unknown, FieldValues>>'.
      Types of property '_zod' are incompatible.
        Type '$ZodTypeInternals<T, unknown>' is not assignable to type '$ZodTypeInternals<unknown, FieldValues>'.
          Type 'unknown' is not assignable to type 'FieldValues'.
src/components/auth/authForm.tsx(80,43): error TS2345: Argument of type '(data: T) => Promise<void>' is not assignable to parameter of type 'SubmitHandler<TFieldValues>'.
  Types of parameters 'data' and 'data' are incompatible.
    Type 'TFieldValues' is not assignable to type 'T'.
      'TFieldValues' is assignable to the constraint of type 'T', but 'T' could be instantiated with a different subtype of constraint 'FieldValues'.
src/components/auth/emailField.tsx(4,74): error TS2307: Cannot find module '@/components/ui/form' or its corresponding type declarations.
src/components/auth/emailField.tsx(5,23): error TS2307: Cannot find module '@/components/ui/input' or its corresponding type declarations.
src/components/auth/nameField.tsx(4,74): error TS2307: Cannot find module '@/components/ui/form' or its corresponding type declarations.
src/components/auth/nameField.tsx(5,23): error TS2307: Cannot find module '@/components/ui/input' or its corresponding type declarations.
src/components/auth/passwordField.tsx(4,74): error TS2307: Cannot find module '@/components/ui/form' or its corresponding type declarations.
src/components/auth/passwordField.tsx(5,31): error TS2307: Cannot find module '@/components/ui/PasswordInput' or its corresponding type declarations.
src/components/BookmarkButton.tsx(6,34): error TS2307: Cannot find module 'stores/bookmarkStore' or its corresponding type declarations.
src/components/BookmarkButton.tsx(7,24): error TS2307: Cannot find module '@/components/ui/button' or its corresponding type declarations.
src/components/ChapterReader.tsx(8,24): error TS2307: Cannot find module '@/components/ui/button' or its corresponding type declarations.
src/components/ChapterReader.tsx(9,26): error TS2307: Cannot find module '@/components/ui/skeleton' or its corresponding type declarations.
src/components/ChartAreaInteractive.tsx(12,8): error TS2307: Cannot find module '@/components/ui/card' or its corresponding type declarations.
src/components/ChartAreaInteractive.tsx(13,34): error TS2307: Cannot find module '@/components/ui/chart' or its corresponding type declarations.
src/components/ChartAreaInteractive.tsx(14,32): error TS2307: Cannot find module '@/components/ui/chart' or its corresponding type declarations.
src/components/ChartAreaInteractive.tsx(21,8): error TS2307: Cannot find module '@/components/ui/select' or its corresponding type declarations.
src/components/ChartAreaInteractive.tsx(22,46): error TS2307: Cannot find module '@/components/ui/toggle-group' or its corresponding type declarations.
src/components/ChartAreaInteractive.tsx(23,29): error TS2307: Cannot find module '@/hooks/use-mobile' or its corresponding type declarations.
src/components/ComicCard.tsx(6,28): error TS2307: Cannot find module 'types' or its corresponding type declarations.
src/components/ComicCard.tsx(7,23): error TS2307: Cannot find module '@/components/ui/badge' or its corresponding type declarations.
src/components/ComicCard.tsx(8,47): error TS2307: Cannot find module '@/components/ui/card' or its corresponding type declarations.
src/components/DataTable.tsx(56,23): error TS2307: Cannot find module '@/components/ui/badge' or its corresponding type declarations.
src/components/DataTable.tsx(57,24): error TS2307: Cannot find module '@/components/ui/button' or its corresponding type declarations.
src/components/DataTable.tsx(58,34): error TS2307: Cannot find module '@/components/ui/chart' or its corresponding type declarations.
src/components/DataTable.tsx(59,26): error TS2307: Cannot find module '@/components/ui/checkbox' or its corresponding type declarations.
src/components/DataTable.tsx(69,8): error TS2307: Cannot find module '@/components/ui/drawer' or its corresponding type declarations.
src/components/DataTable.tsx(77,8): error TS2307: Cannot find module '@/components/ui/dropdown-menu' or its corresponding type declarations.
src/components/DataTable.tsx(78,23): error TS2307: Cannot find module '@/components/ui/input' or its corresponding type declarations.
src/components/DataTable.tsx(79,23): error TS2307: Cannot find module '@/components/ui/label' or its corresponding type declarations.
src/components/DataTable.tsx(86,8): error TS2307: Cannot find module '@/components/ui/select' or its corresponding type declarations.
src/components/DataTable.tsx(87,27): error TS2307: Cannot find module '@/components/ui/separator' or its corresponding type declarations.
src/components/DataTable.tsx(95,8): error TS2307: Cannot find module '@/components/ui/table' or its corresponding type declarations.
src/components/DataTable.tsx(96,58): error TS2307: Cannot find module '@/components/ui/tabs' or its corresponding type declarations.
src/components/DataTable.tsx(97,29): error TS2307: Cannot find module '@/hooks/use-mobile' or its corresponding type declarations.
src/components/emails/index.ts(5,48): error TS2307: Cannot find module 'emails/AccountUpdatedEmail' or its corresponding type declarations.
src/components/emails/index.ts(6,53): error TS2307: Cannot find module 'emails/CommentNotificationEmail' or its corresponding type declarations.
src/components/emails/index.ts(7,44): error TS2307: Cannot find module 'emails/NewChapterEmail' or its corresponding type declarations.
src/components/emails/index.ts(8,47): error TS2307: Cannot find module 'emails/PasswordResetEmail' or its corresponding type declarations.
src/components/emails/index.ts(9,46): error TS2307: Cannot find module 'emails/VerificationEmail' or its corresponding type declarations.
src/components/emails/index.ts(10,41): error TS2307: Cannot find module 'emails/WelcomeEmail' or its corresponding type declarations.
src/components/Filters.tsx(6,23): error TS2307: Cannot find module '@/components/ui/badge' or its corresponding type declarations.
src/components/Filters.tsx(7,24): error TS2307: Cannot find module '@/components/ui/button' or its corresponding type declarations.
src/components/Filters.tsx(8,58): error TS2307: Cannot find module '@/components/ui/card' or its corresponding type declarations.
src/components/Filters.tsx(9,23): error TS2307: Cannot find module '@/components/ui/label' or its corresponding type declarations.
src/components/LightRays.tsx(34,15): error TS1507: There is nothing available for repetition.
src/components/NavDocuments.tsx(11,8): error TS2307: Cannot find module '@/components/ui/dropdown-menu' or its corresponding type declarations.
src/components/NavDocuments.tsx(20,8): error TS2307: Cannot find module '@/components/ui/sidebar' or its corresponding type declarations.
src/components/NavMain.tsx(5,24): error TS2307: Cannot find module '@/components/ui/button' or its corresponding type declarations.
src/components/NavMain.tsx(12,8): error TS2307: Cannot find module '@/components/ui/sidebar' or its corresponding type declarations.
src/components/NavSecondary.tsx(12,8): error TS2307: Cannot find module '@/components/ui/sidebar' or its corresponding type declarations.
src/components/NavUser.tsx(11,53): error TS2307: Cannot find module '@/components/ui/avatar' or its corresponding type declarations.
src/components/NavUser.tsx(20,8): error TS2307: Cannot find module '@/components/ui/dropdown-menu' or its corresponding type declarations.
src/components/NavUser.tsx(26,8): error TS2307: Cannot find module '@/components/ui/sidebar' or its corresponding type declarations.
src/components/Pagination.tsx(5,24): error TS2307: Cannot find module '@/components/ui/button' or its corresponding type declarations.
src/components/profile/ProfileManagement.tsx(11,53): error TS2307: Cannot find module '@/components/ui/avatar' or its corresponding type declarations.
src/components/profile/ProfileManagement.tsx(12,35): error TS2307: Cannot find module '@/components/ui/card' or its corresponding type declarations.
src/components/profile/ProfileManagement.tsx(13,58): error TS2307: Cannot find module '@/components/ui/tabs' or its corresponding type declarations.
src/components/SectionCards.tsx(3,23): error TS2307: Cannot find module '@/components/ui/badge' or its corresponding type declarations.
src/components/SectionCards.tsx(11,8): error TS2307: Cannot find module '@/components/ui/card' or its corresponding type declarations.
src/components/shadcn-studio/blocks/blog-component-01/blog-component-01.tsx(3,24): error TS2307: Cannot find module '@/components/ui/button' or its corresponding type declarations.
src/components/shadcn-studio/blocks/blog-component-01/blog-component-01.tsx(11,8): error TS2307: Cannot find module '@/components/ui/card' or its corresponding type declarations.
src/components/shadcn-studio/blocks/blog-component-01/BlogComponent01.tsx(3,24): error TS2307: Cannot find module '@/components/ui/button' or its corresponding type declarations.
src/components/shadcn-studio/blocks/blog-component-01/BlogComponent01.tsx(4,87): error TS2307: Cannot find module '@/components/ui/card' or its corresponding type declarations.
src/components/shadcn-studio/blocks/chart-sales-metrics.tsx(12,25): error TS2614: Module '"recharts"' has no exported member 'Label'. Did you mean to use 'import Label from "recharts"' instead?
src/components/shadcn-studio/blocks/chart-sales-metrics.tsx(14,40): error TS2307: Cannot find module '@/components/ui/avatar' or its corresponding type declarations.
src/components/shadcn-studio/blocks/chart-sales-metrics.tsx(15,70): error TS2307: Cannot find module '@/components/ui/card' or its corresponding type declarations.
src/components/shadcn-studio/blocks/chart-sales-metrics.tsx(21,8): error TS2307: Cannot find module '@/components/ui/chart' or its corresponding type declarations.
src/components/shadcn-studio/blocks/chart-sales-metrics.tsx(153,32): error TS7030: Not all code paths return a value.
src/components/shadcn-studio/blocks/ChartSalesMetrics.tsx(15,40): error TS2307: Cannot find module '@/components/ui/avatar' or its corresponding type declarations.
src/components/shadcn-studio/blocks/ChartSalesMetrics.tsx(16,70): error TS2307: Cannot find module '@/components/ui/card' or its corresponding type declarations.
src/components/shadcn-studio/blocks/ChartSalesMetrics.tsx(17,34): error TS2307: Cannot find module '@/components/ui/chart' or its corresponding type declarations.
src/components/shadcn-studio/blocks/ChartSalesMetrics.tsx(18,67): error TS2307: Cannot find module '@/components/ui/chart' or its corresponding type declarations.
src/components/shadcn-studio/blocks/datatable-transaction.tsx(17,53): error TS2307: Cannot find module '@/components/ui/avatar' or its corresponding type declarations.
src/components/shadcn-studio/blocks/datatable-transaction.tsx(18,23): error TS2307: Cannot find module '@/components/ui/badge' or its corresponding type declarations.
src/components/shadcn-studio/blocks/datatable-transaction.tsx(19,24): error TS2307: Cannot find module '@/components/ui/button' or its corresponding type declarations.
src/components/shadcn-studio/blocks/datatable-transaction.tsx(26,8): error TS2307: Cannot find module '@/components/ui/dropdown-menu' or its corresponding type declarations.
src/components/shadcn-studio/blocks/datatable-transaction.tsx(32,8): error TS2307: Cannot find module '@/components/ui/pagination' or its corresponding type declarations.
src/components/shadcn-studio/blocks/datatable-transaction.tsx(40,8): error TS2307: Cannot find module '@/components/ui/table' or its corresponding type declarations.
src/components/shadcn-studio/blocks/datatable-transaction.tsx(42,31): error TS2307: Cannot find module '@/hooks/use-pagination' or its corresponding type declarations.
src/components/shadcn-studio/blocks/DatatableTransaction.tsx(23,8): error TS2307: Cannot find module '@/components/ui/dropdown-menu' or its corresponding type declarations.
src/components/shadcn-studio/blocks/DatatableTransaction.tsx(29,8): error TS2307: Cannot find module '@/components/ui/pagination' or its corresponding type declarations.
src/components/shadcn-studio/blocks/DatatableTransaction.tsx(37,8): error TS2307: Cannot find module '@/components/ui/table' or its corresponding type declarations.
src/components/shadcn-studio/blocks/DatatableTransaction.tsx(38,53): error TS2307: Cannot find module '@/components/ui/avatar' or its corresponding type declarations.
src/components/shadcn-studio/blocks/DatatableTransaction.tsx(39,23): error TS2307: Cannot find module '@/components/ui/badge' or its corresponding type declarations.
src/components/shadcn-studio/blocks/DatatableTransaction.tsx(40,24): error TS2307: Cannot find module '@/components/ui/button' or its corresponding type declarations.
src/components/shadcn-studio/blocks/DatatableTransaction.tsx(42,31): error TS2307: Cannot find module 'hooks/use-pagination' or its corresponding type declarations.
src/components/shadcn-studio/blocks/dropdown-language.tsx(12,8): error TS2307: Cannot find module '@/components/ui/dropdown-menu' or its corresponding type declarations.
src/components/shadcn-studio/blocks/dropdown-profile.tsx(13,53): error TS2307: Cannot find module '@/components/ui/avatar' or its corresponding type declarations.
src/components/shadcn-studio/blocks/dropdown-profile.tsx(22,8): error TS2307: Cannot find module '@/components/ui/dropdown-menu' or its corresponding type declarations.
src/components/shadcn-studio/blocks/DropdownLanguage.tsx(12,8): error TS2307: Cannot find module '@/components/ui/dropdown-menu' or its corresponding type declarations.
src/components/shadcn-studio/blocks/DropdownProfile.tsx(21,8): error TS2307: Cannot find module '@/components/ui/dropdown-menu' or its corresponding type declarations.
src/components/shadcn-studio/blocks/DropdownProfile.tsx(22,53): error TS2307: Cannot find module '@/components/ui/avatar' or its corresponding type declarations.
src/components/shadcn-studio/blocks/footer-component-01/footer-component-01.tsx(3,27): error TS2307: Cannot find module '@/components/ui/separator' or its corresponding type declarations.
src/components/shadcn-studio/blocks/footer-component-01/footer-component-01.tsx(5,18): error TS2307: Cannot find module '@/assets/svg/logo' or its corresponding type declarations.
src/components/shadcn-studio/blocks/footer-component-01/FooterComponent01.tsx(3,27): error TS2307: Cannot find module '@/components/ui/separator' or its corresponding type declarations.
src/components/shadcn-studio/blocks/footer-component-01/FooterComponent01.tsx(5,25): error TS2307: Cannot find module '@/components/CurrentYear' or its corresponding type declarations.
src/components/shadcn-studio/blocks/footer-component-01/FooterComponent01.tsx(6,18): error TS2307: Cannot find module '@/components/shadcn-studio/logo' or its corresponding type declarations.
src/components/shadcn-studio/blocks/login-page-01/login-form.tsx(7,24): error TS2307: Cannot find module '@/components/ui/button' or its corresponding type declarations.
src/components/shadcn-studio/blocks/login-page-01/login-form.tsx(8,26): error TS2307: Cannot find module '@/components/ui/checkbox' or its corresponding type declarations.
src/components/shadcn-studio/blocks/login-page-01/login-form.tsx(9,23): error TS2307: Cannot find module '@/components/ui/input' or its corresponding type declarations.
src/components/shadcn-studio/blocks/login-page-01/login-form.tsx(10,23): error TS2307: Cannot find module '@/components/ui/label' or its corresponding type declarations.
src/components/shadcn-studio/blocks/login-page-01/login-page-01.tsx(1,24): error TS2307: Cannot find module '@/components/ui/button' or its corresponding type declarations.
src/components/shadcn-studio/blocks/login-page-01/login-page-01.tsx(2,75): error TS2307: Cannot find module '@/components/ui/card' or its corresponding type declarations.
src/components/shadcn-studio/blocks/login-page-01/login-page-01.tsx(3,27): error TS2307: Cannot find module '@/components/ui/separator' or its corresponding type declarations.
src/components/shadcn-studio/blocks/login-page-01/login-page-01.tsx(5,33): error TS2307: Cannot find module '@/assets/svg/auth-background-shape' or its corresponding type declarations.
src/components/shadcn-studio/blocks/login-page-01/login-page-01.tsx(6,18): error TS2307: Cannot find module '@/assets/svg/logo' or its corresponding type declarations.
src/components/shadcn-studio/blocks/login-page-01/login-page-01.tsx(7,23): error TS2307: Cannot find module '@/components/shadcn-studio/blocks/login-page-01/login-form' or its corresponding type declarations.
src/components/shadcn-studio/blocks/login-page-01/LoginForm.tsx(7,24): error TS2307: Cannot find module '@/components/ui/button' or its corresponding type declarations.
src/components/shadcn-studio/blocks/login-page-01/LoginForm.tsx(8,26): error TS2307: Cannot find module '@/components/ui/checkbox' or its corresponding type declarations.
src/components/shadcn-studio/blocks/login-page-01/LoginForm.tsx(9,23): error TS2307: Cannot find module '@/components/ui/input' or its corresponding type declarations.
src/components/shadcn-studio/blocks/login-page-01/LoginForm.tsx(10,23): error TS2307: Cannot find module '@/components/ui/label' or its corresponding type declarations.
src/components/shadcn-studio/blocks/login-page-01/LoginPage01.tsx(1,24): error TS2307: Cannot find module '@/components/ui/button' or its corresponding type declarations.
src/components/shadcn-studio/blocks/login-page-01/LoginPage01.tsx(2,75): error TS2307: Cannot find module '@/components/ui/card' or its corresponding type declarations.
src/components/shadcn-studio/blocks/login-page-01/LoginPage01.tsx(3,27): error TS2307: Cannot find module '@/components/ui/separator' or its corresponding type declarations.
src/components/shadcn-studio/blocks/login-page-01/LoginPage01.tsx(5,33): error TS2307: Cannot find module 'assets/svg/auth-background-shape' or its corresponding type declarations.
src/components/shadcn-studio/blocks/login-page-01/LoginPage01.tsx(6,23): error TS2307: Cannot find module '@/components/shadcn-studio/blocks/login-page-01/login-form' or its corresponding type declarations.
src/components/shadcn-studio/blocks/login-page-01/LoginPage01.tsx(7,18): error TS2307: Cannot find module '@/components/shadcn-studio/logo' or its corresponding type declarations.
src/components/shadcn-studio/blocks/navbar-component-01/navbar-component-01.tsx(3,24): error TS2307: Cannot find module '@/components/ui/button' or its corresponding type declarations.
src/components/shadcn-studio/blocks/navbar-component-01/navbar-component-01.tsx(10,8): error TS2307: Cannot find module '@/components/ui/dropdown-menu' or its corresponding type declarations.
src/components/shadcn-studio/blocks/navbar-component-01/navbar-component-01.tsx(12,18): error TS2307: Cannot find module '@/assets/svg/logo' or its corresponding type declarations.
src/components/shadcn-studio/blocks/navbar-component-01/NavbarComponent01.tsx(3,24): error TS2307: Cannot find module '@/components/ui/button' or its corresponding type declarations.
src/components/shadcn-studio/blocks/navbar-component-01/NavbarComponent01.tsx(10,8): error TS2307: Cannot find module '@/components/ui/dropdown-menu' or its corresponding type declarations.
src/components/shadcn-studio/blocks/navbar-component-01/NavbarComponent01.tsx(12,18): error TS2307: Cannot find module '@/components/shadcn-studio/logo' or its corresponding type declarations.
src/components/shadcn-studio/blocks/register-01/register-01.tsx(1,24): error TS2307: Cannot find module '@/components/ui/button' or its corresponding type declarations.
src/components/shadcn-studio/blocks/register-01/register-01.tsx(2,75): error TS2307: Cannot find module '@/components/ui/card' or its corresponding type declarations.
src/components/shadcn-studio/blocks/register-01/register-01.tsx(3,27): error TS2307: Cannot find module '@/components/ui/separator' or its corresponding type declarations.
src/components/shadcn-studio/blocks/register-01/register-01.tsx(5,33): error TS2307: Cannot find module '@/assets/svg/auth-background-shape' or its corresponding type declarations.
src/components/shadcn-studio/blocks/register-01/register-01.tsx(6,18): error TS2307: Cannot find module '@/assets/svg/logo' or its corresponding type declarations.
src/components/shadcn-studio/blocks/register-01/register-01.tsx(7,26): error TS2307: Cannot find module '@/components/shadcn-studio/blocks/register-01/register-form' or its corresponding type declarations.
src/components/shadcn-studio/blocks/register-01/register-form.tsx(7,24): error TS2307: Cannot find module '@/components/ui/button' or its corresponding type declarations.
src/components/shadcn-studio/blocks/register-01/register-form.tsx(8,26): error TS2307: Cannot find module '@/components/ui/checkbox' or its corresponding type declarations.
src/components/shadcn-studio/blocks/register-01/register-form.tsx(9,23): error TS2307: Cannot find module '@/components/ui/input' or its corresponding type declarations.
src/components/shadcn-studio/blocks/register-01/register-form.tsx(10,23): error TS2307: Cannot find module '@/components/ui/label' or its corresponding type declarations.
src/components/shadcn-studio/blocks/register-01/Register01.tsx(1,24): error TS2307: Cannot find module '@/components/ui/button' or its corresponding type declarations.
src/components/shadcn-studio/blocks/register-01/Register01.tsx(2,75): error TS2307: Cannot find module '@/components/ui/card' or its corresponding type declarations.
src/components/shadcn-studio/blocks/register-01/Register01.tsx(3,27): error TS2307: Cannot find module '@/components/ui/separator' or its corresponding type declarations.
src/components/shadcn-studio/blocks/register-01/Register01.tsx(5,33): error TS2307: Cannot find module 'assets/svg/auth-background-shape' or its corresponding type declarations.
src/components/shadcn-studio/blocks/register-01/Register01.tsx(6,26): error TS2307: Cannot find module '@/components/shadcn-studio/blocks/register-01/register-form' or its corresponding type declarations.
src/components/shadcn-studio/blocks/register-01/Register01.tsx(7,18): error TS2307: Cannot find module '@/components/shadcn-studio/logo' or its corresponding type declarations.
src/components/shadcn-studio/blocks/register-01/RegisterForm.tsx(7,24): error TS2307: Cannot find module '@/components/ui/button' or its corresponding type declarations.
src/components/shadcn-studio/blocks/register-01/RegisterForm.tsx(8,26): error TS2307: Cannot find module '@/components/ui/checkbox' or its corresponding type declarations.
src/components/shadcn-studio/blocks/register-01/RegisterForm.tsx(9,23): error TS2307: Cannot find module '@/components/ui/input' or its corresponding type declarations.
src/components/shadcn-studio/blocks/register-01/RegisterForm.tsx(10,23): error TS2307: Cannot find module '@/components/ui/label' or its corresponding type declarations.
src/components/shadcn-studio/blocks/statistics-card-01.tsx(3,47): error TS2307: Cannot find module '@/components/ui/card' or its corresponding type declarations.
src/components/shadcn-studio/blocks/statistics-card-01.tsx(5,20): error TS2307: Cannot find module '@/lib/utils' or its corresponding type declarations.
src/components/shadcn-studio/blocks/StatisticsCard01.tsx(3,47): error TS2307: Cannot find module '@/components/ui/card' or its corresponding type declarations.
src/components/shadcn-studio/blocks/widget-product-insights.tsx(5,47): error TS2307: Cannot find module '@/components/ui/card' or its corresponding type declarations.
src/components/shadcn-studio/blocks/widget-product-insights.tsx(6,50): error TS2307: Cannot find module '@/components/ui/chart' or its corresponding type declarations.
src/components/shadcn-studio/blocks/widget-product-insights.tsx(7,27): error TS2307: Cannot find module '@/components/ui/separator' or its corresponding type declarations.
src/components/shadcn-studio/blocks/widget-product-insights.tsx(9,20): error TS2307: Cannot find module '@/lib/utils' or its corresponding type declarations.
src/components/shadcn-studio/blocks/widget-total-earning.tsx(3,40): error TS2307: Cannot find module '@/components/ui/avatar' or its corresponding type declarations.
src/components/shadcn-studio/blocks/widget-total-earning.tsx(4,24): error TS2307: Cannot find module '@/components/ui/button' or its corresponding type declarations.
src/components/shadcn-studio/blocks/widget-total-earning.tsx(5,47): error TS2307: Cannot find module '@/components/ui/card' or its corresponding type declarations.
src/components/shadcn-studio/blocks/widget-total-earning.tsx(12,8): error TS2307: Cannot find module '@/components/ui/dropdown-menu' or its corresponding type declarations.
src/components/shadcn-studio/blocks/widget-total-earning.tsx(13,26): error TS2307: Cannot find module '@/components/ui/progress' or its corresponding type declarations.
src/components/shadcn-studio/blocks/WidgetProductInsights.tsx(5,47): error TS2307: Cannot find module '@/components/ui/card' or its corresponding type declarations.
src/components/shadcn-studio/blocks/WidgetProductInsights.tsx(6,34): error TS2307: Cannot find module '@/components/ui/chart' or its corresponding type declarations.
src/components/shadcn-studio/blocks/WidgetProductInsights.tsx(7,32): error TS2307: Cannot find module '@/components/ui/chart' or its corresponding type declarations.
src/components/shadcn-studio/blocks/WidgetProductInsights.tsx(8,27): error TS2307: Cannot find module '@/components/ui/separator' or its corresponding type declarations.
src/components/shadcn-studio/blocks/WidgetTotalEarning.tsx(3,40): error TS2307: Cannot find module '@/components/ui/avatar' or its corresponding type declarations.
src/components/shadcn-studio/blocks/WidgetTotalEarning.tsx(4,24): error TS2307: Cannot find module '@/components/ui/button' or its corresponding type declarations.
src/components/shadcn-studio/blocks/WidgetTotalEarning.tsx(5,47): error TS2307: Cannot find module '@/components/ui/card' or its corresponding type declarations.
src/components/shadcn-studio/blocks/WidgetTotalEarning.tsx(12,8): error TS2307: Cannot find module '@/components/ui/dropdown-menu' or its corresponding type declarations.
src/components/shadcn-studio/blocks/WidgetTotalEarning.tsx(13,26): error TS2307: Cannot find module '@/components/ui/progress' or its corresponding type declarations.
src/components/shadcn-studio/data-table/data-table-04.tsx(25,53): error TS2307: Cannot find module '@/components/ui/avatar' or its corresponding type declarations.
src/components/shadcn-studio/data-table/data-table-04.tsx(26,23): error TS2307: Cannot find module '@/components/ui/badge' or its corresponding type declarations.
src/components/shadcn-studio/data-table/data-table-04.tsx(27,26): error TS2307: Cannot find module '@/components/ui/checkbox' or its corresponding type declarations.
src/components/shadcn-studio/data-table/data-table-04.tsx(28,23): error TS2307: Cannot find module '@/components/ui/input' or its corresponding type declarations.
src/components/shadcn-studio/data-table/data-table-04.tsx(29,23): error TS2307: Cannot find module '@/components/ui/label' or its corresponding type declarations.
src/components/shadcn-studio/data-table/data-table-04.tsx(36,8): error TS2307: Cannot find module '@/components/ui/select' or its corresponding type declarations.
src/components/shadcn-studio/data-table/data-table-04.tsx(44,8): error TS2307: Cannot find module '@/components/ui/table' or its corresponding type declarations.
src/components/shadcn-studio/data-table/data-table-04.tsx(46,20): error TS2307: Cannot find module '@/lib/utils' or its corresponding type declarations.
src/components/shadcn-studio/data-table/DataTable04.tsx(25,53): error TS2307: Cannot find module '@/components/ui/avatar' or its corresponding type declarations.
src/components/shadcn-studio/data-table/DataTable04.tsx(26,23): error TS2307: Cannot find module '@/components/ui/badge' or its corresponding type declarations.
src/components/shadcn-studio/data-table/DataTable04.tsx(27,26): error TS2307: Cannot find module '@/components/ui/checkbox' or its corresponding type declarations.
src/components/shadcn-studio/data-table/DataTable04.tsx(28,23): error TS2307: Cannot find module '@/components/ui/input' or its corresponding type declarations.
src/components/shadcn-studio/data-table/DataTable04.tsx(29,23): error TS2307: Cannot find module '@/components/ui/label' or its corresponding type declarations.
src/components/shadcn-studio/data-table/DataTable04.tsx(30,79): error TS2307: Cannot find module '@/components/ui/select' or its corresponding type declarations.
src/components/shadcn-studio/data-table/DataTable04.tsx(31,79): error TS2307: Cannot find module '@/components/ui/table' or its corresponding type declarations.
src/components/shadcn-studio/logo.tsx(1,21): error TS2307: Cannot find module '@/assets/svg/logo' or its corresponding type declarations.
src/components/shadcn-studio/logo.tsx(4,20): error TS2307: Cannot find module '@/lib/utils' or its corresponding type declarations.
src/components/SiteHeader.tsx(1,24): error TS2307: Cannot find module '@/components/ui/button' or its corresponding type declarations.
src/components/SiteHeader.tsx(2,27): error TS2307: Cannot find module '@/components/ui/separator' or its corresponding type declarations.
src/components/SiteHeader.tsx(3,32): error TS2307: Cannot find module '@/components/ui/sidebar' or its corresponding type declarations.
src/components/ui/accordion.tsx(7,20): error TS2307: Cannot find module '@/lib/utils' or its corresponding type declarations.
src/components/ui/ActionButton.tsx(13,8): error TS2307: Cannot find module '@/components/ui/alert-dialog' or its corresponding type declarations.
src/components/ui/ActionButton.tsx(14,24): error TS2307: Cannot find module '@/components/ui/button' or its corresponding type declarations.
src/components/ui/ActionButton.tsx(15,29): error TS2307: Cannot find module '@/components/ui/loading-swap' or its corresponding type declarations.
src/components/ui/alert-dialog.tsx(1,15): error TS2307: Cannot find module 'src/src/components/ui/AlertDialog' or its corresponding type declarations.
src/components/ui/alert.tsx(4,20): error TS2307: Cannot find module '@/lib/utils' or its corresponding type declarations.
src/components/ui/AlertDialog.tsx(6,32): error TS2307: Cannot find module '@/components/ui/button' or its corresponding type declarations.
src/components/ui/AlertDialog.tsx(7,20): error TS2307: Cannot find module '@/lib/utils' or its corresponding type declarations.
src/components/ui/avatar.tsx(6,20): error TS2307: Cannot find module '@/lib/utils' or its corresponding type declarations.
src/components/ui/badge.tsx(5,20): error TS2307: Cannot find module '@/lib/utils' or its corresponding type declarations.
src/components/ui/breadcrumb.tsx(5,20): error TS2307: Cannot find module '@/lib/utils' or its corresponding type declarations.
src/components/ui/button.tsx(5,20): error TS2307: Cannot find module '@/lib/utils' or its corresponding type declarations.
src/components/ui/ButtonGroup.tsx(4,27): error TS2307: Cannot find module '@/components/ui/separator' or its corresponding type declarations.
src/components/ui/ButtonGroup.tsx(5,20): error TS2307: Cannot find module '@/lib/utils' or its corresponding type declarations.
src/components/ui/calendar.tsx(7,40): error TS2307: Cannot find module '@/components/ui/button' or its corresponding type declarations.
src/components/ui/calendar.tsx(8,20): error TS2307: Cannot find module '@/lib/utils' or its corresponding type declarations.
src/components/ui/card.tsx(3,20): error TS2307: Cannot find module '@/lib/utils' or its corresponding type declarations.
src/components/ui/carousel.tsx(7,24): error TS2307: Cannot find module '@/components/ui/button' or its corresponding type declarations.
src/components/ui/carousel.tsx(8,20): error TS2307: Cannot find module '@/lib/utils' or its corresponding type declarations.
src/components/ui/chart.tsx(6,20): error TS2307: Cannot find module '@/lib/utils' or its corresponding type declarations.
src/components/ui/chart.tsx(244,26): error TS2694: Namespace '"recharts"' has no exported member 'LegendProps'.
src/components/ui/checkbox.tsx(7,20): error TS2307: Cannot find module '@/lib/utils' or its corresponding type declarations.
src/components/ui/command.tsx(13,8): error TS2307: Cannot find module '@/components/ui/dialog' or its corresponding type declarations.
src/components/ui/command.tsx(14,20): error TS2307: Cannot find module '@/lib/utils' or its corresponding type declarations.
src/components/ui/ContextMenu.tsx(7,20): error TS2307: Cannot find module '@/lib/utils' or its corresponding type declarations.
src/components/ui/dialog.tsx(7,20): error TS2307: Cannot find module '@/lib/utils' or its corresponding type declarations.
src/components/ui/drawer.tsx(6,20): error TS2307: Cannot find module '@/lib/utils' or its corresponding type declarations.
src/components/ui/dropdown-menu.tsx(7,20): error TS2307: Cannot find module '@/lib/utils' or its corresponding type declarations.
src/components/ui/DropdownMenu.tsx(7,20): error TS2307: Cannot find module '@/lib/utils' or its corresponding type declarations.
src/components/ui/empty.tsx(3,20): error TS2307: Cannot find module '@/lib/utils' or its corresponding type declarations.
src/components/ui/field.tsx(6,23): error TS2307: Cannot find module '@/components/ui/label' or its corresponding type declarations.
src/components/ui/field.tsx(7,27): error TS2307: Cannot find module '@/components/ui/separator' or its corresponding type declarations.
src/components/ui/field.tsx(8,20): error TS2307: Cannot find module '@/lib/utils' or its corresponding type declarations.
src/components/ui/form.tsx(16,23): error TS2307: Cannot find module '@/components/ui/label' or its corresponding type declarations.
src/components/ui/form.tsx(17,20): error TS2307: Cannot find module '@/lib/utils' or its corresponding type declarations.
src/components/ui/HoverCard.tsx(6,20): error TS2307: Cannot find module '@/lib/utils' or its corresponding type declarations.
src/components/ui/input-group.tsx(1,15): error TS2307: Cannot find module 'src/src/components/ui/InputGroup' or its corresponding type declarations.
src/components/ui/input.tsx(3,20): error TS2307: Cannot find module '@/lib/utils' or its corresponding type declarations.
src/components/ui/InputGroup.tsx(6,24): error TS2307: Cannot find module '@/components/ui/button' or its corresponding type declarations.
src/components/ui/InputGroup.tsx(7,23): error TS2307: Cannot find module '@/components/ui/input' or its corresponding type declarations.
src/components/ui/InputGroup.tsx(8,26): error TS2307: Cannot find module '@/components/ui/textarea' or its corresponding type declarations.
src/components/ui/InputGroup.tsx(9,20): error TS2307: Cannot find module '@/lib/utils' or its corresponding type declarations.
src/components/ui/InputOtp.tsx(7,20): error TS2307: Cannot find module '@/lib/utils' or its corresponding type declarations.
src/components/ui/item.tsx(5,27): error TS2307: Cannot find module '@/components/ui/separator' or its corresponding type declarations.
src/components/ui/item.tsx(6,20): error TS2307: Cannot find module '@/lib/utils' or its corresponding type declarations.
src/components/ui/kbd.tsx(1,20): error TS2307: Cannot find module '@/lib/utils' or its corresponding type declarations.
src/components/ui/label.tsx(6,20): error TS2307: Cannot find module '@/lib/utils' or its corresponding type declarations.
src/components/ui/loading-swap.tsx(1,15): error TS2307: Cannot find module 'src/src/components/ui/LoadingSwap' or its corresponding type declarations.
src/components/ui/LoadingSwap.tsx(1,20): error TS2307: Cannot find module '@/lib/utils' or its corresponding type declarations.
src/components/ui/menubar.tsx(7,20): error TS2307: Cannot find module '@/lib/utils' or its corresponding type declarations.
src/components/ui/MultiSelect.tsx(3,23): error TS2307: Cannot find module '@/components/ui/badge' or its corresponding type declarations.
src/components/ui/MultiSelect.tsx(4,24): error TS2307: Cannot find module '@/components/ui/button' or its corresponding type declarations.
src/components/ui/MultiSelect.tsx(13,8): error TS2307: Cannot find module '@/components/ui/command' or its corresponding type declarations.
src/components/ui/MultiSelect.tsx(14,57): error TS2307: Cannot find module '@/components/ui/popover' or its corresponding type declarations.
src/components/ui/MultiSelect.tsx(15,20): error TS2307: Cannot find module '@/lib/utils' or its corresponding type declarations.
src/components/ui/navigation-menu.tsx(1,15): error TS2307: Cannot find module 'src/src/components/ui/NavigationMenu' or its corresponding type declarations.
src/components/ui/NavigationMenu.tsx(6,20): error TS2307: Cannot find module '@/lib/utils' or its corresponding type declarations.
src/components/ui/NumberInput.tsx(1,23): error TS2307: Cannot find module '@/components/ui/input' or its corresponding type declarations.
src/components/ui/NumberInput.tsx(2,20): error TS2307: Cannot find module '@/lib/utils' or its corresponding type declarations.
src/components/ui/pagination.tsx(4,45): error TS2307: Cannot find module '@/components/ui/button' or its corresponding type declarations.
src/components/ui/pagination.tsx(5,20): error TS2307: Cannot find module '@/lib/utils' or its corresponding type declarations.
src/components/ui/pagination.tsx(60,7): error TS2783: 'size' is specified more than once, so this usage will be overwritten.
src/components/ui/pagination.tsx(74,7): error TS2783: 'size' is specified more than once, so this usage will be overwritten.
src/components/ui/PasswordInput.tsx(3,23): error TS2307: Cannot find module '@/components/ui/input' or its corresponding type declarations.
src/components/ui/PasswordInput.tsx(9,8): error TS2307: Cannot find module '@/components/ui/input-group' or its corresponding type declarations.
src/components/ui/PasswordInput.tsx(10,57): error TS2307: Cannot find module '@/components/ui/tooltip' or its corresponding type declarations.
src/components/ui/PasswordInput.tsx(11,20): error TS2307: Cannot find module '@/lib/utils' or its corresponding type declarations.
src/components/ui/popover.tsx(6,20): error TS2307: Cannot find module '@/lib/utils' or its corresponding type declarations.
src/components/ui/progress.tsx(6,20): error TS2307: Cannot find module '@/lib/utils' or its corresponding type declarations.
src/components/ui/radio-group.tsx(1,15): error TS2307: Cannot find module 'src/src/components/ui/RadioGroup' or its corresponding type declarations.
src/components/ui/RadioGroup.tsx(7,20): error TS2307: Cannot find module '@/lib/utils' or its corresponding type declarations.
src/components/ui/resizable.tsx(7,20): error TS2307: Cannot find module '@/lib/utils' or its corresponding type declarations.
src/components/ui/ScrollArea.tsx(6,20): error TS2307: Cannot find module '@/lib/utils' or its corresponding type declarations.
src/components/ui/select.tsx(7,20): error TS2307: Cannot find module '@/lib/utils' or its corresponding type declarations.
src/components/ui/separator.tsx(6,20): error TS2307: Cannot find module '@/lib/utils' or its corresponding type declarations.
src/components/ui/shadcn-io/announcement/index.tsx(2,23): error TS2307: Cannot find module '@/components/ui/badge' or its corresponding type declarations.
src/components/ui/shadcn-io/avatar-group/index.tsx(9,65): error TS2307: Cannot find module '@/components/ui/tooltip' or its corresponding type declarations.
src/components/ui/shadcn-io/choicebox/index.tsx(3,75): error TS2307: Cannot find module '@/components/ui/card' or its corresponding type declarations.
src/components/ui/shadcn-io/choicebox/index.tsx(4,28): error TS2307: Cannot find module '@/components/ui/radio-group' or its corresponding type declarations.
src/components/ui/shadcn-io/choicebox/index.tsx(19,4): error TS2741: Property 'value' is missing in type '{ children: Element; asChild: true; className: string; }' but required in type 'RadioGroupItemProps'.
src/components/ui/shadcn-io/combobox/index.tsx(7,24): error TS2307: Cannot find module '@/components/ui/button' or its corresponding type declarations.
src/components/ui/shadcn-io/combobox/index.tsx(16,8): error TS2307: Cannot find module '@/components/ui/command' or its corresponding type declarations.
src/components/ui/shadcn-io/combobox/index.tsx(17,57): error TS2307: Cannot find module '@/components/ui/popover' or its corresponding type declarations.
src/components/ui/shadcn-io/image-crop/index.tsx(16,24): error TS2307: Cannot find module '@/components/ui/button' or its corresponding type declarations.
src/components/ui/shadcn-io/mini-calendar/index.tsx(15,24): error TS2307: Cannot find module '@/components/ui/button' or its corresponding type declarations.
src/components/ui/shadcn-io/navbar-05/index.tsx(10,8): error TS2307: Cannot find module '@/components/ui/dropdown-menu' or its corresponding type declarations.
src/components/ui/shadcn-io/navbar-05/index.tsx(16,8): error TS2307: Cannot find module '@/components/ui/navigation-menu' or its corresponding type declarations.
src/components/ui/shadcn-io/navbar-05/index.tsx(17,57): error TS2307: Cannot find module '@/components/ui/popover' or its corresponding type declarations.
src/components/ui/shadcn-io/navbar-05/index.tsx(21,53): error TS2307: Cannot find module '@/components/ui/avatar' or its corresponding type declarations.
src/components/ui/shadcn-io/navbar-05/index.tsx(22,23): error TS2307: Cannot find module '@/components/ui/badge' or its corresponding type declarations.
src/components/ui/shadcn-io/navbar-05/index.tsx(23,24): error TS2307: Cannot find module '@/components/ui/button' or its corresponding type declarations.
src/components/ui/shadcn-io/pill/index.tsx(3,53): error TS2307: Cannot find module '@/components/ui/avatar' or its corresponding type declarations.
src/components/ui/shadcn-io/pill/index.tsx(4,23): error TS2307: Cannot find module '@/components/ui/badge' or its corresponding type declarations.
src/components/ui/shadcn-io/pill/index.tsx(5,24): error TS2307: Cannot find module '@/components/ui/button' or its corresponding type declarations.
src/components/ui/shadcn-io/table/index.tsx(1,24): error TS2307: Cannot find module '@/components/ui/button' or its corresponding type declarations.
src/components/ui/shadcn-io/table/index.tsx(7,8): error TS2307: Cannot find module '@/components/ui/dropdown-menu' or its corresponding type declarations.
src/components/ui/shadcn-io/table/index.tsx(15,8): error TS2307: Cannot find module '@/components/ui/table' or its corresponding type declarations.
src/components/ui/shadcn-io/tags/index.tsx(3,23): error TS2307: Cannot find module '@/components/ui/badge' or its corresponding type declarations.
src/components/ui/shadcn-io/tags/index.tsx(4,24): error TS2307: Cannot find module '@/components/ui/button' or its corresponding type declarations.
src/components/ui/shadcn-io/tags/index.tsx(12,8): error TS2307: Cannot find module '@/components/ui/command' or its corresponding type declarations.
src/components/ui/shadcn-io/tags/index.tsx(13,57): error TS2307: Cannot find module '@/components/ui/popover' or its corresponding type declarations.
src/components/ui/sheet.tsx(7,20): error TS2307: Cannot find module '@/lib/utils' or its corresponding type declarations.
src/components/ui/sidebar.tsx(8,24): error TS2307: Cannot find module '@/components/ui/button' or its corresponding type declarations.
src/components/ui/sidebar.tsx(9,23): error TS2307: Cannot find module '@/components/ui/input' or its corresponding type declarations.
src/components/ui/sidebar.tsx(10,27): error TS2307: Cannot find module '@/components/ui/separator' or its corresponding type declarations.
src/components/ui/sidebar.tsx(17,8): error TS2307: Cannot find module '@/components/ui/sheet' or its corresponding type declarations.
src/components/ui/sidebar.tsx(18,26): error TS2307: Cannot find module '@/components/ui/skeleton' or its corresponding type declarations.
src/components/ui/sidebar.tsx(19,74): error TS2307: Cannot find module '@/components/ui/tooltip' or its corresponding type declarations.
src/components/ui/sidebar.tsx(20,29): error TS2307: Cannot find module '@/hooks/use-mobile' or its corresponding type declarations.
src/components/ui/sidebar.tsx(21,20): error TS2307: Cannot find module '@/lib/utils' or its corresponding type declarations.
src/components/ui/skeleton.tsx(1,20): error TS2307: Cannot find module '@/lib/utils' or its corresponding type declarations.
src/components/ui/skeletons.tsx(1,26): error TS2307: Cannot find module '@/components/ui/skeleton' or its corresponding type declarations.
src/components/ui/slider.tsx(6,20): error TS2307: Cannot find module '@/lib/utils' or its corresponding type declarations.
src/components/ui/spinner.tsx(3,20): error TS2307: Cannot find module '@/lib/utils' or its corresponding type declarations.
src/components/ui/switch.tsx(6,20): error TS2307: Cannot find module '@/lib/utils' or its corresponding type declarations.
src/components/ui/table.tsx(5,20): error TS2307: Cannot find module '@/lib/utils' or its corresponding type declarations.
src/components/ui/tabs.tsx(6,20): error TS2307: Cannot find module '@/lib/utils' or its corresponding type declarations.
src/components/ui/textarea.tsx(3,20): error TS2307: Cannot find module '@/lib/utils' or its corresponding type declarations.
src/components/ui/toggle-group.tsx(1,15): error TS2307: Cannot find module 'src/src/components/ui/ToggleGroup' or its corresponding type declarations.
src/components/ui/toggle.tsx(7,20): error TS2307: Cannot find module '@/lib/utils' or its corresponding type declarations.
src/components/ui/ToggleGroup.tsx(7,32): error TS2307: Cannot find module '@/components/ui/toggle' or its corresponding type declarations.
src/components/ui/ToggleGroup.tsx(8,20): error TS2307: Cannot find module '@/lib/utils' or its corresponding type declarations.
src/components/ui/tooltip.tsx(6,20): error TS2307: Cannot find module '@/lib/utils' or its corresponding type declarations.
src/dal/artistDal.ts(6,20): error TS2307: Cannot find module '@/database/db' or its corresponding type declarations.
src/dal/artistDal.ts(8,24): error TS2307: Cannot find module '@/lib/logger' or its corresponding type declarations.
src/dal/artistDal.ts(10,29): error TS2307: Cannot find module '@/types/database' or its corresponding type declarations.
src/dal/authorDal.ts(6,20): error TS2307: Cannot find module '@/database/db' or its corresponding type declarations.
src/dal/authorDal.ts(8,24): error TS2307: Cannot find module '@/lib/logger' or its corresponding type declarations.
src/dal/authorDal.ts(10,29): error TS2307: Cannot find module '@/types/database' or its corresponding type declarations.
src/dal/bookmarkDal.ts(6,20): error TS2307: Cannot find module '@/database/db' or its corresponding type declarations.
src/dal/bookmarkDal.ts(8,24): error TS2307: Cannot find module '@/lib/logger' or its corresponding type declarations.
src/dal/bookmarkDal.ts(10,31): error TS2307: Cannot find module '@/types/database' or its corresponding type declarations.
src/dal/chapterDal.ts(6,20): error TS2307: Cannot find module '@/database/db' or its corresponding type declarations.
src/dal/chapterDal.ts(8,24): error TS2307: Cannot find module '@/lib/logger' or its corresponding type declarations.
src/dal/chapterDal.ts(10,30): error TS2307: Cannot find module '@/types/database' or its corresponding type declarations.
src/dal/comicDal.ts(6,20): error TS2307: Cannot find module '@/database/db' or its corresponding type declarations.
src/dal/comicDal.ts(8,24): error TS2307: Cannot find module '@/lib/logger' or its corresponding type declarations.
src/dal/comicDal.ts(10,28): error TS2307: Cannot find module '@/types/database' or its corresponding type declarations.
src/dal/commentDal.ts(6,20): error TS2307: Cannot find module '@/database/db' or its corresponding type declarations.
src/dal/commentDal.ts(8,24): error TS2307: Cannot find module '@/lib/logger' or its corresponding type declarations.
src/dal/commentDal.ts(10,30): error TS2307: Cannot find module '@/types/database' or its corresponding type declarations.
src/dal/genreDal.ts(6,20): error TS2307: Cannot find module '@/database/db' or its corresponding type declarations.
src/dal/genreDal.ts(8,24): error TS2307: Cannot find module '@/lib/logger' or its corresponding type declarations.
src/dal/genreDal.ts(10,28): error TS2307: Cannot find module '@/types/database' or its corresponding type declarations.
src/dal/index.ts(5,38): error TS2307: Cannot find module 'src/src/dal/artistDal' or its corresponding type declarations.
src/dal/index.ts(6,38): error TS2307: Cannot find module 'src/src/dal/authorDal' or its corresponding type declarations.
src/dal/index.ts(7,42): error TS2307: Cannot find module 'src/src/dal/bookmarkDal' or its corresponding type declarations.
src/dal/index.ts(8,40): error TS2307: Cannot find module 'src/src/dal/chapterDal' or its corresponding type declarations.
src/dal/index.ts(9,36): error TS2307: Cannot find module 'src/src/dal/comicDal' or its corresponding type declarations.
src/dal/index.ts(10,40): error TS2307: Cannot find module 'src/src/dal/commentDal' or its corresponding type declarations.
src/dal/index.ts(11,36): error TS2307: Cannot find module 'src/src/dal/genreDal' or its corresponding type declarations.
src/dal/index.ts(12,34): error TS2307: Cannot find module 'src/src/dal/typeDal' or its corresponding type declarations.
src/dal/index.ts(13,34): error TS2307: Cannot find module 'src/src/dal/userDal' or its corresponding type declarations.
src/dal/typeDal.ts(6,20): error TS2307: Cannot find module '@/database/db' or its corresponding type declarations.
src/dal/typeDal.ts(8,24): error TS2307: Cannot find module '@/lib/logger' or its corresponding type declarations.
src/dal/typeDal.ts(10,27): error TS2307: Cannot find module '@/types/database' or its corresponding type declarations.
src/dal/userDal.ts(6,20): error TS2307: Cannot find module '@/database/db' or its corresponding type declarations.
src/dal/userDal.ts(7,28): error TS2307: Cannot find module '@/database/mutations' or its corresponding type declarations.
src/dal/userDal.ts(8,26): error TS2307: Cannot find module '@/database/queries' or its corresponding type declarations.
src/dal/userDal.ts(9,24): error TS2307: Cannot find module '@/lib/logger' or its corresponding type declarations.
src/dal/userDal.ts(11,27): error TS2307: Cannot find module '@/types/database' or its corresponding type declarations.
src/database/index.ts(3,15): error TS2307: Cannot find module '@/database/db' or its corresponding type declarations.
src/database/mutations/accounts.ts(3,32): error TS2307: Cannot find module '@/database/db' or its corresponding type declarations.
src/database/mutations/artists.ts(3,32): error TS2307: Cannot find module '@/database/db' or its corresponding type declarations.
src/database/mutations/authenticators.ts(1,32): error TS2307: Cannot find module '@/database/db' or its corresponding type declarations.
src/database/mutations/authors.ts(1,32): error TS2307: Cannot find module '@/database/db' or its corresponding type declarations.
src/database/mutations/bookmarks.ts(3,32): error TS2307: Cannot find module '@/database/db' or its corresponding type declarations.
src/database/mutations/chapterImages.ts(1,32): error TS2307: Cannot find module '@/database/db' or its corresponding type declarations.
src/database/mutations/chapters.ts(3,32): error TS2307: Cannot find module '@/database/db' or its corresponding type declarations.
src/database/mutations/chapters.ts(22,35): error TS2307: Cannot find module '@/lib/utils' or its corresponding type declarations.
src/database/mutations/comicImages.ts(4,20): error TS2307: Cannot find module '@/database/db' or its corresponding type declarations.
src/database/mutations/comics.ts(3,32): error TS2307: Cannot find module '@/database/db' or its corresponding type declarations.
src/database/mutations/comics.ts(26,35): error TS2307: Cannot find module '@/lib/utils' or its corresponding type declarations.
src/database/mutations/comicToGenre.ts(3,32): error TS2307: Cannot find module '@/database/db' or its corresponding type declarations.
src/database/mutations/comments.ts(3,32): error TS2307: Cannot find module '@/database/db' or its corresponding type declarations.
src/database/mutations/genres.ts(3,32): error TS2307: Cannot find module '@/database/db' or its corresponding type declarations.
src/database/mutations/index.ts(4,15): error TS2307: Cannot find module '@/database/mutations/accounts' or its corresponding type declarations.
src/database/mutations/index.ts(5,15): error TS2307: Cannot find module '@/database/mutations/authenticators' or its corresponding type declarations.
src/database/mutations/index.ts(6,15): error TS2307: Cannot find module '@/database/mutations/passwordResetToken' or its corresponding type declarations.
src/database/mutations/index.ts(7,15): error TS2307: Cannot find module '@/database/mutations/sessions' or its corresponding type declarations.
src/database/mutations/index.ts(8,15): error TS2307: Cannot find module '@/database/mutations/verificationTokens' or its corresponding type declarations.
src/database/mutations/index.ts(13,15): error TS2307: Cannot find module '@/database/mutations/users' or its corresponding type declarations.
src/database/mutations/index.ts(18,15): error TS2307: Cannot find module '@/database/mutations/artists' or its corresponding type declarations.
src/database/mutations/index.ts(19,15): error TS2307: Cannot find module '@/database/mutations/authors' or its corresponding type declarations.
src/database/mutations/index.ts(20,15): error TS2307: Cannot find module '@/database/mutations/chapterImages' or its corresponding type declarations.
src/database/mutations/index.ts(28,8): error TS2307: Cannot find module '@/database/mutations/chapters' or its corresponding type declarations.
src/database/mutations/index.ts(29,15): error TS2307: Cannot find module '@/database/mutations/comicImages' or its corresponding type declarations.
src/database/mutations/index.ts(30,15): error TS2307: Cannot find module '@/database/mutations/comics' or its corresponding type declarations.
src/database/mutations/index.ts(31,15): error TS2307: Cannot find module '@/database/mutations/comicToGenre' or its corresponding type declarations.
src/database/mutations/index.ts(32,15): error TS2307: Cannot find module '@/database/mutations/genres' or its corresponding type declarations.
src/database/mutations/index.ts(33,15): error TS2307: Cannot find module '@/database/mutations/types' or its corresponding type declarations.
src/database/mutations/index.ts(38,15): error TS2307: Cannot find module '@/database/mutations/bookmarks' or its corresponding type declarations.
src/database/mutations/index.ts(39,15): error TS2307: Cannot find module '@/database/mutations/comments' or its corresponding type declarations.
src/database/mutations/passwordResetToken.ts(3,32): error TS2307: Cannot find module '@/database/db' or its corresponding type declarations.
src/database/mutations/sessions.ts(3,32): error TS2307: Cannot find module '@/database/db' or its corresponding type declarations.
src/database/mutations/types.ts(3,32): error TS2307: Cannot find module '@/database/db' or its corresponding type declarations.
src/database/mutations/users.ts(1,32): error TS2307: Cannot find module '@/database/db' or its corresponding type declarations.
src/database/mutations/verificationTokens.ts(1,32): error TS2307: Cannot find module '@/database/db' or its corresponding type declarations.
src/database/queries/accounts.ts(3,32): error TS2307: Cannot find module '@/database/db' or its corresponding type declarations.
src/database/queries/adminComics.ts(1,32): error TS2307: Cannot find module '@/database/db' or its corresponding type declarations.
src/database/queries/artists.ts(3,32): error TS2307: Cannot find module '@/database/db' or its corresponding type declarations.
src/database/queries/authenticators.ts(3,32): error TS2307: Cannot find module '@/database/db' or its corresponding type declarations.
src/database/queries/authors.ts(3,32): error TS2307: Cannot find module '@/database/db' or its corresponding type declarations.
src/database/queries/bookmarks.ts(3,32): error TS2307: Cannot find module '@/database/db' or its corresponding type declarations.
src/database/queries/chapterImages.ts(3,32): error TS2307: Cannot find module '@/database/db' or its corresponding type declarations.
src/database/queries/chapters.ts(3,32): error TS2307: Cannot find module '@/database/db' or its corresponding type declarations.
src/database/queries/comicImages.ts(1,32): error TS2307: Cannot find module '@/database/db' or its corresponding type declarations.
src/database/queries/comics.ts(1,32): error TS2307: Cannot find module '@/database/db' or its corresponding type declarations.
src/database/queries/comics.ts(5,79): error TS2307: Cannot find module 'types' or its corresponding type declarations.
src/database/queries/comicToGenre.ts(3,32): error TS2307: Cannot find module '@/database/db' or its corresponding type declarations.
src/database/queries/comments.ts(1,32): error TS2307: Cannot find module '@/database/db' or its corresponding type declarations.
src/database/queries/genres.ts(1,32): error TS2307: Cannot find module '@/database/db' or its corresponding type declarations.
src/database/queries/index.ts(4,15): error TS2307: Cannot find module '@/database/queries/accounts' or its corresponding type declarations.
src/database/queries/index.ts(5,15): error TS2307: Cannot find module '@/database/queries/authenticators' or its corresponding type declarations.
src/database/queries/index.ts(6,15): error TS2307: Cannot find module '@/database/queries/passwordResetToken' or its corresponding type declarations.
src/database/queries/index.ts(7,15): error TS2307: Cannot find module '@/database/queries/sessions' or its corresponding type declarations.
src/database/queries/index.ts(8,15): error TS2307: Cannot find module '@/database/queries/verificationTokens' or its corresponding type declarations.
src/database/queries/index.ts(13,15): error TS2307: Cannot find module '@/database/queries/users' or its corresponding type declarations.
src/database/queries/index.ts(18,15): error TS2307: Cannot find module '@/database/queries/artists' or its corresponding type declarations.
src/database/queries/index.ts(19,15): error TS2307: Cannot find module '@/database/queries/authors' or its corresponding type declarations.
src/database/queries/index.ts(20,15): error TS2307: Cannot find module '@/database/queries/chapterImages' or its corresponding type declarations.
src/database/queries/index.ts(29,8): error TS2307: Cannot find module '@/database/queries/chapters' or its corresponding type declarations.
src/database/queries/index.ts(30,15): error TS2307: Cannot find module '@/database/queries/comicImages' or its corresponding type declarations.
src/database/queries/index.ts(31,15): error TS2307: Cannot find module '@/database/queries/comics' or its corresponding type declarations.
src/database/queries/index.ts(32,15): error TS2307: Cannot find module '@/database/queries/comicToGenre' or its corresponding type declarations.
src/database/queries/index.ts(33,15): error TS2307: Cannot find module '@/database/queries/genres' or its corresponding type declarations.
src/database/queries/index.ts(34,15): error TS2307: Cannot find module '@/database/queries/types' or its corresponding type declarations.
src/database/queries/index.ts(39,15): error TS2307: Cannot find module '@/database/queries/bookmarks' or its corresponding type declarations.
src/database/queries/index.ts(40,15): error TS2307: Cannot find module '@/database/queries/comments' or its corresponding type declarations.
src/database/queries/metadata.ts(1,32): error TS2307: Cannot find module '@/database/db' or its corresponding type declarations.
src/database/queries/passwordResetToken.ts(1,32): error TS2307: Cannot find module '@/database/db' or its corresponding type declarations.
src/database/queries/sampleQueries.ts(7,32): error TS2307: Cannot find module '@/database/db' or its corresponding type declarations.
src/database/queries/sampleQueries.ts(15,8): error TS2307: Cannot find module '@/types/database' or its corresponding type declarations.
src/database/queries/sessions.ts(1,32): error TS2307: Cannot find module '@/database/db' or its corresponding type declarations.
src/database/queries/types.ts(1,32): error TS2307: Cannot find module '@/database/db' or its corresponding type declarations.
src/database/queries/users.ts(1,32): error TS2307: Cannot find module '@/database/db' or its corresponding type declarations.
src/database/queries/verificationTokens.ts(1,32): error TS2307: Cannot find module '@/database/db' or its corresponding type declarations.
src/database/seed/orchestrator.ts(6,33): error TS2307: Cannot find module 'database/seed/config' or its corresponding type declarations.
src/database/seed/orchestrator.ts(7,24): error TS2307: Cannot find module 'database/seed/logger' or its corresponding type declarations.
src/database/seed/orchestrator.ts(8,31): error TS2307: Cannot find module 'database/seed/seeders/chapterSeeder' or its corresponding type declarations.
src/database/seed/orchestrator.ts(9,29): error TS2307: Cannot find module 'database/seed/seeders/comicSeeder' or its corresponding type declarations.
src/database/seed/orchestrator.ts(10,28): error TS2307: Cannot find module 'database/seed/seeders/userSeeder' or its corresponding type declarations.
src/database/seed/orchestrator.ts(11,27): error TS2307: Cannot find module 'database/seed/utils/fileUtils' or its corresponding type declarations.
src/database/seed/orchestrator.ts(12,49): error TS2307: Cannot find module 'database/seed/utils/helpers' or its corresponding type declarations.
src/database/seed/orchestrator.ts(13,31): error TS2307: Cannot find module 'database/seed/utils/metadataCache' or its corresponding type declarations.
src/database/seed/orchestrator.ts(14,71): error TS2307: Cannot find module '@/lib/validations' or its corresponding type declarations.
src/database/seed/seeders/chapterSeeder.ts(5,28): error TS2307: Cannot find module '@/database/mutations' or its corresponding type declarations.
src/database/seed/seeders/chapterSeeder.ts(6,26): error TS2307: Cannot find module '@/database/queries' or its corresponding type declarations.
src/database/seed/seeders/chapterSeeder.ts(7,33): error TS2307: Cannot find module 'database/seed/config' or its corresponding type declarations.
src/database/seed/seeders/chapterSeeder.ts(8,33): error TS2307: Cannot find module 'database/seed/logger' or its corresponding type declarations.
src/database/seed/seeders/chapterSeeder.ts(9,32): error TS2307: Cannot find module 'database/seed/utils/batchProcessor' or its corresponding type declarations.
src/database/seed/seeders/chapterSeeder.ts(15,8): error TS2307: Cannot find module 'database/seed/utils/helpers' or its corresponding type declarations.
src/database/seed/seeders/chapterSeeder.ts(16,34): error TS2307: Cannot find module '@/lib/validations' or its corresponding type declarations.
src/database/seed/seeders/chapterSeeder.ts(17,30): error TS2307: Cannot find module 'services/imageService' or its corresponding type declarations.
src/database/seed/seeders/chapterSeeder.ts(18,35): error TS2307: Cannot find module 'validations/index' or its corresponding type declarations.
src/database/seed/seeders/comicSeeder.ts(5,28): error TS2307: Cannot find module '@/database/mutations' or its corresponding type declarations.
src/database/seed/seeders/comicSeeder.ts(6,26): error TS2307: Cannot find module '@/database/queries' or its corresponding type declarations.
src/database/seed/seeders/comicSeeder.ts(7,33): error TS2307: Cannot find module 'database/seed/config' or its corresponding type declarations.
src/database/seed/seeders/comicSeeder.ts(8,33): error TS2307: Cannot find module 'database/seed/logger' or its corresponding type declarations.
src/database/seed/seeders/comicSeeder.ts(9,32): error TS2307: Cannot find module 'database/seed/utils/batchProcessor' or its corresponding type declarations.
src/database/seed/seeders/comicSeeder.ts(10,58): error TS2307: Cannot find module 'database/seed/utils/helpers' or its corresponding type declarations.
src/database/seed/seeders/comicSeeder.ts(11,36): error TS2307: Cannot find module 'database/seed/utils/metadataCache' or its corresponding type declarations.
src/database/seed/seeders/comicSeeder.ts(12,32): error TS2307: Cannot find module '@/lib/validations' or its corresponding type declarations.
src/database/seed/seeders/comicSeeder.ts(13,30): error TS2307: Cannot find module 'services/imageService' or its corresponding type declarations.
src/database/seed/seeders/comicSeeder.ts(14,34): error TS2307: Cannot find module '@/types/database' or its corresponding type declarations.
src/database/seed/seeders/comicSeeder.ts(15,33): error TS2307: Cannot find module 'validations/index' or its corresponding type declarations.
src/database/seed/seeders/userSeeder.ts(7,28): error TS2307: Cannot find module '@/database/mutations' or its corresponding type declarations.
src/database/seed/seeders/userSeeder.ts(8,26): error TS2307: Cannot find module '@/database/queries' or its corresponding type declarations.
src/database/seed/seeders/userSeeder.ts(9,33): error TS2307: Cannot find module 'database/seed/logger' or its corresponding type declarations.
src/database/seed/seeders/userSeeder.ts(10,32): error TS2307: Cannot find module 'database/seed/utils/batchProcessor' or its corresponding type declarations.
src/database/seed/seeders/userSeeder.ts(11,31): error TS2307: Cannot find module 'database/seed/utils/helpers' or its corresponding type declarations.
src/database/seed/seeders/userSeeder.ts(12,30): error TS2307: Cannot find module 'services/imageService' or its corresponding type declarations.
src/database/seed/seeders/userSeeder.ts(13,32): error TS2307: Cannot find module 'validations/index' or its corresponding type declarations.
src/database/seed/seeders/userSeeder.ts(15,33): error TS2307: Cannot find module 'database/seed/config' or its corresponding type declarations.
src/database/seed/seeders/userSeeder.ts(16,31): error TS2307: Cannot find module '@/lib/validations' or its corresponding type declarations.
src/database/seed/seedHelpers.ts(12,55): error TS2307: Cannot find module '@/lib/validations' or its corresponding type declarations.
src/database/seed/utils/batchProcessor.ts(6,24): error TS2307: Cannot find module 'database/seed/logger' or its corresponding type declarations.
src/database/seed/utils/helpers.ts(13,8): error TS2307: Cannot find module 'validations/index' or its corresponding type declarations.
src/database/seed/utils/metadataCache.ts(7,32): error TS2307: Cannot find module '@/database/db' or its corresponding type declarations.
src/database/seed/utils/metadataCache.ts(8,26): error TS2307: Cannot find module '@/database/queries' or its corresponding type declarations.
src/dto/artistsDto.ts(28,44): error TS2307: Cannot find module '@/lib/actions/artists' or its corresponding type declarations.
src/dto/authDto.ts(56,8): error TS2307: Cannot find module '@/lib/actions/auth' or its corresponding type declarations.
src/dto/authorsDto.ts(28,44): error TS2307: Cannot find module '@/lib/actions/authors' or its corresponding type declarations.
src/dto/chaptersDto.ts(33,46): error TS2307: Cannot find module '@/lib/actions/chapters' or its corresponding type declarations.
src/dto/comicsDto.ts(58,29): error TS2307: Cannot find module '@/lib/actions/comics' or its corresponding type declarations.
src/dto/genresDto.ts(29,42): error TS2307: Cannot find module '@/lib/actions/genresTypes' or its corresponding type declarations.
src/dto/genresTypesDto.ts(6,31): error TS2307: Cannot find module 'src/src/dto/genresDto' or its corresponding type declarations.
src/dto/genresTypesDto.ts(7,30): error TS2307: Cannot find module 'src/src/dto/typesDto' or its corresponding type declarations.
src/dto/genresTypesDto.ts(19,53): error TS2307: Cannot find module 'src/src/dto/genresDto' or its corresponding type declarations.
src/dto/genresTypesDto.ts(20,51): error TS2307: Cannot find module 'src/src/dto/typesDto' or its corresponding type declarations.
src/dto/genresTypesDto.ts(23,43): error TS2307: Cannot find module '@/lib/actions/genresTypes' or its corresponding type declarations.
src/dto/typesDto.ts(29,40): error TS2307: Cannot find module '@/lib/actions/genresTypes' or its corresponding type declarations.
src/dto/usersDto.ts(33,8): error TS2307: Cannot find module '@/lib/actions/usersManagement' or its corresponding type declarations.
src/hooks/use-debounce-callback.tsx(1,15): error TS2307: Cannot find module 'src/src/hooks/useDebounceCallback' or its corresponding type declarations.
src/hooks/use-debounce-callback.tsx(2,48): error TS2307: Cannot find module 'src/src/hooks/useDebounceCallback' or its corresponding type declarations.
src/hooks/use-event-callback.tsx(1,15): error TS2307: Cannot find module 'src/src/hooks/useEventCallback' or its corresponding type declarations.
src/hooks/use-event-callback.tsx(2,45): error TS2307: Cannot find module 'src/src/hooks/useEventCallback' or its corresponding type declarations.
src/hooks/use-event-listener.ts(1,15): error TS2307: Cannot find module 'src/src/hooks/useEventListener' or its corresponding type declarations.
src/hooks/use-event-listener.ts(2,45): error TS2307: Cannot find module 'src/src/hooks/useEventListener' or its corresponding type declarations.
src/hooks/use-isomorphic-layout-effect.tsx(1,15): error TS2307: Cannot find module 'src/src/hooks/useIsomorphicLayoutEffect' or its corresponding type declarations.
src/hooks/use-isomorphic-layout-effect.tsx(2,54): error TS2307: Cannot find module 'src/src/hooks/useIsomorphicLayoutEffect' or its corresponding type declarations.
src/hooks/use-unmount.tsx(1,15): error TS2307: Cannot find module 'src/src/hooks/useUnmount' or its corresponding type declarations.
src/hooks/use-unmount.tsx(2,39): error TS2307: Cannot find module 'src/src/hooks/useUnmount' or its corresponding type declarations.
src/hooks/useDebounceCallback.tsx(6,28): error TS2307: Cannot find module 'hooks/use-unmount' or its corresponding type declarations.
src/hooks/useDebounceValue.tsx(3,37): error TS2307: Cannot find module 'hooks/use-debounce-callback' or its corresponding type declarations.
src/hooks/useDebounceValue.tsx(4,37): error TS2307: Cannot find module 'hooks/use-debounce-callback' or its corresponding type declarations.
src/hooks/useEventCallback.tsx(3,43): error TS2307: Cannot find module 'hooks/use-isomorphic-layout-effect' or its corresponding type declarations.
src/hooks/useEventListener.ts(7,43): error TS2307: Cannot find module 'hooks/use-isomorphic-layout-effect' or its corresponding type declarations.
src/hooks/useLocalStorage.ts(7,34): error TS2307: Cannot find module 'hooks/use-event-callback' or its corresponding type declarations.
src/hooks/useLocalStorage.ts(8,34): error TS2307: Cannot find module 'hooks/use-event-listener' or its corresponding type declarations.
src/hooks/useMediaQuery.ts(5,43): error TS2307: Cannot find module 'hooks/use-isomorphic-layout-effect' or its corresponding type declarations.
src/hooks/useOnClickOutside.tsx(3,34): error TS2307: Cannot find module 'hooks/use-event-listener' or its corresponding type declarations.
src/lib/actions/artists.ts(3,23): error TS2307: Cannot find module 'actions/utils' or its corresponding type declarations.
src/lib/actions/artists.ts(5,28): error TS2307: Cannot find module '@/database/mutations' or its corresponding type declarations.
src/lib/actions/artists.ts(6,56): error TS2307: Cannot find module '@/lib/validations' or its corresponding type declarations.
src/lib/actions/artists.ts(8,37): error TS2307: Cannot find module 'types' or its corresponding type declarations.
src/lib/actions/auth.ts(10,32): error TS2307: Cannot find module '@/database/db' or its corresponding type declarations.
src/lib/actions/auth.ts(17,8): error TS2307: Cannot find module '@/lib/email' or its corresponding type declarations.
src/lib/actions/auth.ts(24,8): error TS2307: Cannot find module '@/lib/validations' or its corresponding type declarations.
src/lib/actions/auth.ts(31,8): error TS2307: Cannot find module '@/lib/validations' or its corresponding type declarations.
src/lib/actions/authOptimized.ts(11,32): error TS2307: Cannot find module '@/database/db' or its corresponding type declarations.
src/lib/actions/authOptimized.ts(18,8): error TS2307: Cannot find module '@/lib/email' or its corresponding type declarations.
src/lib/actions/authOptimized.ts(28,8): error TS2307: Cannot find module '@/lib/validations' or its corresponding type declarations.
src/lib/actions/authOptimized.ts(38,8): error TS2307: Cannot find module '@/lib/validations' or its corresponding type declarations.
src/lib/actions/authors.ts(3,23): error TS2307: Cannot find module 'actions/utils' or its corresponding type declarations.
src/lib/actions/authors.ts(5,28): error TS2307: Cannot find module '@/database/mutations' or its corresponding type declarations.
src/lib/actions/authors.ts(6,56): error TS2307: Cannot find module '@/lib/validations' or its corresponding type declarations.
src/lib/actions/authors.ts(8,37): error TS2307: Cannot find module 'types' or its corresponding type declarations.
src/lib/actions/authorsArtists.ts(8,32): error TS2307: Cannot find module '@/database/db' or its corresponding type declarations.
src/lib/actions/authorsArtists.ts(16,8): error TS2307: Cannot find module '@/lib/validations' or its corresponding type declarations.
src/lib/actions/authorsArtists.ts(23,8): error TS2307: Cannot find module '@/lib/validations' or its corresponding type declarations.
src/lib/actions/bookmark.ts(8,8): error TS2307: Cannot find module '@/database/mutations' or its corresponding type declarations.
src/lib/actions/bookmark.ts(9,34): error TS2307: Cannot find module '@/database/queries' or its corresponding type declarations.
src/lib/actions/bookmarksComments.ts(8,32): error TS2307: Cannot find module '@/database/db' or its corresponding type declarations.
src/lib/actions/bookmarksComments.ts(16,8): error TS2307: Cannot find module '@/lib/validations' or its corresponding type declarations.
src/lib/actions/bookmarksComments.ts(23,8): error TS2307: Cannot find module '@/lib/validations' or its corresponding type declarations.
src/lib/actions/chapter.ts(7,8): error TS2307: Cannot find module '@/database/mutations' or its corresponding type declarations.
src/lib/actions/chapter.ts(8,62): error TS2307: Cannot find module '@/database/queries' or its corresponding type declarations.
src/lib/actions/chapter.ts(9,63): error TS2307: Cannot find module '@/lib/validations' or its corresponding type declarations.
src/lib/actions/chapters.ts(8,32): error TS2307: Cannot find module '@/database/db' or its corresponding type declarations.
src/lib/actions/chapters.ts(10,81): error TS2307: Cannot find module '@/lib/validations' or its corresponding type declarations.
src/lib/actions/chapters.ts(11,79): error TS2307: Cannot find module '@/lib/validations' or its corresponding type declarations.
src/lib/actions/comic.ts(8,8): error TS2307: Cannot find module '@/database/mutations' or its corresponding type declarations.
src/lib/actions/comic.ts(9,40): error TS2307: Cannot find module '@/database/queries' or its corresponding type declarations.
src/lib/actions/comic.ts(10,59): error TS2307: Cannot find module '@/lib/validations' or its corresponding type declarations.
src/lib/actions/comic.ts(12,35): error TS2307: Cannot find module 'types' or its corresponding type declarations.
src/lib/actions/comics.ts(8,32): error TS2307: Cannot find module '@/database/db' or its corresponding type declarations.
src/lib/actions/comics.ts(10,75): error TS2307: Cannot find module '@/lib/validations' or its corresponding type declarations.
src/lib/actions/comics.ts(11,73): error TS2307: Cannot find module '@/lib/validations' or its corresponding type declarations.
src/lib/actions/comics.ts(14,28): error TS2307: Cannot find module '@/types/database' or its corresponding type declarations.
src/lib/actions/comments.ts(3,23): error TS2307: Cannot find module 'actions/utils' or its corresponding type declarations.
src/lib/actions/comments.ts(5,28): error TS2307: Cannot find module '@/database/mutations' or its corresponding type declarations.
src/lib/actions/comments.ts(7,37): error TS2307: Cannot find module 'types' or its corresponding type declarations.
src/lib/actions/genres.ts(3,23): error TS2307: Cannot find module 'actions/utils' or its corresponding type declarations.
src/lib/actions/genres.ts(5,28): error TS2307: Cannot find module '@/database/mutations' or its corresponding type declarations.
src/lib/actions/genres.ts(6,54): error TS2307: Cannot find module '@/lib/validations' or its corresponding type declarations.
src/lib/actions/genres.ts(8,37): error TS2307: Cannot find module 'types' or its corresponding type declarations.
src/lib/actions/genresTypes.ts(8,32): error TS2307: Cannot find module '@/database/db' or its corresponding type declarations.
src/lib/actions/genresTypes.ts(16,8): error TS2307: Cannot find module '@/lib/validations' or its corresponding type declarations.
src/lib/actions/genresTypes.ts(23,8): error TS2307: Cannot find module '@/lib/validations' or its corresponding type declarations.
src/lib/actions/types.ts(3,23): error TS2307: Cannot find module 'actions/utils' or its corresponding type declarations.
src/lib/actions/types.ts(5,28): error TS2307: Cannot find module '@/database/mutations' or its corresponding type declarations.
src/lib/actions/types.ts(6,52): error TS2307: Cannot find module '@/lib/validations' or its corresponding type declarations.
src/lib/actions/types.ts(8,37): error TS2307: Cannot find module 'types' or its corresponding type declarations.
src/lib/actions/users.ts(3,23): error TS2307: Cannot find module 'actions/utils' or its corresponding type declarations.
src/lib/actions/users.ts(7,28): error TS2307: Cannot find module '@/database/mutations' or its corresponding type declarations.
src/lib/actions/users.ts(8,26): error TS2307: Cannot find module '@/database/queries' or its corresponding type declarations.
src/lib/actions/users.ts(9,58): error TS2307: Cannot find module '@/lib/nodemailer' or its corresponding type declarations.
src/lib/actions/users.ts(10,30): error TS2307: Cannot find module '@/lib/validations' or its corresponding type declarations.
src/lib/actions/users.ts(12,37): error TS2307: Cannot find module 'types' or its corresponding type declarations.
src/lib/actions/usersManagement.ts(9,32): error TS2307: Cannot find module '@/database/db' or its corresponding type declarations.
src/lib/actions/usersManagement.ts(11,59): error TS2307: Cannot find module '@/lib/email' or its corresponding type declarations.
src/lib/actions/usersManagement.ts(12,72): error TS2307: Cannot find module '@/lib/validations' or its corresponding type declarations.
src/lib/actions/usersManagement.ts(13,70): error TS2307: Cannot find module '@/lib/validations' or its corresponding type declarations.
src/lib/actions/utils.ts(5,37): error TS2307: Cannot find module 'types' or its corresponding type declarations.
src/lib/actions/workflow.ts(3,23): error TS2307: Cannot find module 'actions/utils' or its corresponding type declarations.
src/lib/actions/workflow.ts(6,32): error TS2307: Cannot find module '@/database/db' or its corresponding type declarations.
src/lib/actions/workflow.ts(8,81): error TS2307: Cannot find module '@/lib/nodemailer' or its corresponding type declarations.
src/lib/actions/workflow.ts(9,32): error TS2307: Cannot find module '@/lib/ratelimit' or its corresponding type declarations.
src/lib/actions/workflow.ts(15,8): error TS2307: Cannot find module '@/lib/validations' or its corresponding type declarations.
src/lib/actions/workflow.ts(17,37): error TS2307: Cannot find module 'types' or its corresponding type declarations.
src/lib/auth.ts(4,32): error TS2307: Cannot find module '@/database/db' or its corresponding type declarations.
src/lib/auth.ts(6,29): error TS2307: Cannot find module '@/lib/authConfig' or its corresponding type declarations.
src/lib/authAdapter.ts(5,74): error TS2307: Cannot find module '@/database/schema' or its corresponding type declarations.
src/lib/authConfig.ts(10,32): error TS2307: Cannot find module '@/database/db' or its corresponding type declarations.
src/lib/authConfig.ts(11,32): error TS2307: Cannot find module '@/lib/authAdapter' or its corresponding type declarations.
src/lib/cacheMiddleware.ts(5,34): error TS2307: Cannot find module '@/lib/cache' or its corresponding type declarations.
src/lib/cacheMiddleware.ts(137,39): error TS2345: Argument of type 'unknown' is not assignable to parameter of type 'string'.
src/lib/comicCache.ts(1,28): error TS2307: Cannot find module '@/types/database' or its corresponding type declarations.
src/lib/comicCache.ts(3,35): error TS2307: Cannot find module '@/lib/cache' or its corresponding type declarations.
src/lib/comicCache.ts(4,46): error TS2307: Cannot find module '@/lib/cache' or its corresponding type declarations.
src/lib/email.ts(7,33): error TS2307: Cannot find module 'emails/AccountUpdatedEmail' or its corresponding type declarations.
src/lib/email.ts(8,38): error TS2307: Cannot find module 'emails/CommentNotificationEmail' or its corresponding type declarations.
src/lib/email.ts(9,29): error TS2307: Cannot find module 'emails/NewChapterEmail' or its corresponding type declarations.
src/lib/email.ts(10,32): error TS2307: Cannot find module 'emails/PasswordResetEmail' or its corresponding type declarations.
src/lib/email.ts(11,31): error TS2307: Cannot find module 'emails/VerificationEmail' or its corresponding type declarations.
src/lib/email.ts(12,26): error TS2307: Cannot find module 'emails/WelcomeEmail' or its corresponding type declarations.
src/lib/email.ts(15,39): error TS2307: Cannot find module 'types' or its corresponding type declarations.
src/lib/imagekit.ts(197,11): error TS2571: Object is of type 'unknown'.
src/lib/loggerEnhanced.ts(5,21): error TS2307: Cannot find module '@/lib/env' or its corresponding type declarations.
src/lib/queue.ts(5,38): error TS2307: Cannot find module '@/lib/email' or its corresponding type declarations.
src/lib/queue.ts(6,27): error TS2307: Cannot find module '@/lib/email' or its corresponding type declarations.
src/lib/searchRefactored.ts(5,20): error TS2307: Cannot find module '@/database/db' or its corresponding type declarations.
src/lib/validations/comicForm.ts(2,53): error TS2307: Cannot find module 'src/src/lib/validations/index' or its corresponding type declarations.
src/lib/validations/schemas.ts(2,15): error TS2307: Cannot find module 'src/src/lib/validations/index' or its corresponding type declarations.
src/lib/workflow.ts(8,41): error TS2307: Cannot find module '@/lib/email' or its corresponding type declarations.
src/lib/workflow.ts(9,32): error TS2307: Cannot find module '@/lib/ratelimit' or its corresponding type declarations.
src/services/cacheService.ts(2,35): error TS2307: Cannot find module '@/lib/cache' or its corresponding type declarations.
src/services/imageService.ts(9,37): error TS2307: Cannot find module 'services/upload' or its corresponding type declarations.
src/services/imageService.ts(10,35): error TS2307: Cannot find module 'services/upload' or its corresponding type declarations.
src/services/readingProgressService.ts(3,49): error TS2307: Cannot find module '@/database' or its corresponding type declarations.
src/services/readingProgressService.ts(4,20): error TS2307: Cannot find module '@/database/db' or its corresponding type declarations.
src/services/readingProgressService.ts(6,51): error TS2307: Cannot find module 'services/cacheService' or its corresponding type declarations.
src/services/searchService.ts(5,20): error TS2307: Cannot find module '@/database/db' or its corresponding type declarations.
src/services/upload/factory.ts(7,57): error TS2307: Cannot find module 'services/upload/types' or its corresponding type declarations.
src/services/upload/index.ts(6,35): error TS2307: Cannot find module 'services/upload/factory' or its corresponding type declarations.
src/services/upload/index.ts(42,8): error TS2307: Cannot find module 'services/upload/factory' or its corresponding type declarations.
src/services/upload/index.ts(93,8): error TS2307: Cannot find module 'services/upload/types' or its corresponding type declarations.
src/services/upload/providers/cloudinary.ts(9,66): error TS2307: Cannot find module 'services/upload/index' or its corresponding type declarations.
src/services/upload/providers/local.ts(11,66): error TS2307: Cannot find module 'services/upload/index' or its corresponding type declarations.
src/services/upload/providers/s3.ts(8,66): error TS2307: Cannot find module 'services/upload/index' or its corresponding type declarations.
src/tests/unit/actions/auth.test.ts(6,45): error TS2307: Cannot find module '@/lib/actions/auth' or its corresponding type declarations.
src/tests/unit/actions/auth.test.ts(7,31): error TS2307: Cannot find module '@/lib/ratelimit' or its corresponding type declarations.
src/tests/unit/actions/bookmark.test.ts(6,28): error TS2307: Cannot find module '@/database/mutations' or its corresponding type declarations.
src/tests/unit/actions/bookmark.test.ts(7,26): error TS2307: Cannot find module '@/database/queries' or its corresponding type declarations.
src/tests/unit/actions/bookmark.test.ts(8,75): error TS2307: Cannot find module '@/lib/actions/bookmark' or its corresponding type declarations.
src/tests/unit/actions/chapter.test.ts(5,64): error TS2307: Cannot find module 'actions/chapter' or its corresponding type declarations.
src/tests/unit/actions/chapter.test.ts(7,28): error TS2307: Cannot find module '@/database/mutations' or its corresponding type declarations.
src/tests/unit/actions/chapter.test.ts(8,26): error TS2307: Cannot find module '@/database/queries' or its corresponding type declarations.
src/tests/unit/actions/comic.test.ts(5,80): error TS2307: Cannot find module 'actions/comic' or its corresponding type declarations.
src/tests/unit/actions/comic.test.ts(7,28): error TS2307: Cannot find module '@/database/mutations' or its corresponding type declarations.
src/tests/unit/actions/comic.test.ts(8,26): error TS2307: Cannot find module '@/database/queries' or its corresponding type declarations.
src/tests/unit/actions/comic.test.ts(12,35): error TS2307: Cannot find module 'types' or its corresponding type declarations.
src/tests/unit/actions/comment.test.ts(5,28): error TS2307: Cannot find module '@/database/mutations' or its corresponding type declarations.
src/tests/unit/actions/comment.test.ts(6,61): error TS2307: Cannot find module '@/lib/actions/comments' or its corresponding type declarations.
src/tests/unit/schemas.test.ts(16,8): error TS2307: Cannot find module '@/lib/validations' or its corresponding type declarations.
src/tests/unit/validations.test.ts(14,8): error TS2307: Cannot find module '@/lib/validations' or its corresponding type declarations.
src/types/index.ts(10,15): error TS2307: Cannot find module 'src/src/types/Core' or its corresponding type declarations.
src/types/index.ts(11,15): error TS2307: Cannot find module 'src/src/types/Utility' or its corresponding type declarations.
src/types/index.ts(17,15): error TS2307: Cannot find module 'src/src/types/database' or its corresponding type declarations.
src/types/index.ts(23,15): error TS2307: Cannot find module 'src/src/types/actions' or its corresponding type declarations.
src/types/index.ts(24,15): error TS2307: Cannot find module 'src/src/types/Api' or its corresponding type declarations.
src/types/index.ts(25,15): error TS2307: Cannot find module 'src/src/types/components' or its corresponding type declarations.
src/types/index.ts(26,15): error TS2307: Cannot find module 'src/src/types/forms' or its corresponding type declarations.
ELIFECYCLE Command failed with exit code 2.
